#
# There is insufficient memory for the Java Runtime Environment to continue.
# Native memory allocation (mmap) failed to map 171966464 bytes for Failed to commit area from 0x0000000094200000 to 0x000000009e600000 of length 171966464.
# Possible reasons:
#   The system is out of physical RAM or swap space
#   The process is running with CompressedOops enabled, and the Java Heap may be blocking the growth of the native heap
# Possible solutions:
#   Reduce memory load on the system
#   Increase physical memory or swap space
#   Check if swap backing store is full
#   Decrease Java heap size (-Xmx/-Xms)
#   Decrease number of Java threads
#   Decrease Java thread stack sizes (-Xss)
#   Set larger code cache with -XX:ReservedCodeCacheSize=
#   JVM is running with Unscaled Compressed Oops mode in which the Java heap is
#     placed in the first 4GB address space. The Java Heap base address is the
#     maximum limit for the native heap growth. Please use -XX:HeapBaseMinAddress
#     to set the Java Heap base and to place the Java Heap above 4GB virtual address.
# This output file may be truncated or incomplete.
#
#  Out of Memory Error (./src/hotspot/os/windows/os_windows.cpp:3619), pid=504, tid=2704
#
# JRE version: OpenJDK Runtime Environment (11.0.13) (build 11.0.13+0-b1751.21-8125866)
# Java VM: OpenJDK 64-Bit Server VM (11.0.13+0-b1751.21-8125866, mixed mode, tiered, compressed oops, g1 gc, windows-amd64)
# No core dump will be written. Minidumps are not enabled by default on client versions of Windows
#

---------------  S U M M A R Y ------------

Command Line: --add-opens=java.base/java.util=ALL-UNNAMED --add-opens=java.base/java.lang=ALL-UNNAMED --add-opens=java.base/java.lang.invoke=ALL-UNNAMED --add-opens=java.base/java.util=ALL-UNNAMED --add-opens=java.prefs/java.util.prefs=ALL-UNNAMED --add-opens=java.prefs/java.util.prefs=ALL-UNNAMED --add-opens=java.base/java.nio.charset=ALL-UNNAMED --add-opens=java.base/java.net=ALL-UNNAMED --add-opens=java.base/java.util.concurrent.atomic=ALL-UNNAMED -Xmx2048m -Dfile.encoding=UTF-8 -Duser.country=US -Duser.language=en -Duser.variant org.gradle.launcher.daemon.bootstrap.GradleDaemon 7.2

Host: Intel(R) Core(TM) i5-5300U CPU @ 2.30GHz, 4 cores, 7G,  Windows 11 , 64 bit Build 22621 (10.0.22621.1192)
Time: Mon Jan 23 18:10:12 2023 E. Africa Standard Time elapsed time: 75.616016 seconds (0d 0h 1m 15s)

---------------  T H R E A D  ---------------

Current thread (0x000001caefca9000):  VMThread "VM Thread" [stack: 0x000000c12a500000,0x000000c12a600000] [id=2704]

Stack: [0x000000c12a500000,0x000000c12a600000]
[error occurred during error reporting (printing stack bounds), id 0xc0000005, EXCEPTION_ACCESS_VIOLATION (0xc0000005) at pc=0x000001cad9bc112d]

Native frames: (J=compiled Java code, j=interpreted, Vv=VM code, C=native code)
V  [jvm.dll+0x6100fa]
V  [jvm.dll+0x747090]
V  [jvm.dll+0x7486ad]
V  [jvm.dll+0x748ce5]
V  [jvm.dll+0x748c9b]
V  [jvm.dll+0x60f224]
V  [jvm.dll+0x60f9b8]
C  [ntdll.dll+0xa3eaf]
C  [ntdll.dll+0x1eae6]
C  [ntdll.dll+0xa2e9e]
C  0x000001cad9bc112d

VM_Operation (0x000000c12d3f8d80): G1CollectForAllocation, mode: safepoint, requested by thread 0x000001caf1bf0000


---------------  P R O C E S S  ---------------

Threads class SMR info:
_java_thread_list=0x000001caf7407ed0, length=88, elements={
0x000001cad60aa000, 0x000001caefcad000, 0x000001caefcaf000, 0x000001caf0632800,
0x000001caf0637800, 0x000001caf0639000, 0x000001caf063a000, 0x000001caf063d800,
0x000001caefced000, 0x000001caf0787800, 0x000001caf2063800, 0x000001caf1090000,
0x000001caf20db000, 0x000001caf441b000, 0x000001caf2a1a800, 0x000001caf2f10800,
0x000001caf2f13000, 0x000001caf2f15800, 0x000001caf2f16000, 0x000001caf2f14800,
0x000001caf2f17000, 0x000001caf2f11000, 0x000001caf2f12000, 0x000001caf42c4800,
0x000001caf42c8000, 0x000001caf42c2000, 0x000001caf1bf1000, 0x000001caf1bf4000,
0x000001caf1beb000, 0x000001caf1be7000, 0x000001caf1bed800, 0x000001caf1bec000,
0x000001caf1bed000, 0x000001caf1be8000, 0x000001caf1be9800, 0x000001caf1bee800,
0x000001caf1bea800, 0x000001caf1be9000, 0x000001caf1bf5000, 0x000001caf1bf1800,
0x000001caf1bef800, 0x000001caf1bf2800, 0x000001caf1bf6000, 0x000001caf1bf0000,
0x000001caf42c7000, 0x000001caf42c8800, 0x000001caf42c4000, 0x000001caf42c3000,
0x000001caf42ca800, 0x000001caf42cc000, 0x000001caf42c6000, 0x000001caf42d0000,
0x000001caf42cb000, 0x000001caf42cd800, 0x000001caf42cd000, 0x000001caf42d1000,
0x000001caf42ce800, 0x000001caf42cf000, 0x000001caf60e4000, 0x000001caf60e3800,
0x000001caf60e7800, 0x000001caf60e5000, 0x000001caf60e5800, 0x000001caf60e6800,
0x000001caf60e2800, 0x000001caf2f13800, 0x000001caf1375000, 0x000001caf1374000,
0x000001caf136f800, 0x000001caf1376000, 0x000001caf1373800, 0x000001caf1370000,
0x000001caf1376800, 0x000001caf1371000, 0x000001caf1372800, 0x000001caf1377800,
0x000001caf1372000, 0x000001caf137a000, 0x000001caf137b000, 0x000001caf137b800,
0x000001caf137c800, 0x000001caf137d000, 0x000001caf137e000, 0x000001caf1378800,
0x000001caf1379000, 0x000001caf596a800, 0x000001caf9ebe800, 0x000001caf596b800
}

Java Threads: ( => current thread )
  0x000001cad60aa000 JavaThread "main" [_thread_blocked, id=14296, stack(0x000000c129f00000,0x000000c12a000000)]
  0x000001caefcad000 JavaThread "Reference Handler" daemon [_thread_blocked, id=13192, stack(0x000000c12a600000,0x000000c12a700000)]
  0x000001caefcaf000 JavaThread "Finalizer" daemon [_thread_blocked, id=14988, stack(0x000000c12a700000,0x000000c12a800000)]
  0x000001caf0632800 JavaThread "Signal Dispatcher" daemon [_thread_blocked, id=1292, stack(0x000000c12a800000,0x000000c12a900000)]
  0x000001caf0637800 JavaThread "Attach Listener" daemon [_thread_blocked, id=12240, stack(0x000000c12a900000,0x000000c12aa00000)]
  0x000001caf0639000 JavaThread "Service Thread" daemon [_thread_blocked, id=10100, stack(0x000000c12aa00000,0x000000c12ab00000)]
  0x000001caf063a000 JavaThread "C2 CompilerThread0" daemon [_thread_blocked, id=13088, stack(0x000000c12ab00000,0x000000c12ac00000)]
  0x000001caf063d800 JavaThread "C1 CompilerThread0" daemon [_thread_blocked, id=10632, stack(0x000000c12ac00000,0x000000c12ad00000)]
  0x000001caefced000 JavaThread "Sweeper thread" daemon [_thread_blocked, id=11616, stack(0x000000c12ad00000,0x000000c12ae00000)]
  0x000001caf0787800 JavaThread "Common-Cleaner" daemon [_thread_blocked, id=12532, stack(0x000000c12ae00000,0x000000c12af00000)]
  0x000001caf2063800 JavaThread "Daemon health stats" [_thread_blocked, id=13916, stack(0x000000c12b300000,0x000000c12b400000)]
  0x000001caf1090000 JavaThread "Incoming local TCP Connector on port 64702" [_thread_in_native, id=14764, stack(0x000000c12b000000,0x000000c12b100000)]
  0x000001caf20db000 JavaThread "Daemon periodic checks" [_thread_blocked, id=13032, stack(0x000000c12b400000,0x000000c12b500000)]
  0x000001caf441b000 JavaThread "Daemon" [_thread_blocked, id=2952, stack(0x000000c12b500000,0x000000c12b600000)]
  0x000001caf2a1a800 JavaThread "Daemon worker" [_thread_blocked, id=2328, stack(0x000000c12b800000,0x000000c12b900000)]
  0x000001caf2f10800 JavaThread "Cache worker for journal cache (D:\eigenfaces\FinalVersion\.gradle\caches\journal-1)" [_thread_blocked, id=13896, stack(0x000000c12bd00000,0x000000c12be00000)]
  0x000001caf2f13000 JavaThread "File lock request listener" [_thread_in_native, id=5480, stack(0x000000c12be00000,0x000000c12bf00000)]
  0x000001caf2f15800 JavaThread "Cache worker for file hash cache (D:\eigenfaces\FinalVersion\.gradle\caches\7.2\fileHashes)" [_thread_blocked, id=13564, stack(0x000000c12bf00000,0x000000c12c000000)]
  0x000001caf2f16000 JavaThread "File watcher server" daemon [_thread_blocked, id=6664, stack(0x000000c12c200000,0x000000c12c300000)]
  0x000001caf2f14800 JavaThread "File watcher consumer" daemon [_thread_blocked, id=12060, stack(0x000000c12c300000,0x000000c12c400000)]
  0x000001caf2f17000 JavaThread "jar transforms" [_thread_blocked, id=1668, stack(0x000000c12c400000,0x000000c12c500000)]
  0x000001caf2f11000 JavaThread "jar transforms Thread 2" [_thread_blocked, id=8612, stack(0x000000c12c500000,0x000000c12c600000)]
  0x000001caf2f12000 JavaThread "jar transforms Thread 3" [_thread_blocked, id=10604, stack(0x000000c12c600000,0x000000c12c700000)]
  0x000001caf42c4800 JavaThread "jar transforms Thread 4" [_thread_blocked, id=3528, stack(0x000000c12c700000,0x000000c12c800000)]
  0x000001caf42c8000 JavaThread "Cache worker for execution history cache (D:\eigenfaces\FinalVersion\.gradle\caches\7.2\executionHistory)" [_thread_blocked, id=11880, stack(0x000000c12cb00000,0x000000c12cc00000)]
  0x000001caf42c2000 JavaThread "Cache worker for file content cache (D:\eigenfaces\FinalVersion\.gradle\caches\7.2\fileContent)" [_thread_blocked, id=8464, stack(0x000000c12cc00000,0x000000c12cd00000)]
  0x000001caf1bf1000 JavaThread "Memory manager" [_thread_blocked, id=15204, stack(0x000000c12f700000,0x000000c12f800000)]
  0x000001caf1bf4000 JavaThread "pool-3-thread-1" [_thread_blocked, id=12704, stack(0x000000c12f800000,0x000000c12f900000)]
  0x000001caf1beb000 JavaThread "Handler for socket connection from /127.0.0.1:64702 to /127.0.0.1:64718" [_thread_in_native, id=5128, stack(0x000000c12b600000,0x000000c12b700000)]
  0x000001caf1be7000 JavaThread "Cancel handler" [_thread_blocked, id=14076, stack(0x000000c12b700000,0x000000c12b800000)]
  0x000001caf1bed800 JavaThread "Asynchronous log dispatcher for DefaultDaemonConnection: socket connection from /127.0.0.1:64702 to /127.0.0.1:64718" [_thread_blocked, id=11564, stack(0x000000c12ba00000,0x000000c12bb00000)]
  0x000001caf1bec000 JavaThread "Stdin handler" [_thread_blocked, id=8532, stack(0x000000c12bb00000,0x000000c12bc00000)]
  0x000001caf1bed000 JavaThread "Daemon client event forwarder" [_thread_blocked, id=9420, stack(0x000000c12bc00000,0x000000c12bd00000)]
  0x000001caf1be8000 JavaThread "Cache worker for file hash cache (D:\The-Barbarians\.gradle\7.2\fileHashes)" [_thread_blocked, id=12480, stack(0x000000c12c000000,0x000000c12c100000)]
  0x000001caf1be9800 JavaThread "Cache worker for checksums cache (D:\The-Barbarians\.gradle\checksums)" [_thread_blocked, id=14424, stack(0x000000c12c100000,0x000000c12c200000)]
  0x000001caf1bee800 JavaThread "Cache worker for cache directory md-supplier (D:\eigenfaces\FinalVersion\.gradle\caches\7.2\md-supplier)" [_thread_blocked, id=15336, stack(0x000000c12c800000,0x000000c12c900000)]
  0x000001caf1bea800 JavaThread "Cache worker for cache directory md-rule (D:\eigenfaces\FinalVersion\.gradle\caches\7.2\md-rule)" [_thread_blocked, id=13108, stack(0x000000c12c900000,0x000000c12ca00000)]
  0x000001caf1be9000 JavaThread "Cache worker for dependencies-accessors (D:\The-Barbarians\.gradle\7.2\dependencies-accessors)" [_thread_blocked, id=3796, stack(0x000000c12cd00000,0x000000c12ce00000)]
  0x000001caf1bf5000 JavaThread "Cache worker for Build Output Cleanup Cache (D:\The-Barbarians\.gradle\buildOutputCleanup)" [_thread_blocked, id=9000, stack(0x000000c12ce00000,0x000000c12cf00000)]
  0x000001caf1bf1800 JavaThread "Unconstrained build operations" [_thread_blocked, id=4356, stack(0x000000c12cf00000,0x000000c12d000000)]
  0x000001caf1bef800 JavaThread "Unconstrained build operations Thread 2" [_thread_blocked, id=11116, stack(0x000000c12d000000,0x000000c12d100000)]
  0x000001caf1bf2800 JavaThread "Unconstrained build operations Thread 3" [_thread_blocked, id=11808, stack(0x000000c12d100000,0x000000c12d200000)]
  0x000001caf1bf6000 JavaThread "Unconstrained build operations Thread 4" [_thread_blocked, id=12620, stack(0x000000c12d200000,0x000000c12d300000)]
  0x000001caf1bf0000 JavaThread "Unconstrained build operations Thread 5" [_thread_blocked, id=9640, stack(0x000000c12d300000,0x000000c12d400000)]
  0x000001caf42c7000 JavaThread "Unconstrained build operations Thread 6" [_thread_blocked, id=14552, stack(0x000000c12d400000,0x000000c12d500000)]
  0x000001caf42c8800 JavaThread "Unconstrained build operations Thread 7" [_thread_blocked, id=13652, stack(0x000000c12d500000,0x000000c12d600000)]
  0x000001caf42c4000 JavaThread "Unconstrained build operations Thread 8" [_thread_blocked, id=1064, stack(0x000000c12d600000,0x000000c12d700000)]
  0x000001caf42c3000 JavaThread "Unconstrained build operations Thread 9" [_thread_blocked, id=14012, stack(0x000000c12d700000,0x000000c12d800000)]
  0x000001caf42ca800 JavaThread "Unconstrained build operations Thread 10" [_thread_blocked, id=13684, stack(0x000000c12d800000,0x000000c12d900000)]
  0x000001caf42cc000 JavaThread "Unconstrained build operations Thread 11" [_thread_blocked, id=11312, stack(0x000000c12d900000,0x000000c12da00000)]
  0x000001caf42c6000 JavaThread "Unconstrained build operations Thread 12" [_thread_blocked, id=12700, stack(0x000000c12da00000,0x000000c12db00000)]
  0x000001caf42d0000 JavaThread "Unconstrained build operations Thread 13" [_thread_blocked, id=11904, stack(0x000000c12db00000,0x000000c12dc00000)]
  0x000001caf42cb000 JavaThread "Unconstrained build operations Thread 14" [_thread_blocked, id=13536, stack(0x000000c12dc00000,0x000000c12dd00000)]
  0x000001caf42cd800 JavaThread "Unconstrained build operations Thread 15" [_thread_blocked, id=15264, stack(0x000000c12dd00000,0x000000c12de00000)]
  0x000001caf42cd000 JavaThread "Unconstrained build operations Thread 16" [_thread_blocked, id=12392, stack(0x000000c12de00000,0x000000c12df00000)]
  0x000001caf42d1000 JavaThread "Unconstrained build operations Thread 17" [_thread_blocked, id=10924, stack(0x000000c12df00000,0x000000c12e000000)]
  0x000001caf42ce800 JavaThread "Unconstrained build operations Thread 18" [_thread_blocked, id=6784, stack(0x000000c12e000000,0x000000c12e100000)]
  0x000001caf42cf000 JavaThread "Unconstrained build operations Thread 19" [_thread_blocked, id=5388, stack(0x000000c12e100000,0x000000c12e200000)]
  0x000001caf60e4000 JavaThread "Unconstrained build operations Thread 20" [_thread_blocked, id=11548, stack(0x000000c12e200000,0x000000c12e300000)]
  0x000001caf60e3800 JavaThread "Unconstrained build operations Thread 21" [_thread_blocked, id=2968, stack(0x000000c12e300000,0x000000c12e400000)]
  0x000001caf60e7800 JavaThread "Unconstrained build operations Thread 22" [_thread_blocked, id=9852, stack(0x000000c12e400000,0x000000c12e500000)]
  0x000001caf60e5000 JavaThread "Unconstrained build operations Thread 23" [_thread_blocked, id=14360, stack(0x000000c12e500000,0x000000c12e600000)]
  0x000001caf60e5800 JavaThread "Unconstrained build operations Thread 24" [_thread_blocked, id=12492, stack(0x000000c12e600000,0x000000c12e700000)]
  0x000001caf60e6800 JavaThread "Unconstrained build operations Thread 25" [_thread_blocked, id=14444, stack(0x000000c12e700000,0x000000c12e800000)]
  0x000001caf60e2800 JavaThread "Unconstrained build operations Thread 26" [_thread_blocked, id=8380, stack(0x000000c12e800000,0x000000c12e900000)]
  0x000001caf2f13800 JavaThread "Unconstrained build operations Thread 27" [_thread_blocked, id=6384, stack(0x000000c12e900000,0x000000c12ea00000)]
  0x000001caf1375000 JavaThread "Unconstrained build operations Thread 28" [_thread_blocked, id=10428, stack(0x000000c12ea00000,0x000000c12eb00000)]
  0x000001caf1374000 JavaThread "Unconstrained build operations Thread 29" [_thread_blocked, id=3500, stack(0x000000c12eb00000,0x000000c12ec00000)]
  0x000001caf136f800 JavaThread "Unconstrained build operations Thread 30" [_thread_blocked, id=6736, stack(0x000000c12ec00000,0x000000c12ed00000)]
  0x000001caf1376000 JavaThread "Unconstrained build operations Thread 31" [_thread_blocked, id=9108, stack(0x000000c12ed00000,0x000000c12ee00000)]
  0x000001caf1373800 JavaThread "Unconstrained build operations Thread 32" [_thread_blocked, id=10608, stack(0x000000c12ee00000,0x000000c12ef00000)]
  0x000001caf1370000 JavaThread "Unconstrained build operations Thread 33" [_thread_blocked, id=15152, stack(0x000000c12ef00000,0x000000c12f000000)]
  0x000001caf1376800 JavaThread "Unconstrained build operations Thread 34" [_thread_blocked, id=12308, stack(0x000000c12f000000,0x000000c12f100000)]
  0x000001caf1371000 JavaThread "Unconstrained build operations Thread 35" [_thread_blocked, id=11748, stack(0x000000c12f100000,0x000000c12f200000)]
  0x000001caf1372800 JavaThread "Unconstrained build operations Thread 36" [_thread_blocked, id=11072, stack(0x000000c12f200000,0x000000c12f300000)]
  0x000001caf1377800 JavaThread "Unconstrained build operations Thread 37" [_thread_blocked, id=7412, stack(0x000000c12f300000,0x000000c12f400000)]
  0x000001caf1372000 JavaThread "Unconstrained build operations Thread 38" [_thread_blocked, id=6948, stack(0x000000c12f400000,0x000000c12f500000)]
  0x000001caf137a000 JavaThread "Unconstrained build operations Thread 39" [_thread_blocked, id=13788, stack(0x000000c12f500000,0x000000c12f600000)]
  0x000001caf137b000 JavaThread "Unconstrained build operations Thread 40" [_thread_blocked, id=1328, stack(0x000000c12f600000,0x000000c12f700000)]
  0x000001caf137b800 JavaThread "build event listener" [_thread_blocked, id=9524, stack(0x000000c12f900000,0x000000c12fa00000)]
  0x000001caf137c800 JavaThread "pool-6-thread-1" [_thread_blocked, id=1156, stack(0x000000c12fd00000,0x000000c12fe00000)]
  0x000001caf137d000 JavaThread "build event listener" [_thread_blocked, id=14216, stack(0x000000c12fe00000,0x000000c12ff00000)]
  0x000001caf137e000 JavaThread "Execution worker for ':'" [_thread_blocked, id=3332, stack(0x000000c12ff00000,0x000000c130000000)]
  0x000001caf1378800 JavaThread "Execution worker for ':' Thread 2" [_thread_blocked, id=5144, stack(0x000000c130000000,0x000000c130100000)]
  0x000001caf1379000 JavaThread "Execution worker for ':' Thread 3" [_thread_blocked, id=13748, stack(0x000000c130100000,0x000000c130200000)]
  0x000001caf596a800 JavaThread "Cache worker for execution history cache (D:\The-Barbarians\.gradle\7.2\executionHistory)" [_thread_blocked, id=14112, stack(0x000000c130200000,0x000000c130300000)]
  0x000001caf9ebe800 JavaThread "C2 CompilerThread1" daemon [_thread_blocked, id=5156, stack(0x000000c129c00000,0x000000c129d00000)]
  0x000001caf596b800 JavaThread "WorkerExecutor Queue" [_thread_blocked, id=4300, stack(0x000000c129d00000,0x000000c129e00000)]

Other Threads:
=>0x000001caefca9000 VMThread "VM Thread" [stack: 0x000000c12a500000,0x000000c12a600000] [id=2704]
  0x000001caf07ab800 WatcherThread [stack: 0x000000c12af00000,0x000000c12b000000] [id=4716]
  0x000001cad60c1800 GCTaskThread "GC Thread#0" [stack: 0x000000c12a000000,0x000000c12a100000] [id=11600]
  0x000001caf0fb9000 GCTaskThread "GC Thread#1" [stack: 0x000000c12b100000,0x000000c12b200000] [id=1876]
  0x000001caf1095000 GCTaskThread "GC Thread#2" [stack: 0x000000c12b200000,0x000000c12b300000] [id=11304]
  0x000001caf2799800 GCTaskThread "GC Thread#3" [stack: 0x000000c12b900000,0x000000c12ba00000] [id=15352]
  0x000001cad60f2000 ConcurrentGCThread "G1 Main Marker" [stack: 0x000000c12a100000,0x000000c12a200000] [id=10896]
  0x000001cad60f4000 ConcurrentGCThread "G1 Conc#0" [stack: 0x000000c12a200000,0x000000c12a300000] [id=13596]
  0x000001cad6176800 ConcurrentGCThread "G1 Refine#0" [stack: 0x000000c12a300000,0x000000c12a400000] [id=7776]
  0x000001cad6179000 ConcurrentGCThread "G1 Young RemSet Sampling" [stack: 0x000000c12a400000,0x000000c12a500000] [id=4368]

Threads with active compile tasks:
C2 CompilerThread0  75648 18183       4       com.android.tools.r8.graph.p$$Lambda$1654/0x0000000100fb0440::test (20 bytes)
C2 CompilerThread1  75648 18244       4       com.android.tools.r8.v.b.o::a (95 bytes)

VM state:at safepoint (normal execution)

VM Mutex/Monitor currently owned by a thread:  ([mutex/lock_event])
[0x000001cad60a7a80] Threads_lock - owner thread: 0x000001caefca9000
[0x000001cad60a8530] Heap_lock - owner thread: 0x000001caf1bf0000

Heap address: 0x0000000080000000, size: 2048 MB, Compressed Oops mode: 32-bit
Narrow klass base: 0x0000000000000000, Narrow klass shift: 3
Compressed class space size: 1073741824 Address: 0x0000000100000000

Heap:
 garbage-first heap   total 497664K, used 212267K [0x0000000080000000, 0x0000000100000000)
  region size 1024K, 1 young (1024K), 1 survivors (1024K)
 Metaspace       used 123801K, capacity 127446K, committed 127592K, reserved 1161216K
  class space    used 15471K, capacity 16848K, committed 16896K, reserved 1048576K
Heap Regions: E=young(eden), S=young(survivor), O=old, HS=humongous(starts), HC=humongous(continues), CS=collection set, F=free, A=archive, TAMS=top-at-mark-start (previous, next)
|   0|0x0000000080000000, 0x0000000080100000, 0x0000000080100000|100%|HS|  |TAMS 0x0000000080100000, 0x0000000080000000| Complete 
|   1|0x0000000080100000, 0x0000000080200000, 0x0000000080200000|100%|HC|  |TAMS 0x0000000080200000, 0x0000000080100000| Complete 
|   2|0x0000000080200000, 0x0000000080300000, 0x0000000080300000|100%|HC|  |TAMS 0x0000000080300000, 0x0000000080200000| Complete 
|   3|0x0000000080300000, 0x0000000080400000, 0x0000000080400000|100%| O|  |TAMS 0x0000000080400000, 0x0000000080300000| Complete 
|   4|0x0000000080400000, 0x0000000080500000, 0x0000000080500000|100%| O|  |TAMS 0x0000000080500000, 0x0000000080400000| Untracked 
|   5|0x0000000080500000, 0x0000000080600000, 0x0000000080600000|100%| O|  |TAMS 0x0000000080600000, 0x0000000080500000| Untracked 
|   6|0x0000000080600000, 0x0000000080700000, 0x0000000080700000|100%| O|  |TAMS 0x0000000080700000, 0x0000000080600000| Untracked 
|   7|0x0000000080700000, 0x0000000080800000, 0x0000000080800000|100%| O|  |TAMS 0x0000000080800000, 0x0000000080700000| Untracked 
|   8|0x0000000080800000, 0x0000000080900000, 0x0000000080900000|100%| O|  |TAMS 0x0000000080900000, 0x0000000080800000| Untracked 
|   9|0x0000000080900000, 0x0000000080a00000, 0x0000000080a00000|100%| O|  |TAMS 0x0000000080a00000, 0x0000000080900000| Untracked 
|  10|0x0000000080a00000, 0x0000000080b00000, 0x0000000080b00000|100%| O|  |TAMS 0x0000000080b00000, 0x0000000080a00000| Untracked 
|  11|0x0000000080b00000, 0x0000000080c00000, 0x0000000080c00000|100%| O|  |TAMS 0x0000000080c00000, 0x0000000080b00000| Untracked 
|  12|0x0000000080c00000, 0x0000000080d00000, 0x0000000080d00000|100%| O|  |TAMS 0x0000000080d00000, 0x0000000080c00000| Untracked 
|  13|0x0000000080d00000, 0x0000000080e00000, 0x0000000080e00000|100%| O|  |TAMS 0x0000000080e00000, 0x0000000080d00000| Untracked 
|  14|0x0000000080e00000, 0x0000000080f00000, 0x0000000080f00000|100%|HS|  |TAMS 0x0000000080f00000, 0x0000000080e00000| Complete 
|  15|0x0000000080f00000, 0x0000000081000000, 0x0000000081000000|100%|HC|  |TAMS 0x0000000081000000, 0x0000000080f00000| Complete 
|  16|0x0000000081000000, 0x0000000081100000, 0x0000000081100000|100%|HS|  |TAMS 0x0000000081100000, 0x0000000081000000| Complete 
|  17|0x0000000081100000, 0x0000000081200000, 0x0000000081200000|100%|HC|  |TAMS 0x0000000081200000, 0x0000000081100000| Complete 
|  18|0x0000000081200000, 0x0000000081300000, 0x0000000081300000|100%|HC|  |TAMS 0x0000000081300000, 0x0000000081200000| Complete 
|  19|0x0000000081300000, 0x0000000081400000, 0x0000000081400000|100%|HS|  |TAMS 0x0000000081400000, 0x0000000081300000| Complete 
|  20|0x0000000081400000, 0x0000000081500000, 0x0000000081500000|100%|HC|  |TAMS 0x0000000081500000, 0x0000000081400000| Complete 
|  21|0x0000000081500000, 0x0000000081600000, 0x0000000081600000|100%|HC|  |TAMS 0x0000000081600000, 0x0000000081500000| Complete 
|  22|0x0000000081600000, 0x0000000081700000, 0x0000000081700000|100%|HS|  |TAMS 0x0000000081700000, 0x0000000081600000| Complete 
|  23|0x0000000081700000, 0x0000000081800000, 0x0000000081800000|100%|HC|  |TAMS 0x0000000081800000, 0x0000000081700000| Complete 
|  24|0x0000000081800000, 0x0000000081900000, 0x0000000081900000|100%|HC|  |TAMS 0x0000000081900000, 0x0000000081800000| Complete 
|  25|0x0000000081900000, 0x0000000081a00000, 0x0000000081a00000|100%|HC|  |TAMS 0x0000000081a00000, 0x0000000081900000| Complete 
|  26|0x0000000081a00000, 0x0000000081b00000, 0x0000000081b00000|100%|HS|  |TAMS 0x0000000081b00000, 0x0000000081a00000| Complete 
|  27|0x0000000081b00000, 0x0000000081c00000, 0x0000000081c00000|100%|HC|  |TAMS 0x0000000081c00000, 0x0000000081b00000| Complete 
|  28|0x0000000081c00000, 0x0000000081d00000, 0x0000000081d00000|100%|HC|  |TAMS 0x0000000081d00000, 0x0000000081c00000| Complete 
|  29|0x0000000081d00000, 0x0000000081e00000, 0x0000000081e00000|100%|HC|  |TAMS 0x0000000081e00000, 0x0000000081d00000| Complete 
|  30|0x0000000081e00000, 0x0000000081f00000, 0x0000000081f00000|100%|HC|  |TAMS 0x0000000081f00000, 0x0000000081e00000| Complete 
|  31|0x0000000081f00000, 0x0000000082000000, 0x0000000082000000|100%|HS|  |TAMS 0x0000000082000000, 0x0000000081f00000| Complete 
|  32|0x0000000082000000, 0x0000000082100000, 0x0000000082100000|100%| O|  |TAMS 0x0000000082100000, 0x0000000082000000| Untracked 
|  33|0x0000000082100000, 0x0000000082200000, 0x0000000082200000|100%| O|  |TAMS 0x0000000082200000, 0x0000000082100000| Untracked 
|  34|0x0000000082200000, 0x0000000082300000, 0x0000000082300000|100%| O|  |TAMS 0x0000000082300000, 0x0000000082200000| Complete 
|  35|0x0000000082300000, 0x0000000082400000, 0x0000000082400000|100%| O|  |TAMS 0x0000000082400000, 0x0000000082300000| Complete 
|  36|0x0000000082400000, 0x0000000082500000, 0x0000000082500000|100%| O|  |TAMS 0x0000000082500000, 0x0000000082400000| Untracked 
|  37|0x0000000082500000, 0x0000000082600000, 0x0000000082600000|100%| O|  |TAMS 0x0000000082600000, 0x0000000082500000| Complete 
|  38|0x0000000082600000, 0x0000000082700000, 0x0000000082700000|100%| O|  |TAMS 0x0000000082700000, 0x0000000082600000| Complete 
|  39|0x0000000082700000, 0x0000000082800000, 0x0000000082800000|100%| O|  |TAMS 0x0000000082800000, 0x0000000082700000| Untracked 
|  40|0x0000000082800000, 0x0000000082900000, 0x0000000082900000|100%| O|  |TAMS 0x0000000082900000, 0x0000000082800000| Untracked 
|  41|0x0000000082900000, 0x0000000082a00000, 0x0000000082a00000|100%| O|  |TAMS 0x0000000082a00000, 0x0000000082900000| Untracked 
|  42|0x0000000082a00000, 0x0000000082b00000, 0x0000000082b00000|100%| O|  |TAMS 0x0000000082b00000, 0x0000000082a00000| Complete 
|  43|0x0000000082b00000, 0x0000000082c00000, 0x0000000082c00000|100%| O|  |TAMS 0x0000000082c00000, 0x0000000082b00000| Untracked 
|  44|0x0000000082c00000, 0x0000000082d00000, 0x0000000082d00000|100%|HS|  |TAMS 0x0000000082d00000, 0x0000000082c00000| Complete 
|  45|0x0000000082d00000, 0x0000000082e00000, 0x0000000082e00000|100%|HC|  |TAMS 0x0000000082e00000, 0x0000000082d00000| Complete 
|  46|0x0000000082e00000, 0x0000000082f00000, 0x0000000082f00000|100%|HS|  |TAMS 0x0000000082f00000, 0x0000000082e00000| Complete 
|  47|0x0000000082f00000, 0x0000000083000000, 0x0000000083000000|100%|HC|  |TAMS 0x0000000083000000, 0x0000000082f00000| Complete 
|  48|0x0000000083000000, 0x0000000083100000, 0x0000000083100000|100%|HC|  |TAMS 0x0000000083100000, 0x0000000083000000| Complete 
|  49|0x0000000083100000, 0x0000000083200000, 0x0000000083200000|100%|HS|  |TAMS 0x0000000083200000, 0x0000000083100000| Complete 
|  50|0x0000000083200000, 0x0000000083300000, 0x0000000083300000|100%|HC|  |TAMS 0x0000000083300000, 0x0000000083200000| Complete 
|  51|0x0000000083300000, 0x0000000083400000, 0x0000000083400000|100%|HC|  |TAMS 0x0000000083400000, 0x0000000083300000| Complete 
|  52|0x0000000083400000, 0x0000000083500000, 0x0000000083500000|100%|HC|  |TAMS 0x0000000083500000, 0x0000000083400000| Complete 
|  53|0x0000000083500000, 0x0000000083600000, 0x0000000083600000|100%|HS|  |TAMS 0x0000000083600000, 0x0000000083500000| Complete 
|  54|0x0000000083600000, 0x0000000083700000, 0x0000000083700000|100%|HC|  |TAMS 0x0000000083700000, 0x0000000083600000| Complete 
|  55|0x0000000083700000, 0x0000000083800000, 0x0000000083800000|100%|HC|  |TAMS 0x0000000083800000, 0x0000000083700000| Complete 
|  56|0x0000000083800000, 0x0000000083900000, 0x0000000083900000|100%| O|  |TAMS 0x0000000083900000, 0x0000000083800000| Untracked 
|  57|0x0000000083900000, 0x0000000083a00000, 0x0000000083a00000|100%| O|  |TAMS 0x0000000083a00000, 0x0000000083900000| Untracked 
|  58|0x0000000083a00000, 0x0000000083b00000, 0x0000000083b00000|100%| O|  |TAMS 0x0000000083b00000, 0x0000000083a00000| Untracked 
|  59|0x0000000083b00000, 0x0000000083c00000, 0x0000000083c00000|100%| O|  |TAMS 0x0000000083c00000, 0x0000000083b00000| Untracked 
|  60|0x0000000083c00000, 0x0000000083d00000, 0x0000000083d00000|100%| O|  |TAMS 0x0000000083d00000, 0x0000000083c00000| Complete 
|  61|0x0000000083d00000, 0x0000000083e00000, 0x0000000083e00000|100%|HS|  |TAMS 0x0000000083e00000, 0x0000000083d00000| Complete 
|  62|0x0000000083e00000, 0x0000000083f00000, 0x0000000083f00000|100%|HS|  |TAMS 0x0000000083f00000, 0x0000000083e00000| Complete 
|  63|0x0000000083f00000, 0x0000000084000000, 0x0000000084000000|100%|HC|  |TAMS 0x0000000084000000, 0x0000000083f00000| Complete 
|  64|0x0000000084000000, 0x0000000084100000, 0x0000000084100000|100%|HC|  |TAMS 0x0000000084100000, 0x0000000084000000| Complete 
|  65|0x0000000084100000, 0x0000000084200000, 0x0000000084200000|100%|HC|  |TAMS 0x0000000084200000, 0x0000000084100000| Complete 
|  66|0x0000000084200000, 0x0000000084300000, 0x0000000084300000|100%|HC|  |TAMS 0x0000000084300000, 0x0000000084200000| Complete 
|  67|0x0000000084300000, 0x0000000084400000, 0x0000000084400000|100%| O|  |TAMS 0x0000000084400000, 0x0000000084300000| Untracked 
|  68|0x0000000084400000, 0x0000000084500000, 0x0000000084500000|100%| O|  |TAMS 0x0000000084500000, 0x0000000084400000| Untracked 
|  69|0x0000000084500000, 0x0000000084600000, 0x0000000084600000|100%| O|  |TAMS 0x0000000084600000, 0x0000000084500000| Untracked 
|  70|0x0000000084600000, 0x0000000084700000, 0x0000000084700000|100%| O|  |TAMS 0x0000000084700000, 0x0000000084600000| Complete 
|  71|0x0000000084700000, 0x0000000084800000, 0x0000000084800000|100%|HS|  |TAMS 0x0000000084800000, 0x0000000084700000| Complete 
|  72|0x0000000084800000, 0x0000000084900000, 0x0000000084900000|100%|HC|  |TAMS 0x0000000084900000, 0x0000000084800000| Complete 
|  73|0x0000000084900000, 0x0000000084a00000, 0x0000000084a00000|100%| O|  |TAMS 0x0000000084a00000, 0x0000000084900000| Untracked 
|  74|0x0000000084a00000, 0x0000000084b00000, 0x0000000084b00000|100%| O|  |TAMS 0x0000000084b00000, 0x0000000084a00000| Untracked 
|  75|0x0000000084b00000, 0x0000000084c00000, 0x0000000084c00000|100%| O|  |TAMS 0x0000000084c00000, 0x0000000084b00000| Complete 
|  76|0x0000000084c00000, 0x0000000084d00000, 0x0000000084d00000|100%| O|  |TAMS 0x0000000084d00000, 0x0000000084c00000| Complete 
|  77|0x0000000084d00000, 0x0000000084e00000, 0x0000000084e00000|100%| O|  |TAMS 0x0000000084e00000, 0x0000000084d00000| Untracked 
|  78|0x0000000084e00000, 0x0000000084f00000, 0x0000000084f00000|100%| O|  |TAMS 0x0000000084f00000, 0x0000000084e00000| Untracked 
|  79|0x0000000084f00000, 0x0000000085000000, 0x0000000085000000|100%| O|  |TAMS 0x0000000085000000, 0x0000000084f00000| Untracked 
|  80|0x0000000085000000, 0x0000000085100000, 0x0000000085100000|100%| O|  |TAMS 0x0000000085100000, 0x0000000085000000| Complete 
|  81|0x0000000085100000, 0x0000000085200000, 0x0000000085200000|100%| O|  |TAMS 0x0000000085200000, 0x0000000085100000| Untracked 
|  82|0x0000000085200000, 0x0000000085300000, 0x0000000085300000|100%| O|  |TAMS 0x0000000085300000, 0x0000000085200000| Untracked 
|  83|0x0000000085300000, 0x0000000085400000, 0x0000000085400000|100%| O|  |TAMS 0x0000000085400000, 0x0000000085300000| Untracked 
|  84|0x0000000085400000, 0x0000000085500000, 0x0000000085500000|100%| O|  |TAMS 0x0000000085500000, 0x0000000085400000| Untracked 
|  85|0x0000000085500000, 0x0000000085600000, 0x0000000085600000|100%| O|  |TAMS 0x0000000085600000, 0x0000000085500000| Complete 
|  86|0x0000000085600000, 0x0000000085700000, 0x0000000085700000|100%| O|  |TAMS 0x0000000085700000, 0x0000000085600000| Complete 
|  87|0x0000000085700000, 0x0000000085800000, 0x0000000085800000|100%| O|  |TAMS 0x0000000085800000, 0x0000000085700000| Complete 
|  88|0x0000000085800000, 0x0000000085900000, 0x0000000085900000|100%| O|  |TAMS 0x0000000085900000, 0x0000000085800000| Untracked 
|  89|0x0000000085900000, 0x0000000085a00000, 0x0000000085a00000|100%| O|  |TAMS 0x0000000085a00000, 0x0000000085900000| Complete 
|  90|0x0000000085a00000, 0x0000000085b00000, 0x0000000085b00000|100%| O|  |TAMS 0x0000000085b00000, 0x0000000085a00000| Untracked 
|  91|0x0000000085b00000, 0x0000000085c00000, 0x0000000085c00000|100%| O|  |TAMS 0x0000000085c00000, 0x0000000085b00000| Complete 
|  92|0x0000000085c00000, 0x0000000085d00000, 0x0000000085d00000|100%| O|  |TAMS 0x0000000085d00000, 0x0000000085c00000| Untracked 
|  93|0x0000000085d00000, 0x0000000085e00000, 0x0000000085e00000|100%| O|  |TAMS 0x0000000085e00000, 0x0000000085d00000| Untracked 
|  94|0x0000000085e00000, 0x0000000085f00000, 0x0000000085f00000|100%| O|  |TAMS 0x0000000085f00000, 0x0000000085e00000| Untracked 
|  95|0x0000000085f00000, 0x0000000086000000, 0x0000000086000000|100%| O|  |TAMS 0x0000000086000000, 0x0000000085f00000| Complete 
|  96|0x0000000086000000, 0x0000000086100000, 0x0000000086100000|100%| O|  |TAMS 0x0000000086100000, 0x0000000086000000| Complete 
|  97|0x0000000086100000, 0x0000000086200000, 0x0000000086200000|100%| O|  |TAMS 0x0000000086200000, 0x0000000086100000| Complete 
|  98|0x0000000086200000, 0x0000000086300000, 0x0000000086300000|100%| O|  |TAMS 0x0000000086300000, 0x0000000086200000| Untracked 
|  99|0x0000000086300000, 0x0000000086400000, 0x0000000086400000|100%| O|  |TAMS 0x0000000086400000, 0x0000000086300000| Complete 
| 100|0x0000000086400000, 0x0000000086500000, 0x0000000086500000|100%|HS|  |TAMS 0x0000000086500000, 0x0000000086400000| Complete 
| 101|0x0000000086500000, 0x0000000086600000, 0x0000000086600000|100%|HC|  |TAMS 0x0000000086600000, 0x0000000086500000| Complete 
| 102|0x0000000086600000, 0x0000000086700000, 0x0000000086700000|100%|HS|  |TAMS 0x0000000086700000, 0x0000000086600000| Complete 
| 103|0x0000000086700000, 0x0000000086800000, 0x0000000086800000|100%|HC|  |TAMS 0x0000000086800000, 0x0000000086700000| Complete 
| 104|0x0000000086800000, 0x0000000086900000, 0x0000000086900000|100%|HC|  |TAMS 0x0000000086900000, 0x0000000086800000| Complete 
| 105|0x0000000086900000, 0x0000000086a00000, 0x0000000086a00000|100%|HS|  |TAMS 0x0000000086a00000, 0x0000000086900000| Complete 
| 106|0x0000000086a00000, 0x0000000086b00000, 0x0000000086b00000|100%|HC|  |TAMS 0x0000000086b00000, 0x0000000086a00000| Complete 
| 107|0x0000000086b00000, 0x0000000086c00000, 0x0000000086c00000|100%|HC|  |TAMS 0x0000000086c00000, 0x0000000086b00000| Complete 
| 108|0x0000000086c00000, 0x0000000086d00000, 0x0000000086d00000|100%|HS|  |TAMS 0x0000000086d00000, 0x0000000086c00000| Complete 
| 109|0x0000000086d00000, 0x0000000086e00000, 0x0000000086e00000|100%|HC|  |TAMS 0x0000000086e00000, 0x0000000086d00000| Complete 
| 110|0x0000000086e00000, 0x0000000086f00000, 0x0000000086f00000|100%|HC|  |TAMS 0x0000000086f00000, 0x0000000086e00000| Complete 
| 111|0x0000000086f00000, 0x0000000087000000, 0x0000000087000000|100%|HC|  |TAMS 0x0000000087000000, 0x0000000086f00000| Complete 
| 112|0x0000000087000000, 0x0000000087100000, 0x0000000087100000|100%|HS|  |TAMS 0x0000000087100000, 0x0000000087000000| Complete 
| 113|0x0000000087100000, 0x0000000087200000, 0x0000000087200000|100%|HC|  |TAMS 0x0000000087200000, 0x0000000087100000| Complete 
| 114|0x0000000087200000, 0x0000000087300000, 0x0000000087300000|100%|HC|  |TAMS 0x0000000087300000, 0x0000000087200000| Complete 
| 115|0x0000000087300000, 0x0000000087400000, 0x0000000087400000|100%|HC|  |TAMS 0x0000000087400000, 0x0000000087300000| Complete 
| 116|0x0000000087400000, 0x0000000087500000, 0x0000000087500000|100%|HC|  |TAMS 0x0000000087500000, 0x0000000087400000| Complete 
| 117|0x0000000087500000, 0x0000000087600000, 0x0000000087600000|100%|HS|  |TAMS 0x0000000087600000, 0x0000000087500000| Complete 
| 118|0x0000000087600000, 0x0000000087700000, 0x0000000087700000|100%| O|  |TAMS 0x0000000087700000, 0x0000000087600000| Untracked 
| 119|0x0000000087700000, 0x0000000087800000, 0x0000000087800000|100%| O|  |TAMS 0x0000000087800000, 0x0000000087700000| Untracked 
| 120|0x0000000087800000, 0x0000000087900000, 0x0000000087900000|100%| O|  |TAMS 0x0000000087900000, 0x0000000087800000| Complete 
| 121|0x0000000087900000, 0x0000000087a00000, 0x0000000087a00000|100%| O|  |TAMS 0x0000000087a00000, 0x0000000087900000| Complete 
| 122|0x0000000087a00000, 0x0000000087b00000, 0x0000000087b00000|100%| O|  |TAMS 0x0000000087b00000, 0x0000000087a00000| Complete 
| 123|0x0000000087b00000, 0x0000000087c00000, 0x0000000087c00000|100%| O|  |TAMS 0x0000000087c00000, 0x0000000087b00000| Complete 
| 124|0x0000000087c00000, 0x0000000087d00000, 0x0000000087d00000|100%| O|  |TAMS 0x0000000087d00000, 0x0000000087c00000| Complete 
| 125|0x0000000087d00000, 0x0000000087e00000, 0x0000000087e00000|100%| O|  |TAMS 0x0000000087e00000, 0x0000000087d00000| Untracked 
| 126|0x0000000087e00000, 0x0000000087f00000, 0x0000000087f00000|100%| O|  |TAMS 0x0000000087f00000, 0x0000000087e00000| Untracked 
| 127|0x0000000087f00000, 0x0000000088000000, 0x0000000088000000|100%| O|  |TAMS 0x0000000088000000, 0x0000000087f00000| Complete 
| 128|0x0000000088000000, 0x0000000088100000, 0x0000000088100000|100%| O|  |TAMS 0x0000000088100000, 0x0000000088000000| Complete 
| 129|0x0000000088100000, 0x0000000088200000, 0x0000000088200000|100%| O|  |TAMS 0x0000000088200000, 0x0000000088100000| Complete 
| 130|0x0000000088200000, 0x0000000088300000, 0x0000000088300000|100%| O|  |TAMS 0x0000000088300000, 0x0000000088200000| Complete 
| 131|0x0000000088300000, 0x0000000088400000, 0x0000000088400000|100%| O|  |TAMS 0x0000000088400000, 0x0000000088300000| Untracked 
| 132|0x0000000088400000, 0x0000000088500000, 0x0000000088500000|100%| O|  |TAMS 0x0000000088500000, 0x0000000088400000| Untracked 
| 133|0x0000000088500000, 0x0000000088600000, 0x0000000088600000|100%| O|  |TAMS 0x0000000088600000, 0x0000000088500000| Untracked 
| 134|0x0000000088600000, 0x0000000088700000, 0x0000000088700000|100%| O|  |TAMS 0x0000000088700000, 0x0000000088600000| Complete 
| 135|0x0000000088700000, 0x0000000088800000, 0x0000000088800000|100%| O|  |TAMS 0x0000000088800000, 0x0000000088700000| Untracked 
| 136|0x0000000088800000, 0x0000000088900000, 0x0000000088900000|100%| O|  |TAMS 0x0000000088900000, 0x0000000088800000| Complete 
| 137|0x0000000088900000, 0x0000000088a00000, 0x0000000088a00000|100%| O|  |TAMS 0x0000000088a00000, 0x0000000088900000| Complete 
| 138|0x0000000088a00000, 0x0000000088b00000, 0x0000000088b00000|100%| O|  |TAMS 0x0000000088b00000, 0x0000000088a00000| Complete 
| 139|0x0000000088b00000, 0x0000000088c00000, 0x0000000088c00000|100%| O|  |TAMS 0x0000000088c00000, 0x0000000088b00000| Complete 
| 140|0x0000000088c00000, 0x0000000088d00000, 0x0000000088d00000|100%| O|  |TAMS 0x0000000088d00000, 0x0000000088c00000| Untracked 
| 141|0x0000000088d00000, 0x0000000088e00000, 0x0000000088e00000|100%| O|  |TAMS 0x0000000088e00000, 0x0000000088d00000| Complete 
| 142|0x0000000088e00000, 0x0000000088f00000, 0x0000000088f00000|100%| O|  |TAMS 0x0000000088f00000, 0x0000000088e00000| Untracked 
| 143|0x0000000088f00000, 0x0000000089000000, 0x0000000089000000|100%| O|  |TAMS 0x0000000089000000, 0x0000000088f00000| Complete 
| 144|0x0000000089000000, 0x0000000089000000, 0x0000000089100000|  0%| F|  |TAMS 0x0000000089000000, 0x0000000089000000| Untracked 
| 145|0x0000000089100000, 0x0000000089200000, 0x0000000089200000|100%| O|  |TAMS 0x0000000089200000, 0x0000000089100000| Complete 
| 146|0x0000000089200000, 0x0000000089300000, 0x0000000089300000|100%| O|  |TAMS 0x0000000089300000, 0x0000000089200000| Complete 
| 147|0x0000000089300000, 0x0000000089400000, 0x0000000089400000|100%| O|  |TAMS 0x0000000089400000, 0x0000000089300000| Untracked 
| 148|0x0000000089400000, 0x0000000089500000, 0x0000000089500000|100%| O|  |TAMS 0x0000000089500000, 0x0000000089400000| Untracked 
| 149|0x0000000089500000, 0x0000000089600000, 0x0000000089600000|100%| O|  |TAMS 0x0000000089600000, 0x0000000089500000| Untracked 
| 150|0x0000000089600000, 0x0000000089700000, 0x0000000089700000|100%| O|  |TAMS 0x0000000089700000, 0x0000000089600000| Untracked 
| 151|0x0000000089700000, 0x0000000089800000, 0x0000000089800000|100%| O|  |TAMS 0x0000000089800000, 0x0000000089700000| Untracked 
| 152|0x0000000089800000, 0x0000000089900000, 0x0000000089900000|100%| O|  |TAMS 0x0000000089900000, 0x0000000089800000| Untracked 
| 153|0x0000000089900000, 0x0000000089a00000, 0x0000000089a00000|100%| O|  |TAMS 0x0000000089a00000, 0x0000000089900000| Untracked 
| 154|0x0000000089a00000, 0x0000000089b00000, 0x0000000089b00000|100%| O|  |TAMS 0x0000000089b00000, 0x0000000089a00000| Complete 
| 155|0x0000000089b00000, 0x0000000089c00000, 0x0000000089c00000|100%| O|  |TAMS 0x0000000089c00000, 0x0000000089b00000| Untracked 
| 156|0x0000000089c00000, 0x0000000089d00000, 0x0000000089d00000|100%| O|  |TAMS 0x0000000089d00000, 0x0000000089c00000| Untracked 
| 157|0x0000000089d00000, 0x0000000089e00000, 0x0000000089e00000|100%| O|  |TAMS 0x0000000089e00000, 0x0000000089d00000| Complete 
| 158|0x0000000089e00000, 0x0000000089f00000, 0x0000000089f00000|100%| O|  |TAMS 0x0000000089f00000, 0x0000000089e00000| Untracked 
| 159|0x0000000089f00000, 0x000000008a000000, 0x000000008a000000|100%| O|  |TAMS 0x000000008a000000, 0x0000000089f00000| Untracked 
| 160|0x000000008a000000, 0x000000008a100000, 0x000000008a100000|100%| O|  |TAMS 0x000000008a100000, 0x000000008a000000| Untracked 
| 161|0x000000008a100000, 0x000000008a200000, 0x000000008a200000|100%| O|  |TAMS 0x000000008a200000, 0x000000008a100000| Untracked 
| 162|0x000000008a200000, 0x000000008a300000, 0x000000008a300000|100%| O|  |TAMS 0x000000008a300000, 0x000000008a200000| Untracked 
| 163|0x000000008a300000, 0x000000008a400000, 0x000000008a400000|100%| O|  |TAMS 0x000000008a400000, 0x000000008a300000| Complete 
| 164|0x000000008a400000, 0x000000008a500000, 0x000000008a500000|100%| O|  |TAMS 0x000000008a500000, 0x000000008a400000| Complete 
| 165|0x000000008a500000, 0x000000008a600000, 0x000000008a600000|100%| O|  |TAMS 0x000000008a600000, 0x000000008a500000| Complete 
| 166|0x000000008a600000, 0x000000008a700000, 0x000000008a700000|100%| O|  |TAMS 0x000000008a700000, 0x000000008a600000| Untracked 
| 167|0x000000008a700000, 0x000000008a800000, 0x000000008a800000|100%| O|  |TAMS 0x000000008a800000, 0x000000008a700000| Untracked 
| 168|0x000000008a800000, 0x000000008a900000, 0x000000008a900000|100%| O|  |TAMS 0x000000008a900000, 0x000000008a800000| Untracked 
| 169|0x000000008a900000, 0x000000008aa00000, 0x000000008aa00000|100%| O|  |TAMS 0x000000008aa00000, 0x000000008a900000| Complete 
| 170|0x000000008aa00000, 0x000000008ab00000, 0x000000008ab00000|100%| O|  |TAMS 0x000000008ab00000, 0x000000008aa00000| Complete 
| 171|0x000000008ab00000, 0x000000008ac00000, 0x000000008ac00000|100%| O|  |TAMS 0x000000008ac00000, 0x000000008ab00000| Complete 
| 172|0x000000008ac00000, 0x000000008ac00000, 0x000000008ad00000|  0%| F|  |TAMS 0x000000008ac00000, 0x000000008ac00000| Untracked 
| 173|0x000000008ad00000, 0x000000008ae00000, 0x000000008ae00000|100%| O|  |TAMS 0x000000008ae00000, 0x000000008ad00000| Untracked 
| 174|0x000000008ae00000, 0x000000008af00000, 0x000000008af00000|100%| O|  |TAMS 0x000000008af00000, 0x000000008ae00000| Untracked 
| 175|0x000000008af00000, 0x000000008b000000, 0x000000008b000000|100%| O|  |TAMS 0x000000008b000000, 0x000000008af00000| Complete 
| 176|0x000000008b000000, 0x000000008b100000, 0x000000008b100000|100%| O|  |TAMS 0x000000008b100000, 0x000000008b000000| Untracked 
| 177|0x000000008b100000, 0x000000008b200000, 0x000000008b200000|100%| O|  |TAMS 0x000000008b200000, 0x000000008b100000| Untracked 
| 178|0x000000008b200000, 0x000000008b300000, 0x000000008b300000|100%| O|  |TAMS 0x000000008b300000, 0x000000008b200000| Complete 
| 179|0x000000008b300000, 0x000000008b400000, 0x000000008b400000|100%| O|  |TAMS 0x000000008b400000, 0x000000008b300000| Complete 
| 180|0x000000008b400000, 0x000000008b500000, 0x000000008b500000|100%| O|  |TAMS 0x000000008b500000, 0x000000008b400000| Untracked 
| 181|0x000000008b500000, 0x000000008b600000, 0x000000008b600000|100%| O|  |TAMS 0x000000008b600000, 0x000000008b500000| Untracked 
| 182|0x000000008b600000, 0x000000008b700000, 0x000000008b700000|100%| O|  |TAMS 0x000000008b700000, 0x000000008b600000| Untracked 
| 183|0x000000008b700000, 0x000000008b800000, 0x000000008b800000|100%| O|  |TAMS 0x000000008b800000, 0x000000008b700000| Untracked 
| 184|0x000000008b800000, 0x000000008b900000, 0x000000008b900000|100%| O|  |TAMS 0x000000008b900000, 0x000000008b800000| Untracked 
| 185|0x000000008b900000, 0x000000008ba00000, 0x000000008ba00000|100%| O|  |TAMS 0x000000008ba00000, 0x000000008b900000| Untracked 
| 186|0x000000008ba00000, 0x000000008bb00000, 0x000000008bb00000|100%| O|  |TAMS 0x000000008bb00000, 0x000000008ba00000| Untracked 
| 187|0x000000008bb00000, 0x000000008bc00000, 0x000000008bc00000|100%| O|  |TAMS 0x000000008bc00000, 0x000000008bb00000| Untracked 
| 188|0x000000008bc00000, 0x000000008bd00000, 0x000000008bd00000|100%| O|  |TAMS 0x000000008bd00000, 0x000000008bc00000| Untracked 
| 189|0x000000008bd00000, 0x000000008be00000, 0x000000008be00000|100%| O|  |TAMS 0x000000008be00000, 0x000000008bd00000| Untracked 
| 190|0x000000008be00000, 0x000000008bf00000, 0x000000008bf00000|100%| O|  |TAMS 0x000000008bf00000, 0x000000008be00000| Complete 
| 191|0x000000008bf00000, 0x000000008c000000, 0x000000008c000000|100%| O|  |TAMS 0x000000008c000000, 0x000000008bf00000| Untracked 
| 192|0x000000008c000000, 0x000000008c100000, 0x000000008c100000|100%| O|  |TAMS 0x000000008c100000, 0x000000008c000000| Untracked 
| 193|0x000000008c100000, 0x000000008c200000, 0x000000008c200000|100%| O|  |TAMS 0x000000008c200000, 0x000000008c100000| Complete 
| 194|0x000000008c200000, 0x000000008c300000, 0x000000008c300000|100%| O|  |TAMS 0x000000008c300000, 0x000000008c200000| Complete 
| 195|0x000000008c300000, 0x000000008c400000, 0x000000008c400000|100%| O|  |TAMS 0x000000008c400000, 0x000000008c300000| Untracked 
| 196|0x000000008c400000, 0x000000008c500000, 0x000000008c500000|100%| O|  |TAMS 0x000000008c46de00, 0x000000008c400000| Untracked 
| 197|0x000000008c500000, 0x000000008c600000, 0x000000008c600000|100%| O|  |TAMS 0x000000008c500000, 0x000000008c500000| Untracked 
| 198|0x000000008c600000, 0x000000008c700000, 0x000000008c700000|100%| O|  |TAMS 0x000000008c600000, 0x000000008c600000| Untracked 
| 199|0x000000008c700000, 0x000000008c800000, 0x000000008c800000|100%| O|  |TAMS 0x000000008c700000, 0x000000008c700000| Untracked 
| 200|0x000000008c800000, 0x000000008c900000, 0x000000008c900000|100%| O|  |TAMS 0x000000008c800000, 0x000000008c800000| Untracked 
| 201|0x000000008c900000, 0x000000008ca00000, 0x000000008ca00000|100%| O|  |TAMS 0x000000008c900000, 0x000000008c900000| Untracked 
| 202|0x000000008ca00000, 0x000000008cb00000, 0x000000008cb00000|100%| O|  |TAMS 0x000000008ca00000, 0x000000008ca00000| Untracked 
| 203|0x000000008cb00000, 0x000000008cc00000, 0x000000008cc00000|100%| O|  |TAMS 0x000000008cb00000, 0x000000008cb00000| Untracked 
| 204|0x000000008cc00000, 0x000000008cd00000, 0x000000008cd00000|100%| O|  |TAMS 0x000000008cc00000, 0x000000008cc00000| Untracked 
| 205|0x000000008cd00000, 0x000000008ce00000, 0x000000008ce00000|100%| O|  |TAMS 0x000000008cd00000, 0x000000008cd00000| Untracked 
| 206|0x000000008ce00000, 0x000000008cf00000, 0x000000008cf00000|100%| O|  |TAMS 0x000000008ce00000, 0x000000008ce00000| Untracked 
| 207|0x000000008cf00000, 0x000000008d000000, 0x000000008d000000|100%| O|  |TAMS 0x000000008cf00000, 0x000000008cf00000| Untracked 
| 208|0x000000008d000000, 0x000000008d04ae00, 0x000000008d100000| 29%| O|  |TAMS 0x000000008d000000, 0x000000008d000000| Untracked 
| 209|0x000000008d100000, 0x000000008d100000, 0x000000008d200000|  0%| F|  |TAMS 0x000000008d100000, 0x000000008d100000| Untracked 
| 210|0x000000008d200000, 0x000000008d200000, 0x000000008d300000|  0%| F|  |TAMS 0x000000008d200000, 0x000000008d200000| Untracked 
| 211|0x000000008d300000, 0x000000008d300000, 0x000000008d400000|  0%| F|  |TAMS 0x000000008d300000, 0x000000008d300000| Untracked 
| 212|0x000000008d400000, 0x000000008d400000, 0x000000008d500000|  0%| F|  |TAMS 0x000000008d400000, 0x000000008d400000| Untracked 
| 213|0x000000008d500000, 0x000000008d500000, 0x000000008d600000|  0%| F|  |TAMS 0x000000008d500000, 0x000000008d500000| Untracked 
| 214|0x000000008d600000, 0x000000008d600000, 0x000000008d700000|  0%| F|  |TAMS 0x000000008d600000, 0x000000008d600000| Untracked 
| 215|0x000000008d700000, 0x000000008d700000, 0x000000008d800000|  0%| F|  |TAMS 0x000000008d700000, 0x000000008d700000| Untracked 
| 216|0x000000008d800000, 0x000000008d800000, 0x000000008d900000|  0%| F|  |TAMS 0x000000008d800000, 0x000000008d800000| Untracked 
| 217|0x000000008d900000, 0x000000008d900000, 0x000000008da00000|  0%| F|  |TAMS 0x000000008d900000, 0x000000008d900000| Untracked 
| 218|0x000000008da00000, 0x000000008da00000, 0x000000008db00000|  0%| F|  |TAMS 0x000000008da00000, 0x000000008da00000| Untracked 
| 219|0x000000008db00000, 0x000000008db00000, 0x000000008dc00000|  0%| F|  |TAMS 0x000000008db00000, 0x000000008db00000| Untracked 
| 220|0x000000008dc00000, 0x000000008dc00000, 0x000000008dd00000|  0%| F|  |TAMS 0x000000008dc00000, 0x000000008dc00000| Untracked 
| 221|0x000000008dd00000, 0x000000008dd00000, 0x000000008de00000|  0%| F|  |TAMS 0x000000008dd00000, 0x000000008dd00000| Untracked 
| 222|0x000000008de00000, 0x000000008de00000, 0x000000008df00000|  0%| F|  |TAMS 0x000000008de00000, 0x000000008de00000| Untracked 
| 223|0x000000008df00000, 0x000000008df00000, 0x000000008e000000|  0%| F|  |TAMS 0x000000008df00000, 0x000000008df00000| Untracked 
| 224|0x000000008e000000, 0x000000008e000000, 0x000000008e100000|  0%| F|  |TAMS 0x000000008e000000, 0x000000008e000000| Untracked 
| 225|0x000000008e100000, 0x000000008e100000, 0x000000008e200000|  0%| F|  |TAMS 0x000000008e100000, 0x000000008e100000| Untracked 
| 226|0x000000008e200000, 0x000000008e200000, 0x000000008e300000|  0%| F|  |TAMS 0x000000008e200000, 0x000000008e200000| Untracked 
| 227|0x000000008e300000, 0x000000008e300000, 0x000000008e400000|  0%| F|  |TAMS 0x000000008e300000, 0x000000008e300000| Untracked 
| 228|0x000000008e400000, 0x000000008e400000, 0x000000008e500000|  0%| F|  |TAMS 0x000000008e400000, 0x000000008e400000| Untracked 
| 229|0x000000008e500000, 0x000000008e500000, 0x000000008e600000|  0%| F|  |TAMS 0x000000008e500000, 0x000000008e500000| Untracked 
| 230|0x000000008e600000, 0x000000008e600000, 0x000000008e700000|  0%| F|  |TAMS 0x000000008e600000, 0x000000008e600000| Untracked 
| 231|0x000000008e700000, 0x000000008e700000, 0x000000008e800000|  0%| F|  |TAMS 0x000000008e700000, 0x000000008e700000| Untracked 
| 232|0x000000008e800000, 0x000000008e800000, 0x000000008e900000|  0%| F|  |TAMS 0x000000008e800000, 0x000000008e800000| Untracked 
| 233|0x000000008e900000, 0x000000008e900000, 0x000000008ea00000|  0%| F|  |TAMS 0x000000008e900000, 0x000000008e900000| Untracked 
| 234|0x000000008ea00000, 0x000000008ea00000, 0x000000008eb00000|  0%| F|  |TAMS 0x000000008ea00000, 0x000000008ea00000| Untracked 
| 235|0x000000008eb00000, 0x000000008eb00000, 0x000000008ec00000|  0%| F|  |TAMS 0x000000008eb00000, 0x000000008eb00000| Untracked 
| 236|0x000000008ec00000, 0x000000008ec00000, 0x000000008ed00000|  0%| F|  |TAMS 0x000000008ec00000, 0x000000008ec00000| Untracked 
| 237|0x000000008ed00000, 0x000000008ed00000, 0x000000008ee00000|  0%| F|  |TAMS 0x000000008ed00000, 0x000000008ed00000| Untracked 
| 238|0x000000008ee00000, 0x000000008ee00000, 0x000000008ef00000|  0%| F|  |TAMS 0x000000008ee00000, 0x000000008ee00000| Untracked 
| 239|0x000000008ef00000, 0x000000008ef00000, 0x000000008f000000|  0%| F|  |TAMS 0x000000008ef00000, 0x000000008ef00000| Untracked 
| 240|0x000000008f000000, 0x000000008f000000, 0x000000008f100000|  0%| F|  |TAMS 0x000000008f000000, 0x000000008f000000| Untracked 
| 241|0x000000008f100000, 0x000000008f100000, 0x000000008f200000|  0%| F|  |TAMS 0x000000008f100000, 0x000000008f100000| Untracked 
| 242|0x000000008f200000, 0x000000008f200000, 0x000000008f300000|  0%| F|  |TAMS 0x000000008f200000, 0x000000008f200000| Untracked 
| 243|0x000000008f300000, 0x000000008f300000, 0x000000008f400000|  0%| F|  |TAMS 0x000000008f300000, 0x000000008f300000| Untracked 
| 244|0x000000008f400000, 0x000000008f400000, 0x000000008f500000|  0%| F|  |TAMS 0x000000008f400000, 0x000000008f400000| Untracked 
| 245|0x000000008f500000, 0x000000008f500000, 0x000000008f600000|  0%| F|  |TAMS 0x000000008f500000, 0x000000008f500000| Untracked 
| 246|0x000000008f600000, 0x000000008f600000, 0x000000008f700000|  0%| F|  |TAMS 0x000000008f600000, 0x000000008f600000| Untracked 
| 247|0x000000008f700000, 0x000000008f700000, 0x000000008f800000|  0%| F|  |TAMS 0x000000008f700000, 0x000000008f700000| Untracked 
| 248|0x000000008f800000, 0x000000008f800000, 0x000000008f900000|  0%| F|  |TAMS 0x000000008f800000, 0x000000008f800000| Untracked 
| 249|0x000000008f900000, 0x000000008f900000, 0x000000008fa00000|  0%| F|  |TAMS 0x000000008f900000, 0x000000008f900000| Untracked 
| 250|0x000000008fa00000, 0x000000008fa00000, 0x000000008fb00000|  0%| F|  |TAMS 0x000000008fa00000, 0x000000008fa00000| Untracked 
| 251|0x000000008fb00000, 0x000000008fb00000, 0x000000008fc00000|  0%| F|  |TAMS 0x000000008fb00000, 0x000000008fb00000| Untracked 
| 252|0x000000008fc00000, 0x000000008fc00000, 0x000000008fd00000|  0%| F|  |TAMS 0x000000008fc00000, 0x000000008fc00000| Untracked 
| 253|0x000000008fd00000, 0x000000008fd00000, 0x000000008fe00000|  0%| F|  |TAMS 0x000000008fd00000, 0x000000008fd00000| Untracked 
| 254|0x000000008fe00000, 0x000000008fe00000, 0x000000008ff00000|  0%| F|  |TAMS 0x000000008fe00000, 0x000000008fe00000| Untracked 
| 255|0x000000008ff00000, 0x000000008ff00000, 0x0000000090000000|  0%| F|  |TAMS 0x000000008ff00000, 0x000000008ff00000| Untracked 
| 256|0x0000000090000000, 0x0000000090000000, 0x0000000090100000|  0%| F|  |TAMS 0x0000000090000000, 0x0000000090000000| Untracked 
| 257|0x0000000090100000, 0x0000000090100000, 0x0000000090200000|  0%| F|  |TAMS 0x0000000090100000, 0x0000000090100000| Untracked 
| 258|0x0000000090200000, 0x0000000090200000, 0x0000000090300000|  0%| F|  |TAMS 0x0000000090200000, 0x0000000090200000| Untracked 
| 259|0x0000000090300000, 0x0000000090300000, 0x0000000090400000|  0%| F|  |TAMS 0x0000000090300000, 0x0000000090300000| Untracked 
| 260|0x0000000090400000, 0x0000000090400000, 0x0000000090500000|  0%| F|  |TAMS 0x0000000090400000, 0x0000000090400000| Untracked 
| 261|0x0000000090500000, 0x0000000090500000, 0x0000000090600000|  0%| F|  |TAMS 0x0000000090500000, 0x0000000090500000| Untracked 
| 262|0x0000000090600000, 0x0000000090600000, 0x0000000090700000|  0%| F|  |TAMS 0x0000000090600000, 0x0000000090600000| Untracked 
| 263|0x0000000090700000, 0x0000000090700000, 0x0000000090800000|  0%| F|  |TAMS 0x0000000090700000, 0x0000000090700000| Untracked 
| 264|0x0000000090800000, 0x0000000090800000, 0x0000000090900000|  0%| F|  |TAMS 0x0000000090800000, 0x0000000090800000| Untracked 
| 265|0x0000000090900000, 0x0000000090900000, 0x0000000090a00000|  0%| F|  |TAMS 0x0000000090900000, 0x0000000090900000| Untracked 
| 266|0x0000000090a00000, 0x0000000090a00000, 0x0000000090b00000|  0%| F|  |TAMS 0x0000000090a00000, 0x0000000090a00000| Untracked 
| 267|0x0000000090b00000, 0x0000000090b00000, 0x0000000090c00000|  0%| F|  |TAMS 0x0000000090b00000, 0x0000000090b00000| Untracked 
| 268|0x0000000090c00000, 0x0000000090c00000, 0x0000000090d00000|  0%| F|  |TAMS 0x0000000090c00000, 0x0000000090c00000| Untracked 
| 269|0x0000000090d00000, 0x0000000090d00000, 0x0000000090e00000|  0%| F|  |TAMS 0x0000000090d00000, 0x0000000090d00000| Untracked 
| 270|0x0000000090e00000, 0x0000000090e00000, 0x0000000090f00000|  0%| F|  |TAMS 0x0000000090e00000, 0x0000000090e00000| Untracked 
| 271|0x0000000090f00000, 0x0000000090f00000, 0x0000000091000000|  0%| F|  |TAMS 0x0000000090f00000, 0x0000000090f00000| Untracked 
| 272|0x0000000091000000, 0x0000000091000000, 0x0000000091100000|  0%| F|  |TAMS 0x0000000091000000, 0x0000000091000000| Untracked 
| 273|0x0000000091100000, 0x0000000091100000, 0x0000000091200000|  0%| F|  |TAMS 0x0000000091100000, 0x0000000091100000| Untracked 
| 274|0x0000000091200000, 0x0000000091200000, 0x0000000091300000|  0%| F|  |TAMS 0x0000000091200000, 0x0000000091200000| Untracked 
| 275|0x0000000091300000, 0x0000000091300000, 0x0000000091400000|  0%| F|  |TAMS 0x0000000091300000, 0x0000000091300000| Untracked 
| 276|0x0000000091400000, 0x0000000091400000, 0x0000000091500000|  0%| F|  |TAMS 0x0000000091400000, 0x0000000091400000| Untracked 
| 277|0x0000000091500000, 0x0000000091500000, 0x0000000091600000|  0%| F|  |TAMS 0x0000000091500000, 0x0000000091500000| Untracked 
| 278|0x0000000091600000, 0x0000000091600000, 0x0000000091700000|  0%| F|  |TAMS 0x0000000091600000, 0x0000000091600000| Untracked 
| 279|0x0000000091700000, 0x0000000091700000, 0x0000000091800000|  0%| F|  |TAMS 0x0000000091700000, 0x0000000091700000| Untracked 
| 280|0x0000000091800000, 0x0000000091800000, 0x0000000091900000|  0%| F|  |TAMS 0x0000000091800000, 0x0000000091800000| Untracked 
| 281|0x0000000091900000, 0x0000000091900000, 0x0000000091a00000|  0%| F|  |TAMS 0x0000000091900000, 0x0000000091900000| Untracked 
| 282|0x0000000091a00000, 0x0000000091a00000, 0x0000000091b00000|  0%| F|  |TAMS 0x0000000091a00000, 0x0000000091a00000| Untracked 
| 283|0x0000000091b00000, 0x0000000091b00000, 0x0000000091c00000|  0%| F|  |TAMS 0x0000000091b00000, 0x0000000091b00000| Untracked 
| 284|0x0000000091c00000, 0x0000000091c00000, 0x0000000091d00000|  0%| F|  |TAMS 0x0000000091c00000, 0x0000000091c00000| Untracked 
| 285|0x0000000091d00000, 0x0000000091d00000, 0x0000000091e00000|  0%| F|  |TAMS 0x0000000091d00000, 0x0000000091d00000| Untracked 
| 286|0x0000000091e00000, 0x0000000091e00000, 0x0000000091f00000|  0%| F|  |TAMS 0x0000000091e00000, 0x0000000091e00000| Untracked 
| 287|0x0000000091f00000, 0x0000000091f00000, 0x0000000092000000|  0%| F|  |TAMS 0x0000000091f00000, 0x0000000091f00000| Untracked 
| 288|0x0000000092000000, 0x0000000092000000, 0x0000000092100000|  0%| F|  |TAMS 0x0000000092000000, 0x0000000092000000| Untracked 
| 289|0x0000000092100000, 0x0000000092100000, 0x0000000092200000|  0%| F|  |TAMS 0x0000000092100000, 0x0000000092100000| Untracked 
| 290|0x0000000092200000, 0x0000000092200000, 0x0000000092300000|  0%| F|  |TAMS 0x0000000092200000, 0x0000000092200000| Untracked 
| 291|0x0000000092300000, 0x0000000092300000, 0x0000000092400000|  0%| F|  |TAMS 0x0000000092300000, 0x0000000092300000| Untracked 
| 292|0x0000000092400000, 0x0000000092400000, 0x0000000092500000|  0%| F|  |TAMS 0x0000000092400000, 0x0000000092400000| Untracked 
| 293|0x0000000092500000, 0x0000000092500000, 0x0000000092600000|  0%| F|  |TAMS 0x0000000092500000, 0x0000000092500000| Untracked 
| 294|0x0000000092600000, 0x0000000092600000, 0x0000000092700000|  0%| F|  |TAMS 0x0000000092600000, 0x0000000092600000| Untracked 
| 295|0x0000000092700000, 0x0000000092700000, 0x0000000092800000|  0%| F|  |TAMS 0x0000000092700000, 0x0000000092700000| Untracked 
| 296|0x0000000092800000, 0x0000000092800000, 0x0000000092900000|  0%| F|  |TAMS 0x0000000092800000, 0x0000000092800000| Untracked 
| 297|0x0000000092900000, 0x0000000092900000, 0x0000000092a00000|  0%| F|  |TAMS 0x0000000092900000, 0x0000000092900000| Untracked 
| 298|0x0000000092a00000, 0x0000000092a00000, 0x0000000092b00000|  0%| F|  |TAMS 0x0000000092a00000, 0x0000000092a00000| Untracked 
| 299|0x0000000092b00000, 0x0000000092b00000, 0x0000000092c00000|  0%| F|  |TAMS 0x0000000092b00000, 0x0000000092b00000| Untracked 
| 300|0x0000000092c00000, 0x0000000092c00000, 0x0000000092d00000|  0%| F|  |TAMS 0x0000000092c00000, 0x0000000092c00000| Untracked 
| 301|0x0000000092d00000, 0x0000000092d00000, 0x0000000092e00000|  0%| F|  |TAMS 0x0000000092d00000, 0x0000000092d00000| Untracked 
| 302|0x0000000092e00000, 0x0000000092e00000, 0x0000000092f00000|  0%| F|  |TAMS 0x0000000092e00000, 0x0000000092e00000| Untracked 
| 303|0x0000000092f00000, 0x0000000092f00000, 0x0000000093000000|  0%| F|  |TAMS 0x0000000092f00000, 0x0000000092f00000| Untracked 
| 304|0x0000000093000000, 0x0000000093000000, 0x0000000093100000|  0%| F|  |TAMS 0x0000000093000000, 0x0000000093000000| Untracked 
| 305|0x0000000093100000, 0x0000000093100000, 0x0000000093200000|  0%| F|  |TAMS 0x0000000093100000, 0x0000000093100000| Untracked 
| 306|0x0000000093200000, 0x0000000093200000, 0x0000000093300000|  0%| F|  |TAMS 0x0000000093200000, 0x0000000093200000| Untracked 
| 307|0x0000000093300000, 0x0000000093300000, 0x0000000093400000|  0%| F|  |TAMS 0x0000000093300000, 0x0000000093300000| Untracked 
| 308|0x0000000093400000, 0x0000000093400000, 0x0000000093500000|  0%| F|  |TAMS 0x0000000093400000, 0x0000000093400000| Untracked 
| 309|0x0000000093500000, 0x0000000093500000, 0x0000000093600000|  0%| F|  |TAMS 0x0000000093500000, 0x0000000093500000| Untracked 
| 310|0x0000000093600000, 0x0000000093700000, 0x0000000093700000|100%| S|CS|TAMS 0x0000000093600000, 0x0000000093600000| Complete 
| 311|0x0000000093700000, 0x0000000093700000, 0x0000000093800000|  0%| F|  |TAMS 0x0000000093700000, 0x0000000093700000| Untracked 
| 312|0x0000000093800000, 0x0000000093800000, 0x0000000093900000|  0%| F|  |TAMS 0x0000000093800000, 0x0000000093800000| Untracked 
| 313|0x0000000093900000, 0x0000000093900000, 0x0000000093a00000|  0%| F|  |TAMS 0x0000000093900000, 0x0000000093900000| Untracked 
| 314|0x0000000093a00000, 0x0000000093a00000, 0x0000000093b00000|  0%| F|  |TAMS 0x0000000093a00000, 0x0000000093a00000| Untracked 
| 315|0x0000000093b00000, 0x0000000093b00000, 0x0000000093c00000|  0%| F|  |TAMS 0x0000000093b00000, 0x0000000093b00000| Untracked 
| 316|0x0000000093c00000, 0x0000000093c00000, 0x0000000093d00000|  0%| F|  |TAMS 0x0000000093c00000, 0x0000000093c00000| Untracked 
| 317|0x0000000093d00000, 0x0000000093d00000, 0x0000000093e00000|  0%| F|  |TAMS 0x0000000093d00000, 0x0000000093d00000| Untracked 
| 318|0x0000000093e00000, 0x0000000093e00000, 0x0000000093f00000|  0%| F|  |TAMS 0x0000000093e00000, 0x0000000093e00000| Untracked 
| 319|0x0000000093f00000, 0x0000000093f00000, 0x0000000094000000|  0%| F|  |TAMS 0x0000000093f00000, 0x0000000093f00000| Untracked 
| 320|0x0000000094000000, 0x0000000094000000, 0x0000000094100000|  0%| F|  |TAMS 0x0000000094000000, 0x0000000094000000| Untracked 
| 321|0x0000000094100000, 0x0000000094100000, 0x0000000094200000|  0%| F|  |TAMS 0x0000000094100000, 0x0000000094100000| Untracked 

Card table byte_map: [0x000001cae8fc0000,0x000001cae93c0000] _byte_map_base: 0x000001cae8bc0000

Marking Bits (Prev, Next): (CMBitMap*) 0x000001cad60e8fa0, (CMBitMap*) 0x000001cad60e8f68
 Prev Bits: [0x000001caeb7c0000, 0x000001caed7c0000)
 Next Bits: [0x000001cae97c0000, 0x000001caeb7c0000)

Polling page: 0x000001cad4040000

Metaspace:

Usage:
  Non-class:    108.01 MB capacity,   105.79 MB ( 98%) used,     1.83 MB (  2%) free+waste,   399.38 KB ( <1%) overhead. 
      Class:     16.45 MB capacity,    15.11 MB ( 92%) used,     1.17 MB (  7%) free+waste,   179.56 KB (  1%) overhead. 
       Both:    124.46 MB capacity,   120.90 MB ( 97%) used,     2.99 MB (  2%) free+waste,   578.94 KB ( <1%) overhead. 

Virtual space:
  Non-class space:      110.00 MB reserved,     108.10 MB ( 98%) committed 
      Class space:        1.00 GB reserved,      16.50 MB (  2%) committed 
             Both:        1.11 GB reserved,     124.60 MB ( 11%) committed 

Chunk freelists:
   Non-Class:  34.00 KB
       Class:  16.00 KB
        Both:  50.00 KB

MaxMetaspaceSize: 17179869184.00 GB
CompressedClassSpaceSize: 1.00 GB
Initial GC threshold: 20.80 MB
Current GC threshold: 207.67 MB
CDS: off

CodeHeap 'non-profiled nmethods': size=120064Kb used=11302Kb max_used=11302Kb free=108761Kb
 bounds [0x000001cae1680000, 0x000001cae21a0000, 0x000001cae8bc0000]
CodeHeap 'profiled nmethods': size=120000Kb used=41304Kb max_used=41304Kb free=78695Kb
 bounds [0x000001cada150000, 0x000001cadc9b0000, 0x000001cae1680000]
CodeHeap 'non-nmethods': size=5696Kb used=2441Kb max_used=2514Kb free=3254Kb
 bounds [0x000001cad9bc0000, 0x000001cad9e40000, 0x000001cada150000]
 total_blobs=18165 nmethods=17190 adapters=885
 compilation: enabled
              stopped_count=0, restarted_count=0
 full_count=0

Compilation events (20 events):
Event: 75.544 Thread 0x000001caf063d800 18332       2       com.android.tools.r8.w.a.a.a.h.e0::iterator (12 bytes)
Event: 75.544 Thread 0x000001caf063d800 nmethod 18332 0x000001cadc9a2e10 code [0x000001cadc9a2fc0, 0x000001cadc9a31a8]
Event: 75.544 Thread 0x000001caf063d800 18333       2       com.android.tools.r8.w.a.a.a.h.f0$g::<init> (12 bytes)
Event: 75.545 Thread 0x000001caf063d800 nmethod 18333 0x000001cadc9a3290 code [0x000001cadc9a3440, 0x000001cadc9a35a8]
Event: 75.554 Thread 0x000001caf063d800 18335       2       com.android.tools.r8.v.b.o::l (65 bytes)
Event: 75.555 Thread 0x000001caf063d800 nmethod 18335 0x000001cadc9a3690 code [0x000001cadc9a38a0, 0x000001cadc9a3d98]
Event: 75.556 Thread 0x000001caf063d800 18336       2       com.android.tools.r8.ir.regalloc.a::a (101 bytes)
Event: 75.560 Thread 0x000001caf063d800 nmethod 18336 0x000001cadc9a4010 code [0x000001cadc9a41e0, 0x000001cadc9a4398]
Event: 75.560 Thread 0x000001caf063d800 18339       2       com.android.tools.r8.v.b.h::a (521 bytes)
Event: 75.564 Thread 0x000001caf063d800 nmethod 18339 0x000001cadc9a4510 code [0x000001cadc9a4920, 0x000001cadc9a5898]
Event: 75.564 Thread 0x000001caf063d800 18340       2       com.android.tools.r8.code.L0::<init> (109 bytes)
Event: 75.564 Thread 0x000001caf063d800 nmethod 18340 0x000001cadc9a6290 code [0x000001cadc9a6440, 0x000001cadc9a6558]
Event: 75.570 Thread 0x000001caf063d800 18343       2       com.android.tools.r8.v.b.n1::d2 (132 bytes)
Event: 75.571 Thread 0x000001caf063d800 nmethod 18343 0x000001cadc9a6610 code [0x000001cadc9a6860, 0x000001cadc9a6cb8]
Event: 75.572 Thread 0x000001caf063d800 18344       1       java.util.TreeMap::comparator (5 bytes)
Event: 75.573 Thread 0x000001caf063d800 nmethod 18344 0x000001cae16e2990 code [0x000001cae16e2b40, 0x000001cae16e2bf8]
Event: 75.580 Thread 0x000001caf063d800 18346       2       com.android.tools.r8.code.J0::hashCode (21 bytes)
Event: 75.582 Thread 0x000001caf063d800 nmethod 18346 0x000001cadc9a6f90 code [0x000001cadc9a7140, 0x000001cadc9a7288]
Event: 75.583 Thread 0x000001caf063d800 18347       2       com.android.tools.r8.graph.p::a (126 bytes)
Event: 75.584 Thread 0x000001caf063d800 nmethod 18347 0x000001cadc9a7310 code [0x000001cadc9a7560, 0x000001cadc9a7a08]

GC Heap History (20 events):
Event: 67.983 GC heap after
{Heap after GC invocations=75 (full 0):
 garbage-first heap   total 274432K, used 181999K [0x0000000080000000, 0x0000000100000000)
  region size 1024K, 3 young (3072K), 3 survivors (3072K)
 Metaspace       used 120595K, capacity 124152K, committed 124264K, reserved 1157120K
  class space    used 15231K, capacity 16557K, committed 16640K, reserved 1048576K
}
Event: 69.244 GC heap before
{Heap before GC invocations=76 (full 0):
 garbage-first heap   total 274432K, used 220911K [0x0000000080000000, 0x0000000100000000)
  region size 1024K, 41 young (41984K), 3 survivors (3072K)
 Metaspace       used 121569K, capacity 125148K, committed 125288K, reserved 1159168K
  class space    used 15267K, capacity 16597K, committed 16640K, reserved 1048576K
}
Event: 69.257 GC heap after
{Heap after GC invocations=77 (full 0):
 garbage-first heap   total 274432K, used 182991K [0x0000000080000000, 0x0000000100000000)
  region size 1024K, 4 young (4096K), 4 survivors (4096K)
 Metaspace       used 121569K, capacity 125148K, committed 125288K, reserved 1159168K
  class space    used 15267K, capacity 16597K, committed 16640K, reserved 1048576K
}
Event: 69.932 GC heap before
{Heap before GC invocations=77 (full 0):
 garbage-first heap   total 274432K, used 223951K [0x0000000080000000, 0x0000000100000000)
  region size 1024K, 44 young (45056K), 4 survivors (4096K)
 Metaspace       used 122071K, capacity 125616K, committed 125800K, reserved 1159168K
  class space    used 15283K, capacity 16599K, committed 16640K, reserved 1048576K
}
Event: 69.945 GC heap after
{Heap after GC invocations=78 (full 0):
 garbage-first heap   total 274432K, used 183596K [0x0000000080000000, 0x0000000100000000)
  region size 1024K, 2 young (2048K), 2 survivors (2048K)
 Metaspace       used 122071K, capacity 125616K, committed 125800K, reserved 1159168K
  class space    used 15283K, capacity 16599K, committed 16640K, reserved 1048576K
}
Event: 70.962 GC heap before
{Heap before GC invocations=79 (full 0):
 garbage-first heap   total 274432K, used 226604K [0x0000000080000000, 0x0000000100000000)
  region size 1024K, 44 young (45056K), 2 survivors (2048K)
 Metaspace       used 122395K, capacity 125952K, committed 126184K, reserved 1159168K
  class space    used 15313K, capacity 16646K, committed 16768K, reserved 1048576K
}
Event: 70.973 GC heap after
{Heap after GC invocations=80 (full 0):
 garbage-first heap   total 274432K, used 183581K [0x0000000080000000, 0x0000000100000000)
  region size 1024K, 2 young (2048K), 2 survivors (2048K)
 Metaspace       used 122395K, capacity 125952K, committed 126184K, reserved 1159168K
  class space    used 15313K, capacity 16646K, committed 16768K, reserved 1048576K
}
Event: 71.532 GC heap before
{Heap before GC invocations=80 (full 0):
 garbage-first heap   total 274432K, used 227613K [0x0000000080000000, 0x0000000100000000)
  region size 1024K, 46 young (47104K), 2 survivors (2048K)
 Metaspace       used 123418K, capacity 127037K, committed 127336K, reserved 1159168K
  class space    used 15445K, capacity 16790K, committed 16896K, reserved 1048576K
}
Event: 71.545 GC heap after
{Heap after GC invocations=81 (full 0):
 garbage-first heap   total 274432K, used 184913K [0x0000000080000000, 0x0000000100000000)
  region size 1024K, 4 young (4096K), 4 survivors (4096K)
 Metaspace       used 123418K, capacity 127037K, committed 127336K, reserved 1159168K
  class space    used 15445K, capacity 16790K, committed 16896K, reserved 1048576K
}
Event: 72.352 GC heap before
{Heap before GC invocations=82 (full 0):
 garbage-first heap   total 274432K, used 229969K [0x0000000080000000, 0x0000000100000000)
  region size 1024K, 48 young (49152K), 4 survivors (4096K)
 Metaspace       used 123540K, capacity 127214K, committed 127336K, reserved 1159168K
  class space    used 15461K, capacity 16845K, committed 16896K, reserved 1048576K
}
Event: 72.366 GC heap after
{Heap after GC invocations=83 (full 0):
 garbage-first heap   total 329728K, used 184201K [0x0000000080000000, 0x0000000100000000)
  region size 1024K, 3 young (3072K), 3 survivors (3072K)
 Metaspace       used 123540K, capacity 127214K, committed 127336K, reserved 1159168K
  class space    used 15461K, capacity 16845K, committed 16896K, reserved 1048576K
}
Event: 73.039 GC heap before
{Heap before GC invocations=83 (full 0):
 garbage-first heap   total 329728K, used 254857K [0x0000000080000000, 0x0000000100000000)
  region size 1024K, 74 young (75776K), 3 survivors (3072K)
 Metaspace       used 123685K, capacity 127374K, committed 127592K, reserved 1161216K
  class space    used 15462K, capacity 16846K, committed 16896K, reserved 1048576K
}
Event: 73.123 GC heap after
{Heap after GC invocations=84 (full 0):
 garbage-first heap   total 329728K, used 194904K [0x0000000080000000, 0x0000000100000000)
  region size 1024K, 10 young (10240K), 10 survivors (10240K)
 Metaspace       used 123685K, capacity 127374K, committed 127592K, reserved 1161216K
  class space    used 15462K, capacity 16846K, committed 16896K, reserved 1048576K
}
Event: 74.081 GC heap before
{Heap before GC invocations=85 (full 0):
 garbage-first heap   total 329728K, used 261464K [0x0000000080000000, 0x0000000100000000)
  region size 1024K, 76 young (77824K), 10 survivors (10240K)
 Metaspace       used 123705K, capacity 127374K, committed 127592K, reserved 1161216K
  class space    used 15463K, capacity 16846K, committed 16896K, reserved 1048576K
}
Event: 74.106 GC heap after
{Heap after GC invocations=86 (full 0):
 garbage-first heap   total 329728K, used 205580K [0x0000000080000000, 0x0000000100000000)
  region size 1024K, 10 young (10240K), 10 survivors (10240K)
 Metaspace       used 123705K, capacity 127374K, committed 127592K, reserved 1161216K
  class space    used 15463K, capacity 16846K, committed 16896K, reserved 1048576K
}
Event: 74.409 GC heap before
{Heap before GC invocations=86 (full 0):
 garbage-first heap   total 329728K, used 265996K [0x0000000080000000, 0x0000000100000000)
  region size 1024K, 70 young (71680K), 10 survivors (10240K)
 Metaspace       used 123725K, capacity 127375K, committed 127592K, reserved 1161216K
  class space    used 15463K, capacity 16846K, committed 16896K, reserved 1048576K
}
Event: 74.454 GC heap after
{Heap after GC invocations=87 (full 0):
 garbage-first heap   total 329728K, used 210359K [0x0000000080000000, 0x0000000100000000)
  region size 1024K, 9 young (9216K), 9 survivors (9216K)
 Metaspace       used 123725K, capacity 127375K, committed 127592K, reserved 1161216K
  class space    used 15463K, capacity 16846K, committed 16896K, reserved 1048576K
}
Event: 75.497 GC heap before
{Heap before GC invocations=88 (full 0):
 garbage-first heap   total 329728K, used 268727K [0x0000000080000000, 0x0000000100000000)
  region size 1024K, 66 young (67584K), 9 survivors (9216K)
 Metaspace       used 123791K, capacity 127446K, committed 127592K, reserved 1161216K
  class space    used 15471K, capacity 16848K, committed 16896K, reserved 1048576K
}
Event: 75.518 GC heap after
{Heap after GC invocations=89 (full 0):
 garbage-first heap   total 329728K, used 212832K [0x0000000080000000, 0x0000000100000000)
  region size 1024K, 5 young (5120K), 5 survivors (5120K)
 Metaspace       used 123791K, capacity 127446K, committed 127592K, reserved 1161216K
  class space    used 15471K, capacity 16848K, committed 16896K, reserved 1048576K
}
Event: 75.588 GC heap before
{Heap before GC invocations=89 (full 0):
 garbage-first heap   total 329728K, used 224096K [0x0000000080000000, 0x0000000100000000)
  region size 1024K, 16 young (16384K), 5 survivors (5120K)
 Metaspace       used 123801K, capacity 127446K, committed 127592K, reserved 1161216K
  class space    used 15471K, capacity 16848K, committed 16896K, reserved 1048576K
}

Deoptimization events (20 events):
Event: 74.923 Thread 0x000001caf1bf0000 DEOPT PACKING pc=0x000001cadc4fa01a sp=0x000000c12d3f9330
Event: 74.923 Thread 0x000001caf1bf0000 DEOPT UNPACKING pc=0x000001cad9c0a95e sp=0x000000c12d3f87f0 mode 0
Event: 74.957 Thread 0x000001caf1bf0000 DEOPT PACKING pc=0x000001cada166cfb sp=0x000000c12d3f94e0
Event: 74.957 Thread 0x000001caf1bf0000 DEOPT UNPACKING pc=0x000001cad9c0a95e sp=0x000000c12d3f8980 mode 0
Event: 74.979 Thread 0x000001caf42cf000 DEOPT PACKING pc=0x000001cadc24b2f7 sp=0x000000c12e1fa030
Event: 74.979 Thread 0x000001caf42cf000 DEOPT UNPACKING pc=0x000001cad9c0a95e sp=0x000000c12e1f95e8 mode 0
Event: 74.992 Thread 0x000001caf42cf000 DEOPT PACKING pc=0x000001cadc24b2f7 sp=0x000000c12e1fa110
Event: 74.992 Thread 0x000001caf42cf000 DEOPT UNPACKING pc=0x000001cad9c0a95e sp=0x000000c12e1f96c8 mode 0
Event: 75.007 Thread 0x000001caf42cf000 DEOPT PACKING pc=0x000001cadc29c236 sp=0x000000c12e1fa4c0
Event: 75.007 Thread 0x000001caf42cf000 DEOPT UNPACKING pc=0x000001cad9c0a95e sp=0x000000c12e1f9de8 mode 0
Event: 75.422 Thread 0x000001caf1bf0000 DEOPT PACKING pc=0x000001cadaccdd2d sp=0x000000c12d3f95e0
Event: 75.422 Thread 0x000001caf1bf0000 DEOPT UNPACKING pc=0x000001cad9c0a95e sp=0x000000c12d3f8a80 mode 0
Event: 75.555 Thread 0x000001caf1377800 Uncommon trap: trap_request=0xffffff4d fr.pc=0x000001cae16ad3f8 relative=0x0000000000001118
Event: 75.555 Thread 0x000001caf1377800 Uncommon trap: reason=unstable_if action=reinterpret pc=0x000001cae16ad3f8 method=com.android.tools.r8.ir.regalloc.a.a(Lcom/android/tools/r8/v/b/o0;Lcom/android/tools/r8/ir/regalloc/a$b;)Z @ 75 c2
Event: 75.555 Thread 0x000001caf1377800 DEOPT PACKING pc=0x000001cae16ad3f8 sp=0x000000c12f3f9290
Event: 75.555 Thread 0x000001caf1377800 DEOPT UNPACKING pc=0x000001cad9c0a1af sp=0x000000c12f3f9248 mode 2
Event: 75.581 Thread 0x000001caf1bf0000 Uncommon trap: trap_request=0xffffff4d fr.pc=0x000001cae2192690 relative=0x0000000000001f50
Event: 75.581 Thread 0x000001caf1bf0000 Uncommon trap: reason=unstable_if action=reinterpret pc=0x000001cae2192690 method=com.android.tools.r8.graph.r0.C()Z @ 11 c2
Event: 75.582 Thread 0x000001caf1bf0000 DEOPT PACKING pc=0x000001cae2192690 sp=0x000000c12d3f9a70
Event: 75.582 Thread 0x000001caf1bf0000 DEOPT UNPACKING pc=0x000001cad9c0a1af sp=0x000000c12d3f99a0 mode 2

Classes redefined (0 events):
No events

Internal exceptions (20 events):
Event: 65.734 Thread 0x000001caf1bf0000 Exception <a 'java/lang/NoSuchMethodError'{0x000000008d913490}: 'java.lang.Object java.lang.invoke.DirectMethodHandle$Holder.invokeStatic(java.lang.Object, long)'> (0x000000008d913490) thrown at [./src/hotspot/share/interpreter/linkResolver.cpp, line 773]
Event: 66.235 Thread 0x000001caf1bf0000 Exception <a 'java/lang/IncompatibleClassChangeError'{0x000000008d1a64f8}: Found class java.lang.Object, but interface was expected> (0x000000008d1a64f8) thrown at [./src/hotspot/share/interpreter/linkResolver.cpp, line 839]
Event: 66.397 Thread 0x000001caf1375000 Exception <a 'sun/nio/fs/WindowsException'{0x000000008dd86048}> (0x000000008dd86048) thrown at [./src/hotspot/share/prims/jni.cpp, line 616]
Event: 66.601 Thread 0x000001caf1377800 Exception <a 'java/lang/NoSuchMethodError'{0x000000008d46eb88}: 'long java.lang.invoke.DirectMethodHandle$Holder.invokeStatic(java.lang.Object, java.lang.Object)'> (0x000000008d46eb88) thrown at [./src/hotspot/share/interpreter/linkResolver.cpp, line 773]
Event: 66.601 Thread 0x000001caf1bf0000 Exception <a 'java/lang/NoSuchMethodError'{0x000000008d5b9b70}: 'long java.lang.invoke.DirectMethodHandle$Holder.invokeStatic(java.lang.Object, java.lang.Object)'> (0x000000008d5b9b70) thrown at [./src/hotspot/share/interpreter/linkResolver.cpp, line 773]
Event: 66.621 Thread 0x000001caf1377800 Exception <a 'java/lang/NoSuchMethodError'{0x000000008d3fd518}: 'void java.lang.invoke.DirectMethodHandle$Holder.invokeSpecial(java.lang.Object, java.lang.Object, int, java.lang.Object)'> (0x000000008d3fd518) thrown at [./src/hotspot/share/interpreter/linkResolver.cpp, line 773]
Event: 66.914 Thread 0x000001caf1bf0000 Exception <a 'java/lang/NoSuchMethodError'{0x000000008dbb1ed0}: 'java.lang.Object java.lang.invoke.DirectMethodHandle$Holder.invokeVirtual(java.lang.Object, java.lang.Object, int, java.lang.Object)'> (0x000000008dbb1ed0) thrown at [./src/hotspot/share/interpreter/linkResolver.cpp, line 773]
Event: 67.030 Thread 0x000001caf1377800 Exception <a 'java/lang/NoSuchMethodError'{0x000000008d6656e8}: 'void java.lang.invoke.DirectMethodHandle$Holder.invokeVirtual(java.lang.Object, java.lang.Object, int, java.lang.Object)'> (0x000000008d6656e8) thrown at [./src/hotspot/share/interpreter/linkResolver.cpp, line 773]
Event: 67.184 Thread 0x000001caf1bf0000 Exception <a 'java/lang/NoSuchMethodError'{0x000000008d2a4258}: 'java.lang.Object java.lang.invoke.DirectMethodHandle$Holder.newInvokeSpecial(java.lang.Object, int)'> (0x000000008d2a4258) thrown at [./src/hotspot/share/interpreter/linkResolver.cpp, line 773]
Event: 70.984 Thread 0x000001caf1bf0000 Exception <a 'java/lang/NoSuchMethodError'{0x0000000090b26ce0}: 'void java.lang.invoke.DirectMethodHandle$Holder.invokeStatic(java.lang.Object, java.lang.Object, java.lang.Object, java.lang.Object, java.lang.Object, java.lang.Object, java.lang.Object, java.lang.Object, java.lang.Object, java.lang.Object, java.lang.Object)'> (0x0000000090b26ce0) thrown at [./src/hotspot/share/interpreter/linkResolver.cpp, line 773]
Event: 70.985 Thread 0x000001caf1bf0000 Exception <a 'java/lang/NoSuchMethodError'{0x0000000090b31bb0}: 'java.lang.Object java.lang.invoke.DirectMethodHandle$Holder.invokeSpecial(java.lang.Object, java.lang.Object, java.lang.Object, java.lang.Object, java.lang.Object, java.lang.Object, java.lang.Object, java.lang.Object, java.lang.Object, java.lang.Object)'> (0x0000000090b31bb0) thrown at [./src/hotspot/share/interpreter/linkResolver.cpp, line 773]
Event: 70.999 Thread 0x000001caf1bf0000 Exception <a 'java/lang/NoSuchMethodError'{0x0000000090b361f0}: 'java.lang.Object java.lang.invoke.Invokers$Holder.linkToTargetMethod(java.lang.Object, java.lang.Object, java.lang.Object, java.lang.Object, java.lang.Object, java.lang.Object, java.lang.Object, java.lang.Object, java.lang.Object)'> (0x0000000090b361f0) thrown at [./src/hotspot/share/interpreter/linkResolver.cpp, line 773]
Event: 71.485 Thread 0x000001caf1bf0000 Exception <a 'java/lang/NoSuchMethodError'{0x000000008e213560}: 'void java.lang.invoke.DirectMethodHandle$Holder.invokeVirtual(java.lang.Object, java.lang.Object, int)'> (0x000000008e213560) thrown at [./src/hotspot/share/interpreter/linkResolver.cpp, line 773]
Event: 71.688 Thread 0x000001caf1bf0000 Exception <a 'sun/nio/fs/WindowsException'{0x000000009077f330}> (0x000000009077f330) thrown at [./src/hotspot/share/prims/jni.cpp, line 616]
Event: 72.602 Thread 0x000001caf1bf0000 Exception <a 'sun/nio/fs/WindowsException'{0x0000000092de0e70}> (0x0000000092de0e70) thrown at [./src/hotspot/share/prims/jni.cpp, line 616]
Event: 72.773 Thread 0x000001caf1375000 Implicit null exception at 0x000001cae2164c64 to 0x000001cae216a7b0
Event: 72.892 Thread 0x000001caf1377800 Exception <a 'sun/nio/fs/WindowsException'{0x00000000910b4c98}> (0x00000000910b4c98) thrown at [./src/hotspot/share/prims/jni.cpp, line 616]
Event: 73.406 Thread 0x000001caf1375000 Implicit null exception at 0x000001cae1790364 to 0x000001cae1790ee4
Event: 73.964 Thread 0x000001caf1377800 Exception <a 'sun/nio/fs/WindowsException'{0x0000000090c71130}> (0x0000000090c71130) thrown at [./src/hotspot/share/prims/jni.cpp, line 616]
Event: 74.259 Thread 0x000001caf42cf000 Exception <a 'sun/nio/fs/WindowsException'{0x0000000091d50968}> (0x0000000091d50968) thrown at [./src/hotspot/share/prims/jni.cpp, line 616]

Events (20 events):
Event: 75.156 Executing VM operation: CGC_Operation done
Event: 75.241 loading class com/android/tools/r8/code/x3
Event: 75.241 loading class com/android/tools/r8/code/x3 done
Event: 75.242 loading class com/android/tools/r8/code/A3
Event: 75.242 loading class com/android/tools/r8/code/A3 done
Event: 75.243 loading class com/android/tools/r8/code/z3
Event: 75.243 loading class com/android/tools/r8/code/z3 done
Event: 75.252 loading class com/android/tools/r8/code/B3
Event: 75.252 loading class com/android/tools/r8/code/B3 done
Event: 75.261 loading class com/android/tools/r8/code/y3
Event: 75.261 loading class com/android/tools/r8/code/y3 done
Event: 75.422 loading class com/android/tools/r8/code/L2
Event: 75.422 loading class com/android/tools/r8/code/L2 done
Event: 75.423 loading class com/android/tools/r8/code/K2
Event: 75.423 loading class com/android/tools/r8/code/K2 done
Event: 75.464 Executing VM operation: CGC_Operation
Event: 75.465 Executing VM operation: CGC_Operation done
Event: 75.497 Executing VM operation: G1CollectForAllocation
Event: 75.518 Executing VM operation: G1CollectForAllocation done
Event: 75.588 Executing VM operation: G1CollectForAllocation


Dynamic libraries:
0x00007ff76ad80000 - 0x00007ff76ad8a000 	D:\apps\Android Studio\jre\bin\java.exe
0x00007ff8aa970000 - 0x00007ff8aab84000 	C:\WINDOWS\SYSTEM32\ntdll.dll
0x00007ff8aa390000 - 0x00007ff8aa453000 	C:\WINDOWS\System32\KERNEL32.DLL
0x00007ff8a7d80000 - 0x00007ff8a811c000 	C:\WINDOWS\System32\KERNELBASE.dll
0x00007ff8a84f0000 - 0x00007ff8a8601000 	C:\WINDOWS\System32\ucrtbase.dll
0x00007ff892040000 - 0x00007ff892059000 	D:\apps\Android Studio\jre\bin\jli.dll
0x00007ff8a87b0000 - 0x00007ff8a895d000 	C:\WINDOWS\System32\USER32.dll
0x00007ff8a8240000 - 0x00007ff8a8266000 	C:\WINDOWS\System32\win32u.dll
0x00007ff892020000 - 0x00007ff892037000 	D:\apps\Android Studio\jre\bin\VCRUNTIME140.dll
0x00007ff8aa560000 - 0x00007ff8aa589000 	C:\WINDOWS\System32\GDI32.dll
0x00007ff891060000 - 0x00007ff8912ee000 	C:\WINDOWS\WinSxS\amd64_microsoft.windows.common-controls_6595b64144ccf1df_6.0.22621.608_none_a9444ca7c10bb01d\COMCTL32.dll
0x00007ff8a8120000 - 0x00007ff8a8232000 	C:\WINDOWS\System32\gdi32full.dll
0x00007ff8a9fe0000 - 0x00007ff8aa087000 	C:\WINDOWS\System32\msvcrt.dll
0x00007ff8a82e0000 - 0x00007ff8a837a000 	C:\WINDOWS\System32\msvcp_win.dll
0x00007ff8a96f0000 - 0x00007ff8a9722000 	C:\WINDOWS\System32\IMM32.DLL
0x00007ff87abe0000 - 0x00007ff87ac7d000 	D:\apps\Android Studio\jre\bin\msvcp140.dll
0x00007ff879190000 - 0x00007ff879c92000 	D:\apps\Android Studio\jre\bin\server\jvm.dll
0x00007ff8a9730000 - 0x00007ff8a97de000 	C:\WINDOWS\System32\ADVAPI32.dll
0x00007ff8a9a30000 - 0x00007ff8a9ad4000 	C:\WINDOWS\System32\sechost.dll
0x00007ff8a97e0000 - 0x00007ff8a98f5000 	C:\WINDOWS\System32\RPCRT4.dll
0x00007ff8a8e80000 - 0x00007ff8a8e88000 	C:\WINDOWS\System32\PSAPI.DLL
0x00007ff88f720000 - 0x00007ff88f729000 	C:\WINDOWS\SYSTEM32\WSOCK32.dll
0x00007ff8aa880000 - 0x00007ff8aa8f1000 	C:\WINDOWS\System32\WS2_32.dll
0x00007ff89bc50000 - 0x00007ff89bc84000 	C:\WINDOWS\SYSTEM32\WINMM.dll
0x00007ff898950000 - 0x00007ff89895a000 	C:\WINDOWS\SYSTEM32\VERSION.dll
0x00007ff8a6ec0000 - 0x00007ff8a6ed8000 	C:\WINDOWS\SYSTEM32\kernel.appcore.dll
0x00007ff8a1690000 - 0x00007ff8a16a1000 	D:\apps\Android Studio\jre\bin\verify.dll
0x00007ff87ae60000 - 0x00007ff87b08e000 	C:\WINDOWS\SYSTEM32\DBGHELP.DLL
0x00007ff8a8af0000 - 0x00007ff8a8e7a000 	C:\WINDOWS\System32\combase.dll
0x00007ff8a9900000 - 0x00007ff8a99d7000 	C:\WINDOWS\System32\OLEAUT32.dll
0x00007ff88aa20000 - 0x00007ff88aa52000 	C:\WINDOWS\SYSTEM32\dbgcore.DLL
0x00007ff8a8610000 - 0x00007ff8a868b000 	C:\WINDOWS\System32\bcryptPrimitives.dll
0x00007ff89cae0000 - 0x00007ff89cb09000 	D:\apps\Android Studio\jre\bin\java.dll
0x00007ff8a37f0000 - 0x00007ff8a37fb000 	D:\apps\Android Studio\jre\bin\jimage.dll
0x00007ff89c760000 - 0x00007ff89c778000 	D:\apps\Android Studio\jre\bin\zip.dll
0x00007ff8a8f00000 - 0x00007ff8a96ef000 	C:\WINDOWS\System32\SHELL32.dll
0x00007ff8a5db0000 - 0x00007ff8a6678000 	C:\WINDOWS\SYSTEM32\windows.storage.dll
0x00007ff8a5c70000 - 0x00007ff8a5dae000 	C:\WINDOWS\SYSTEM32\wintypes.dll
0x00007ff8aa460000 - 0x00007ff8aa551000 	C:\WINDOWS\System32\SHCORE.dll
0x00007ff8a8e90000 - 0x00007ff8a8eee000 	C:\WINDOWS\System32\shlwapi.dll
0x00007ff8a7cb0000 - 0x00007ff8a7cd1000 	C:\WINDOWS\SYSTEM32\profapi.dll
0x00007ff89c620000 - 0x00007ff89c63a000 	D:\apps\Android Studio\jre\bin\net.dll
0x00007ff89beb0000 - 0x00007ff89bfdf000 	C:\WINDOWS\SYSTEM32\WINHTTP.dll
0x00007ff8a7330000 - 0x00007ff8a7399000 	C:\WINDOWS\system32\mswsock.dll
0x00007ff89c600000 - 0x00007ff89c614000 	D:\apps\Android Studio\jre\bin\nio.dll
0x00007ff891ff0000 - 0x00007ff892017000 	D:\eigenfaces\FinalVersion\.gradle\native\e1d6ef7f7dcc3fd88c89a11ec53ec762bb8ba0a96d01ffa2cd45eb1d1d8dd5c5\windows-amd64\native-platform.dll
0x00007ff87c4e0000 - 0x00007ff87c624000 	D:\eigenfaces\FinalVersion\.gradle\native\5664cfc778a61ccfe75a443a1ab52a65af34e5dc3c78e0209fed803814484fcb\windows-amd64\native-platform-file-events.dll
0x00007ff8a35b0000 - 0x00007ff8a35ba000 	D:\apps\Android Studio\jre\bin\management.dll
0x00007ff8a32c0000 - 0x00007ff8a32cd000 	D:\apps\Android Studio\jre\bin\management_ext.dll
0x00007ff8a7590000 - 0x00007ff8a75ab000 	C:\WINDOWS\SYSTEM32\CRYPTSP.dll
0x00007ff8a6e30000 - 0x00007ff8a6e65000 	C:\WINDOWS\system32\rsaenh.dll
0x00007ff8a7420000 - 0x00007ff8a7448000 	C:\WINDOWS\SYSTEM32\USERENV.dll
0x00007ff8a7720000 - 0x00007ff8a7748000 	C:\WINDOWS\SYSTEM32\bcrypt.dll
0x00007ff8a7580000 - 0x00007ff8a758c000 	C:\WINDOWS\SYSTEM32\CRYPTBASE.dll
0x00007ff8a6940000 - 0x00007ff8a696d000 	C:\WINDOWS\SYSTEM32\IPHLPAPI.DLL
0x00007ff8aa090000 - 0x00007ff8aa099000 	C:\WINDOWS\System32\NSI.dll
0x00007ff89bc30000 - 0x00007ff89bc49000 	C:\WINDOWS\SYSTEM32\dhcpcsvc6.DLL
0x00007ff89bc10000 - 0x00007ff89bc2f000 	C:\WINDOWS\SYSTEM32\dhcpcsvc.DLL
0x00007ff8a69b0000 - 0x00007ff8a6aa3000 	C:\WINDOWS\SYSTEM32\DNSAPI.dll
0x00007ff89b180000 - 0x00007ff89b1a7000 	D:\apps\Android Studio\jre\bin\sunec.dll
0x00007ff891f90000 - 0x00007ff891f9a000 	C:\Windows\System32\rasadhlp.dll
0x00007ff89b4d0000 - 0x00007ff89b553000 	C:\WINDOWS\System32\fwpuclnt.dll

dbghelp: loaded successfully - version: 4.0.5 - missing functions: none
symbol engine: initialized successfully - sym options: 0x614 - pdb path: .;D:\apps\Android Studio\jre\bin;C:\WINDOWS\SYSTEM32;C:\WINDOWS\WinSxS\amd64_microsoft.windows.common-controls_6595b64144ccf1df_6.0.22621.608_none_a9444ca7c10bb01d;D:\apps\Android Studio\jre\bin\server;D:\eigenfaces\FinalVersion\.gradle\native\e1d6ef7f7dcc3fd88c89a11ec53ec762bb8ba0a96d01ffa2cd45eb1d1d8dd5c5\windows-amd64;D:\eigenfaces\FinalVersion\.gradle\native\5664cfc778a61ccfe75a443a1ab52a65af34e5dc3c78e0209fed803814484fcb\windows-amd64

VM Arguments:
jvm_args: --add-opens=java.base/java.util=ALL-UNNAMED --add-opens=java.base/java.lang=ALL-UNNAMED --add-opens=java.base/java.lang.invoke=ALL-UNNAMED --add-opens=java.base/java.util=ALL-UNNAMED --add-opens=java.prefs/java.util.prefs=ALL-UNNAMED --add-opens=java.prefs/java.util.prefs=ALL-UNNAMED --add-opens=java.base/java.nio.charset=ALL-UNNAMED --add-opens=java.base/java.net=ALL-UNNAMED --add-opens=java.base/java.util.concurrent.atomic=ALL-UNNAMED -Xmx2048m -Dfile.encoding=UTF-8 -Duser.country=US -Duser.language=en -Duser.variant 
java_command: org.gradle.launcher.daemon.bootstrap.GradleDaemon 7.2
java_class_path (initial): D:\eigenfaces\FinalVersion\.gradle\wrapper\dists\gradle-7.2-bin\2dnblmf4td7x66yl1d74lt32g\gradle-7.2\lib\gradle-launcher-7.2.jar
Launcher Type: SUN_STANDARD

[Global flags]
     intx CICompilerCount                          = 3                                         {product} {ergonomic}
     uint ConcGCThreads                            = 1                                         {product} {ergonomic}
     uint G1ConcRefinementThreads                  = 4                                         {product} {ergonomic}
   size_t G1HeapRegionSize                         = 1048576                                   {product} {ergonomic}
    uintx GCDrainStackTargetSize                   = 64                                        {product} {ergonomic}
   size_t InitialHeapSize                          = 134217728                                 {product} {ergonomic}
   size_t MarkStackSize                            = 4194304                                   {product} {ergonomic}
   size_t MaxHeapSize                              = 2147483648                                {product} {command line}
   size_t MaxNewSize                               = 1287651328                                {product} {ergonomic}
   size_t MinHeapDeltaBytes                        = 1048576                                   {product} {ergonomic}
    uintx NonNMethodCodeHeapSize                   = 5830732                                {pd product} {ergonomic}
    uintx NonProfiledCodeHeapSize                  = 122913754                              {pd product} {ergonomic}
    uintx ProfiledCodeHeapSize                     = 122913754                              {pd product} {ergonomic}
    uintx ReservedCodeCacheSize                    = 251658240                              {pd product} {ergonomic}
     bool SegmentedCodeCache                       = true                                      {product} {ergonomic}
     bool UseCompressedClassPointers               = true                                 {lp64_product} {ergonomic}
     bool UseCompressedOops                        = true                                 {lp64_product} {ergonomic}
     bool UseG1GC                                  = true                                      {product} {ergonomic}
     bool UseLargePagesIndividualAllocation        = false                                  {pd product} {ergonomic}

Logging:
Log output configuration:
 #0: stdout all=warning uptime,level,tags
 #1: stderr all=off uptime,level,tags

Environment Variables:
JAVA_HOME=C:\Program Files\Java\jdk-19
PATH=C:\WINDOWS\system32;C:\WINDOWS;C:\WINDOWS\System32\Wbem;C:\WINDOWS\System32\WindowsPowerShell\v1.0\;C:\WINDOWS\System32\OpenSSH\;C:\Program Files (x86)\dotnet\;C:\Program Files\Git\cmd;C:\Program Files\Java\jre7\bin;C:\Program Files\Java\jdk-19\bin;C:\Program Files\gradle-7.5.1\bin;C:\Program Files\dotnet\;C:\Users\Kimani Muchemi\AppData\Local\Microsoft\WindowsApps;C:\src\flutter\bin;C:\Program Files\Azure Data Studio\bin;C:\Program Files\Azure Data Studio\bin;D:\apps\Microsoft VS Code\bin
USERNAME=Kimani Muchemi
OS=Windows_NT
PROCESSOR_IDENTIFIER=Intel64 Family 6 Model 61 Stepping 4, GenuineIntel



---------------  S Y S T E M  ---------------

OS: Windows 11 , 64 bit Build 22621 (10.0.22621.1192)
OS uptime: 1 days 5:16 hours

CPU:total 4 (initial active 4) (2 cores per cpu, 2 threads per core) family 6 model 61 stepping 4 microcode 0x2f, cmov, cx8, fxsr, mmx, sse, sse2, sse3, ssse3, sse4.1, sse4.2, popcnt, avx, avx2, aes, clmul, erms, rtm, 3dnowpref, lzcnt, ht, tsc, tscinvbit, bmi1, bmi2, adx, fma

Memory: 4k page, system-wide physical 8066M (728M free)
TotalPageFile size 9666M (AvailPageFile size 162M)
current process WorkingSet (physical memory assigned to process): 723M, peak: 728M
current process commit charge ("private bytes"): 773M, peak: 937M

vm_info: OpenJDK 64-Bit Server VM (11.0.13+0-b1751.21-8125866) for windows-amd64 JRE (11.0.13+0-b1751.21-8125866), built on Feb  2 2022 03:00:22 by "builder" with MS VC++ 14.0 (VS2015)

END.
