#
# There is insufficient memory for the Java Runtime Environment to continue.
# Native memory allocation (malloc) failed to allocate 2711376 bytes for Chunk::new
# Possible reasons:
#   The system is out of physical RAM or swap space
#   The process is running with CompressedOops enabled, and the Java Heap may be blocking the growth of the native heap
# Possible solutions:
#   Reduce memory load on the system
#   Increase physical memory or swap space
#   Check if swap backing store is full
#   Decrease Java heap size (-Xmx/-Xms)
#   Decrease number of Java threads
#   Decrease Java thread stack sizes (-Xss)
#   Set larger code cache with -XX:ReservedCodeCacheSize=
#   JVM is running with Unscaled Compressed Oops mode in which the Java heap is
#     placed in the first 4GB address space. The Java Heap base address is the
#     maximum limit for the native heap growth. Please use -XX:HeapBaseMinAddress
#     to set the Java Heap base and to place the Java Heap above 4GB virtual address.
# This output file may be truncated or incomplete.
#
#  Out of Memory Error (./src/hotspot/share/memory/arena.cpp:197), pid=3496, tid=5692
#
# JRE version: OpenJDK Runtime Environment (11.0.13) (build 11.0.13+0-b1751.21-8125866)
# Java VM: OpenJDK 64-Bit Server VM (11.0.13+0-b1751.21-8125866, mixed mode, tiered, compressed oops, g1 gc, windows-amd64)
# No core dump will be written. Minidumps are not enabled by default on client versions of Windows
#

---------------  S U M M A R Y ------------

Command Line: --add-opens=java.base/java.util=ALL-UNNAMED --add-opens=java.base/java.lang=ALL-UNNAMED --add-opens=java.base/java.lang.invoke=ALL-UNNAMED --add-opens=java.base/java.util=ALL-UNNAMED --add-opens=java.prefs/java.util.prefs=ALL-UNNAMED --add-opens=java.prefs/java.util.prefs=ALL-UNNAMED --add-opens=java.base/java.nio.charset=ALL-UNNAMED --add-opens=java.base/java.net=ALL-UNNAMED --add-opens=java.base/java.util.concurrent.atomic=ALL-UNNAMED -Xmx2048m -Dfile.encoding=UTF-8 -Duser.country=US -Duser.language=en -Duser.variant org.gradle.launcher.daemon.bootstrap.GradleDaemon 7.2

Host: Intel(R) Core(TM) i5-5300U CPU @ 2.30GHz, 4 cores, 7G,  Windows 11 , 64 bit Build 22621 (10.0.22621.1192)
Time: Mon Jan 23 18:07:13 2023 E. Africa Standard Time elapsed time: 81.657843 seconds (0d 0h 1m 21s)

---------------  T H R E A D  ---------------

Current thread (0x00000138ba509800):  JavaThread "C2 CompilerThread1" daemon [_thread_in_native, id=5692, stack(0x0000001682700000,0x0000001682800000)]


Current CompileTask:
C2:  81658 14184 %     4       com.android.tools.r8.ir.regalloc.a::a @ 1408 (4001 bytes)

Stack: [0x0000001682700000,0x0000001682800000]
Native frames: (J=compiled Java code, j=interpreted, Vv=VM code, C=native code)
V  [jvm.dll+0x6100fa]
V  [jvm.dll+0x747090]
V  [jvm.dll+0x7486ad]
V  [jvm.dll+0x748d83]
V  [jvm.dll+0x24ab48]
V  [jvm.dll+0xc04dc]
V  [jvm.dll+0xc0a0c]
V  [jvm.dll+0x35eb5b]
V  [jvm.dll+0x32b833]
V  [jvm.dll+0x32ad2a]
V  [jvm.dll+0x2032b2]
V  [jvm.dll+0x202437]
V  [jvm.dll+0x188e01]
V  [jvm.dll+0x21106b]
V  [jvm.dll+0x20f8c1]
V  [jvm.dll+0x70de0f]
V  [jvm.dll+0x706a75]
V  [jvm.dll+0x60ed66]
C  [ucrtbase.dll+0x29363]
C  [KERNEL32.DLL+0x126bd]
C  [ntdll.dll+0x5dfb8]


---------------  P R O C E S S  ---------------

Threads class SMR info:
_java_thread_list=0x00000138c26b7550, length=87, elements={
0x00000138a08da800, 0x00000138ba4dc800, 0x00000138ba4ea000, 0x00000138bae62800,
0x00000138bae63800, 0x00000138bae65000, 0x00000138bae6b800, 0x00000138ba50d000,
0x00000138ba50f000, 0x00000138bafbe000, 0x00000138bd761000, 0x00000138bcd6a800,
0x00000138be0b3000, 0x00000138bd59f000, 0x00000138bd4a7000, 0x00000138bc81b000,
0x00000138bd695000, 0x00000138bc9b3000, 0x00000138bc9b2800, 0x00000138be0d9000,
0x00000138be0d7800, 0x00000138be0d8000, 0x00000138be0da000, 0x00000138be0d5000,
0x00000138be0d4000, 0x00000138be0da800, 0x00000138be0d6800, 0x00000138be0d5800,
0x00000138c0353800, 0x00000138c0352800, 0x00000138c0354800, 0x00000138c0355000,
0x00000138c0351000, 0x00000138c0350800, 0x00000138c0357000, 0x00000138c0357800,
0x00000138c0352000, 0x00000138c035a000, 0x00000138c035e000, 0x00000138c035b000,
0x00000138c0359800, 0x00000138c035b800, 0x00000138c035c800, 0x00000138c0358800,
0x00000138c035d800, 0x00000138c035f000, 0x00000138c05b4000, 0x00000138c05b5800,
0x00000138c05b6800, 0x00000138c05b1800, 0x00000138c05b4800, 0x00000138c05b0800,
0x00000138c05b2000, 0x00000138c05b3000, 0x00000138c05b7000, 0x00000138c05ba800,
0x00000138c05b8000, 0x00000138c05bd000, 0x00000138c05bb000, 0x00000138c05bc000,
0x00000138c05bd800, 0x00000138c05be800, 0x00000138c05b9000, 0x00000138c05bf800,
0x00000138c05b9800, 0x00000138bd9e1000, 0x00000138bd9de800, 0x00000138bd9dc800,
0x00000138bd9e2000, 0x00000138bd9e0800, 0x00000138bd9e3000, 0x00000138bd9df800,
0x00000138bd9dd000, 0x00000138bd9de000, 0x00000138bd9e8800, 0x00000138bd9e7000,
0x00000138bd9e6000, 0x00000138bd9e7800, 0x00000138bd9e9800, 0x00000138bd9e3800,
0x00000138bd9ea000, 0x00000138bd9e4800, 0x00000138bd9eb000, 0x00000138bd9e5000,
0x00000138be9e2000, 0x00000138be9e3800, 0x00000138ba509800
}

Java Threads: ( => current thread )
  0x00000138a08da800 JavaThread "main" [_thread_blocked, id=10608, stack(0x0000001682900000,0x0000001682a00000)]
  0x00000138ba4dc800 JavaThread "Reference Handler" daemon [_thread_blocked, id=10924, stack(0x0000001683000000,0x0000001683100000)]
  0x00000138ba4ea000 JavaThread "Finalizer" daemon [_thread_blocked, id=3500, stack(0x0000001683100000,0x0000001683200000)]
  0x00000138bae62800 JavaThread "Signal Dispatcher" daemon [_thread_blocked, id=6784, stack(0x0000001683200000,0x0000001683300000)]
  0x00000138bae63800 JavaThread "Attach Listener" daemon [_thread_blocked, id=5388, stack(0x0000001683300000,0x0000001683400000)]
  0x00000138bae65000 JavaThread "Service Thread" daemon [_thread_blocked, id=11548, stack(0x0000001683400000,0x0000001683500000)]
  0x00000138bae6b800 JavaThread "C2 CompilerThread0" daemon [_thread_in_native, id=2968, stack(0x0000001683500000,0x0000001683600000)]
  0x00000138ba50d000 JavaThread "C1 CompilerThread0" daemon [_thread_blocked, id=9852, stack(0x0000001683600000,0x0000001683700000)]
  0x00000138ba50f000 JavaThread "Sweeper thread" daemon [_thread_blocked, id=14360, stack(0x0000001683700000,0x0000001683800000)]
  0x00000138bafbe000 JavaThread "Common-Cleaner" daemon [_thread_blocked, id=12492, stack(0x0000001683800000,0x0000001683900000)]
  0x00000138bd761000 JavaThread "Daemon health stats" [_thread_blocked, id=10428, stack(0x0000001683d00000,0x0000001683e00000)]
  0x00000138bcd6a800 JavaThread "Incoming local TCP Connector on port 64609" [_thread_in_native, id=6736, stack(0x0000001683a00000,0x0000001683b00000)]
  0x00000138be0b3000 JavaThread "Daemon periodic checks" [_thread_blocked, id=9108, stack(0x0000001683e00000,0x0000001683f00000)]
  0x00000138bd59f000 JavaThread "Daemon" [_thread_blocked, id=15152, stack(0x0000001683f00000,0x0000001684000000)]
  0x00000138bd4a7000 JavaThread "Handler for socket connection from /127.0.0.1:64609 to /127.0.0.1:64610" [_thread_in_native, id=12308, stack(0x0000001684000000,0x0000001684100000)]
  0x00000138bc81b000 JavaThread "Cancel handler" [_thread_blocked, id=11748, stack(0x0000001684100000,0x0000001684200000)]
  0x00000138bd695000 JavaThread "Daemon worker" [_thread_in_Java, id=11072, stack(0x0000001684200000,0x0000001684300000)]
  0x00000138bc9b3000 JavaThread "Asynchronous log dispatcher for DefaultDaemonConnection: socket connection from /127.0.0.1:64609 to /127.0.0.1:64610" [_thread_blocked, id=13788, stack(0x0000001684300000,0x0000001684400000)]
  0x00000138bc9b2800 JavaThread "Daemon client event forwarder" [_thread_blocked, id=11328, stack(0x0000001684500000,0x0000001684600000)]
  0x00000138be0d9000 JavaThread "Cache worker for journal cache (D:\eigenfaces\FinalVersion\.gradle\caches\journal-1)" [_thread_blocked, id=1328, stack(0x0000001684800000,0x0000001684900000)]
  0x00000138be0d7800 JavaThread "File lock request listener" [_thread_in_native, id=3384, stack(0x0000001684900000,0x0000001684a00000)]
  0x00000138be0d8000 JavaThread "Cache worker for file hash cache (D:\eigenfaces\FinalVersion\.gradle\caches\7.2\fileHashes)" [_thread_blocked, id=9576, stack(0x0000001684a00000,0x0000001684b00000)]
  0x00000138be0da000 JavaThread "Cache worker for file hash cache (D:\The-Barbarians\.gradle\7.2\fileHashes)" [_thread_blocked, id=8344, stack(0x0000001684b00000,0x0000001684c00000)]
  0x00000138be0d5000 JavaThread "File watcher server" daemon [_thread_in_native, id=8740, stack(0x0000001684c00000,0x0000001684d00000)]
  0x00000138be0d4000 JavaThread "File watcher consumer" daemon [_thread_blocked, id=6348, stack(0x0000001684d00000,0x0000001684e00000)]
  0x00000138be0da800 JavaThread "Cache worker for checksums cache (D:\The-Barbarians\.gradle\checksums)" [_thread_blocked, id=6948, stack(0x0000001684700000,0x0000001684800000)]
  0x00000138be0d6800 JavaThread "Cache worker for cache directory md-supplier (D:\eigenfaces\FinalVersion\.gradle\caches\7.2\md-supplier)" [_thread_blocked, id=5348, stack(0x0000001684e00000,0x0000001684f00000)]
  0x00000138be0d5800 JavaThread "Cache worker for cache directory md-rule (D:\eigenfaces\FinalVersion\.gradle\caches\7.2\md-rule)" [_thread_blocked, id=12020, stack(0x0000001684f00000,0x0000001685000000)]
  0x00000138c0353800 JavaThread "Cache worker for execution history cache (D:\eigenfaces\FinalVersion\.gradle\caches\7.2\executionHistory)" [_thread_blocked, id=10852, stack(0x0000001685100000,0x0000001685200000)]
  0x00000138c0352800 JavaThread "jar transforms" [_thread_blocked, id=7708, stack(0x0000001685200000,0x0000001685300000)]
  0x00000138c0354800 JavaThread "jar transforms Thread 2" [_thread_blocked, id=6792, stack(0x0000001685300000,0x0000001685400000)]
  0x00000138c0355000 JavaThread "Cache worker for file content cache (D:\eigenfaces\FinalVersion\.gradle\caches\7.2\fileContent)" [_thread_blocked, id=10316, stack(0x0000001685400000,0x0000001685500000)]
  0x00000138c0351000 JavaThread "Cache worker for dependencies-accessors (D:\The-Barbarians\.gradle\7.2\dependencies-accessors)" [_thread_blocked, id=13084, stack(0x0000001685500000,0x0000001685600000)]
  0x00000138c0350800 JavaThread "jar transforms Thread 3" [_thread_blocked, id=9524, stack(0x0000001685600000,0x0000001685700000)]
  0x00000138c0357000 JavaThread "Cache worker for Build Output Cleanup Cache (D:\The-Barbarians\.gradle\buildOutputCleanup)" [_thread_blocked, id=1156, stack(0x0000001685700000,0x0000001685800000)]
  0x00000138c0357800 JavaThread "Unconstrained build operations" [_thread_blocked, id=14216, stack(0x0000001685800000,0x0000001685900000)]
  0x00000138c0352000 JavaThread "Unconstrained build operations Thread 2" [_thread_blocked, id=10548, stack(0x0000001685900000,0x0000001685a00000)]
  0x00000138c035a000 JavaThread "Unconstrained build operations Thread 3" [_thread_in_native, id=13144, stack(0x0000001685a00000,0x0000001685b00000)]
  0x00000138c035e000 JavaThread "Unconstrained build operations Thread 4" [_thread_blocked, id=3332, stack(0x0000001685b00000,0x0000001685c00000)]
  0x00000138c035b000 JavaThread "Unconstrained build operations Thread 5" [_thread_blocked, id=5144, stack(0x0000001685c00000,0x0000001685d00000)]
  0x00000138c0359800 JavaThread "Unconstrained build operations Thread 6" [_thread_blocked, id=13748, stack(0x0000001685d00000,0x0000001685e00000)]
  0x00000138c035b800 JavaThread "Unconstrained build operations Thread 7" [_thread_blocked, id=14112, stack(0x0000001685e00000,0x0000001685f00000)]
  0x00000138c035c800 JavaThread "Unconstrained build operations Thread 8" [_thread_blocked, id=3388, stack(0x0000001685f00000,0x0000001686000000)]
  0x00000138c0358800 JavaThread "Unconstrained build operations Thread 9" [_thread_blocked, id=3632, stack(0x0000001686000000,0x0000001686100000)]
  0x00000138c035d800 JavaThread "Unconstrained build operations Thread 10" [_thread_blocked, id=2728, stack(0x0000001686100000,0x0000001686200000)]
  0x00000138c035f000 JavaThread "Unconstrained build operations Thread 11" [_thread_blocked, id=3056, stack(0x0000001686200000,0x0000001686300000)]
  0x00000138c05b4000 JavaThread "Unconstrained build operations Thread 12" [_thread_blocked, id=13124, stack(0x0000001686300000,0x0000001686400000)]
  0x00000138c05b5800 JavaThread "Unconstrained build operations Thread 13" [_thread_blocked, id=8696, stack(0x0000001686400000,0x0000001686500000)]
  0x00000138c05b6800 JavaThread "Unconstrained build operations Thread 14" [_thread_blocked, id=1132, stack(0x0000001686500000,0x0000001686600000)]
  0x00000138c05b1800 JavaThread "Unconstrained build operations Thread 15" [_thread_in_Java, id=14984, stack(0x0000001686600000,0x0000001686700000)]
  0x00000138c05b4800 JavaThread "Unconstrained build operations Thread 16" [_thread_blocked, id=12832, stack(0x0000001686700000,0x0000001686800000)]
  0x00000138c05b0800 JavaThread "Unconstrained build operations Thread 17" [_thread_blocked, id=128, stack(0x0000001686800000,0x0000001686900000)]
  0x00000138c05b2000 JavaThread "Unconstrained build operations Thread 18" [_thread_blocked, id=14036, stack(0x0000001686900000,0x0000001686a00000)]
  0x00000138c05b3000 JavaThread "Unconstrained build operations Thread 19" [_thread_blocked, id=12808, stack(0x0000001686a00000,0x0000001686b00000)]
  0x00000138c05b7000 JavaThread "Unconstrained build operations Thread 20" [_thread_blocked, id=14316, stack(0x0000001686b00000,0x0000001686c00000)]
  0x00000138c05ba800 JavaThread "Unconstrained build operations Thread 21" [_thread_blocked, id=8168, stack(0x0000001686c00000,0x0000001686d00000)]
  0x00000138c05b8000 JavaThread "Unconstrained build operations Thread 22" [_thread_blocked, id=3864, stack(0x0000001686d00000,0x0000001686e00000)]
  0x00000138c05bd000 JavaThread "Unconstrained build operations Thread 23" [_thread_blocked, id=7328, stack(0x0000001686e00000,0x0000001686f00000)]
  0x00000138c05bb000 JavaThread "Unconstrained build operations Thread 24" [_thread_blocked, id=9768, stack(0x0000001686f00000,0x0000001687000000)]
  0x00000138c05bc000 JavaThread "Unconstrained build operations Thread 25" [_thread_blocked, id=5976, stack(0x0000001687000000,0x0000001687100000)]
  0x00000138c05bd800 JavaThread "Unconstrained build operations Thread 26" [_thread_blocked, id=9320, stack(0x0000001687100000,0x0000001687200000)]
  0x00000138c05be800 JavaThread "Unconstrained build operations Thread 27" [_thread_blocked, id=12336, stack(0x0000001687200000,0x0000001687300000)]
  0x00000138c05b9000 JavaThread "Unconstrained build operations Thread 28" [_thread_blocked, id=12848, stack(0x0000001687300000,0x0000001687400000)]
  0x00000138c05bf800 JavaThread "Unconstrained build operations Thread 29" [_thread_blocked, id=14144, stack(0x0000001687400000,0x0000001687500000)]
  0x00000138c05b9800 JavaThread "Unconstrained build operations Thread 30" [_thread_blocked, id=2640, stack(0x0000001687500000,0x0000001687600000)]
  0x00000138bd9e1000 JavaThread "Unconstrained build operations Thread 31" [_thread_blocked, id=12096, stack(0x0000001687600000,0x0000001687700000)]
  0x00000138bd9de800 JavaThread "Unconstrained build operations Thread 32" [_thread_blocked, id=3744, stack(0x0000001687700000,0x0000001687800000)]
  0x00000138bd9dc800 JavaThread "Unconstrained build operations Thread 33" [_thread_in_vm, id=12876, stack(0x0000001687800000,0x0000001687900000)]
  0x00000138bd9e2000 JavaThread "Unconstrained build operations Thread 34" [_thread_blocked, id=14460, stack(0x0000001687900000,0x0000001687a00000)]
  0x00000138bd9e0800 JavaThread "Unconstrained build operations Thread 35" [_thread_blocked, id=11696, stack(0x0000001687a00000,0x0000001687b00000)]
  0x00000138bd9e3000 JavaThread "Unconstrained build operations Thread 36" [_thread_blocked, id=14492, stack(0x0000001687b00000,0x0000001687c00000)]
  0x00000138bd9df800 JavaThread "Unconstrained build operations Thread 37" [_thread_blocked, id=4932, stack(0x0000001687c00000,0x0000001687d00000)]
  0x00000138bd9dd000 JavaThread "Unconstrained build operations Thread 38" [_thread_blocked, id=6324, stack(0x0000001687d00000,0x0000001687e00000)]
  0x00000138bd9de000 JavaThread "Unconstrained build operations Thread 39" [_thread_blocked, id=6772, stack(0x0000001687e00000,0x0000001687f00000)]
  0x00000138bd9e8800 JavaThread "Unconstrained build operations Thread 40" [_thread_blocked, id=5156, stack(0x0000001687f00000,0x0000001688000000)]
  0x00000138bd9e7000 JavaThread "jar transforms Thread 4" [_thread_blocked, id=13672, stack(0x0000001688000000,0x0000001688100000)]
  0x00000138bd9e6000 JavaThread "Memory manager" [_thread_blocked, id=4300, stack(0x0000001688100000,0x0000001688200000)]
  0x00000138bd9e7800 JavaThread "build event listener" [_thread_blocked, id=12872, stack(0x0000001688200000,0x0000001688300000)]
  0x00000138bd9e9800 JavaThread "pool-3-thread-1" [_thread_blocked, id=8568, stack(0x0000001688300000,0x0000001688400000)]
  0x00000138bd9e3800 JavaThread "build event listener" [_thread_blocked, id=6504, stack(0x0000001688400000,0x0000001688500000)]
  0x00000138bd9ea000 JavaThread "Execution worker for ':'" [_thread_blocked, id=1364, stack(0x0000001688500000,0x0000001688600000)]
  0x00000138bd9e4800 JavaThread "Execution worker for ':' Thread 2" [_thread_blocked, id=10300, stack(0x0000001688600000,0x0000001688700000)]
  0x00000138bd9eb000 JavaThread "Execution worker for ':' Thread 3" [_thread_blocked, id=5920, stack(0x0000001688700000,0x0000001688800000)]
  0x00000138bd9e5000 JavaThread "Cache worker for execution history cache (D:\The-Barbarians\.gradle\7.2\executionHistory)" [_thread_blocked, id=12596, stack(0x0000001688800000,0x0000001688900000)]
  0x00000138be9e2000 JavaThread "WorkerExecutor Queue" [_thread_blocked, id=15088, stack(0x0000001688a00000,0x0000001688b00000)]
  0x00000138be9e3800 JavaThread "WorkerExecutor Queue Thread 2" [_thread_blocked, id=9664, stack(0x0000001688c00000,0x0000001688d00000)]
=>0x00000138ba509800 JavaThread "C2 CompilerThread1" daemon [_thread_in_native, id=5692, stack(0x0000001682700000,0x0000001682800000)]

Other Threads:
  0x00000138ba4d8800 VMThread "VM Thread" [stack: 0x0000001682f00000,0x0000001683000000] [id=12392]
  0x00000138bafd9800 WatcherThread [stack: 0x0000001683900000,0x0000001683a00000] [id=14444]
  0x00000138a08f1000 GCTaskThread "GC Thread#0" [stack: 0x0000001682a00000,0x0000001682b00000] [id=11312]
  0x00000138bbade800 GCTaskThread "GC Thread#1" [stack: 0x0000001683b00000,0x0000001683c00000] [id=8380]
  0x00000138bbb1f800 GCTaskThread "GC Thread#2" [stack: 0x0000001683c00000,0x0000001683d00000] [id=6384]
  0x00000138bc10e800 GCTaskThread "GC Thread#3" [stack: 0x0000001684600000,0x0000001684700000] [id=7412]
  0x00000138a0923000 ConcurrentGCThread "G1 Main Marker" [stack: 0x0000001682b00000,0x0000001682c00000] [id=12700]
  0x00000138a0926000 ConcurrentGCThread "G1 Conc#0" [stack: 0x0000001682c00000,0x0000001682d00000] [id=11904]
  0x00000138ba330800 ConcurrentGCThread "G1 Refine#0" [stack: 0x0000001682d00000,0x0000001682e00000] [id=13536]
  0x00000138ba331800 ConcurrentGCThread "G1 Young RemSet Sampling" [stack: 0x0000001682e00000,0x0000001682f00000] [id=15264]

Threads with active compile tasks:
C2 CompilerThread0  81711 14265 %     4       com.android.tools.r8.ir.optimize.Z::a @ 132 (1305 bytes)
C2 CompilerThread1  81711 14184 %     4       com.android.tools.r8.ir.regalloc.a::a @ 1408 (4001 bytes)

VM state:not at safepoint (normal execution)

VM Mutex/Monitor currently owned by a thread: None

Heap address: 0x0000000080000000, size: 2048 MB, Compressed Oops mode: 32-bit
Narrow klass base: 0x0000000000000000, Narrow klass shift: 3
Compressed class space size: 1073741824 Address: 0x0000000100000000

Heap:
 garbage-first heap   total 227328K, used 143081K [0x0000000080000000, 0x0000000100000000)
  region size 1024K, 27 young (27648K), 10 survivors (10240K)
 Metaspace       used 102754K, capacity 105430K, committed 105684K, reserved 1140736K
  class space    used 13123K, capacity 14151K, committed 14240K, reserved 1048576K
Heap Regions: E=young(eden), S=young(survivor), O=old, HS=humongous(starts), HC=humongous(continues), CS=collection set, F=free, A=archive, TAMS=top-at-mark-start (previous, next)
|   0|0x0000000080000000, 0x0000000080100000, 0x0000000080100000|100%|HS|  |TAMS 0x0000000080100000, 0x0000000080100000| Complete 
|   1|0x0000000080100000, 0x0000000080200000, 0x0000000080200000|100%|HC|  |TAMS 0x0000000080200000, 0x0000000080200000| Complete 
|   2|0x0000000080200000, 0x0000000080300000, 0x0000000080300000|100%|HC|  |TAMS 0x0000000080300000, 0x0000000080300000| Complete 
|   3|0x0000000080300000, 0x0000000080400000, 0x0000000080400000|100%| O|  |TAMS 0x0000000080400000, 0x0000000080400000| Untracked 
|   4|0x0000000080400000, 0x0000000080500000, 0x0000000080500000|100%| O|  |TAMS 0x0000000080500000, 0x0000000080500000| Untracked 
|   5|0x0000000080500000, 0x0000000080600000, 0x0000000080600000|100%| O|  |TAMS 0x0000000080600000, 0x0000000080600000| Untracked 
|   6|0x0000000080600000, 0x0000000080700000, 0x0000000080700000|100%| O|  |TAMS 0x0000000080700000, 0x0000000080700000| Untracked 
|   7|0x0000000080700000, 0x0000000080800000, 0x0000000080800000|100%| O|  |TAMS 0x0000000080800000, 0x0000000080800000| Untracked 
|   8|0x0000000080800000, 0x0000000080900000, 0x0000000080900000|100%| O|  |TAMS 0x0000000080900000, 0x0000000080900000| Untracked 
|   9|0x0000000080900000, 0x0000000080a00000, 0x0000000080a00000|100%| O|  |TAMS 0x0000000080a00000, 0x0000000080a00000| Untracked 
|  10|0x0000000080a00000, 0x0000000080b00000, 0x0000000080b00000|100%| O|  |TAMS 0x0000000080b00000, 0x0000000080b00000| Untracked 
|  11|0x0000000080b00000, 0x0000000080c00000, 0x0000000080c00000|100%| O|  |TAMS 0x0000000080c00000, 0x0000000080c00000| Untracked 
|  12|0x0000000080c00000, 0x0000000080d00000, 0x0000000080d00000|100%| O|  |TAMS 0x0000000080d00000, 0x0000000080d00000| Untracked 
|  13|0x0000000080d00000, 0x0000000080e00000, 0x0000000080e00000|100%| O|  |TAMS 0x0000000080e00000, 0x0000000080e00000| Untracked 
|  14|0x0000000080e00000, 0x0000000080f00000, 0x0000000080f00000|100%| O|  |TAMS 0x0000000080f00000, 0x0000000080f00000| Untracked 
|  15|0x0000000080f00000, 0x0000000081000000, 0x0000000081000000|100%| O|  |TAMS 0x0000000081000000, 0x0000000081000000| Untracked 
|  16|0x0000000081000000, 0x0000000081100000, 0x0000000081100000|100%|HS|  |TAMS 0x0000000081100000, 0x0000000081100000| Complete 
|  17|0x0000000081100000, 0x0000000081200000, 0x0000000081200000|100%| O|  |TAMS 0x0000000081200000, 0x0000000081200000| Untracked 
|  18|0x0000000081200000, 0x0000000081300000, 0x0000000081300000|100%| O|  |TAMS 0x0000000081300000, 0x0000000081300000| Untracked 
|  19|0x0000000081300000, 0x0000000081400000, 0x0000000081400000|100%| O|  |TAMS 0x0000000081400000, 0x0000000081400000| Untracked 
|  20|0x0000000081400000, 0x0000000081500000, 0x0000000081500000|100%| O|  |TAMS 0x0000000081500000, 0x0000000081500000| Untracked 
|  21|0x0000000081500000, 0x0000000081600000, 0x0000000081600000|100%| O|  |TAMS 0x0000000081600000, 0x0000000081600000| Untracked 
|  22|0x0000000081600000, 0x0000000081700000, 0x0000000081700000|100%| O|  |TAMS 0x0000000081700000, 0x0000000081700000| Untracked 
|  23|0x0000000081700000, 0x0000000081800000, 0x0000000081800000|100%| O|  |TAMS 0x0000000081800000, 0x0000000081800000| Untracked 
|  24|0x0000000081800000, 0x0000000081900000, 0x0000000081900000|100%|HS|  |TAMS 0x0000000081900000, 0x0000000081900000| Complete 
|  25|0x0000000081900000, 0x0000000081a00000, 0x0000000081a00000|100%|HC|  |TAMS 0x0000000081a00000, 0x0000000081a00000| Complete 
|  26|0x0000000081a00000, 0x0000000081b00000, 0x0000000081b00000|100%| O|  |TAMS 0x0000000081b00000, 0x0000000081b00000| Untracked 
|  27|0x0000000081b00000, 0x0000000081c00000, 0x0000000081c00000|100%| O|  |TAMS 0x0000000081c00000, 0x0000000081c00000| Untracked 
|  28|0x0000000081c00000, 0x0000000081d00000, 0x0000000081d00000|100%| O|  |TAMS 0x0000000081d00000, 0x0000000081d00000| Untracked 
|  29|0x0000000081d00000, 0x0000000081e00000, 0x0000000081e00000|100%| O|  |TAMS 0x0000000081e00000, 0x0000000081e00000| Untracked 
|  30|0x0000000081e00000, 0x0000000081f00000, 0x0000000081f00000|100%| O|  |TAMS 0x0000000081f00000, 0x0000000081f00000| Untracked 
|  31|0x0000000081f00000, 0x0000000082000000, 0x0000000082000000|100%| O|  |TAMS 0x0000000082000000, 0x0000000082000000| Untracked 
|  32|0x0000000082000000, 0x0000000082100000, 0x0000000082100000|100%| O|  |TAMS 0x0000000082100000, 0x0000000082100000| Untracked 
|  33|0x0000000082100000, 0x0000000082200000, 0x0000000082200000|100%| O|  |TAMS 0x0000000082200000, 0x0000000082200000| Untracked 
|  34|0x0000000082200000, 0x0000000082300000, 0x0000000082300000|100%| O|  |TAMS 0x0000000082300000, 0x0000000082300000| Untracked 
|  35|0x0000000082300000, 0x0000000082400000, 0x0000000082400000|100%| O|  |TAMS 0x0000000082400000, 0x0000000082400000| Untracked 
|  36|0x0000000082400000, 0x0000000082500000, 0x0000000082500000|100%| O|  |TAMS 0x0000000082500000, 0x0000000082500000| Untracked 
|  37|0x0000000082500000, 0x0000000082600000, 0x0000000082600000|100%| O|  |TAMS 0x0000000082600000, 0x0000000082600000| Untracked 
|  38|0x0000000082600000, 0x0000000082700000, 0x0000000082700000|100%| O|  |TAMS 0x0000000082700000, 0x0000000082700000| Untracked 
|  39|0x0000000082700000, 0x0000000082800000, 0x0000000082800000|100%| O|  |TAMS 0x0000000082800000, 0x0000000082800000| Untracked 
|  40|0x0000000082800000, 0x0000000082900000, 0x0000000082900000|100%| O|  |TAMS 0x0000000082900000, 0x0000000082900000| Untracked 
|  41|0x0000000082900000, 0x0000000082a00000, 0x0000000082a00000|100%| O|  |TAMS 0x0000000082a00000, 0x0000000082a00000| Untracked 
|  42|0x0000000082a00000, 0x0000000082b00000, 0x0000000082b00000|100%| O|  |TAMS 0x0000000082b00000, 0x0000000082b00000| Untracked 
|  43|0x0000000082b00000, 0x0000000082c00000, 0x0000000082c00000|100%| O|  |TAMS 0x0000000082c00000, 0x0000000082c00000| Untracked 
|  44|0x0000000082c00000, 0x0000000082d00000, 0x0000000082d00000|100%| O|  |TAMS 0x0000000082d00000, 0x0000000082d00000| Untracked 
|  45|0x0000000082d00000, 0x0000000082e00000, 0x0000000082e00000|100%| O|  |TAMS 0x0000000082e00000, 0x0000000082e00000| Untracked 
|  46|0x0000000082e00000, 0x0000000082f00000, 0x0000000082f00000|100%| O|  |TAMS 0x0000000082f00000, 0x0000000082f00000| Untracked 
|  47|0x0000000082f00000, 0x0000000083000000, 0x0000000083000000|100%| O|  |TAMS 0x0000000083000000, 0x0000000083000000| Untracked 
|  48|0x0000000083000000, 0x0000000083100000, 0x0000000083100000|100%| O|  |TAMS 0x0000000083100000, 0x0000000083100000| Untracked 
|  49|0x0000000083100000, 0x0000000083200000, 0x0000000083200000|100%| O|  |TAMS 0x0000000083200000, 0x0000000083200000| Untracked 
|  50|0x0000000083200000, 0x0000000083300000, 0x0000000083300000|100%| O|  |TAMS 0x0000000083300000, 0x0000000083300000| Untracked 
|  51|0x0000000083300000, 0x0000000083400000, 0x0000000083400000|100%| O|  |TAMS 0x0000000083400000, 0x0000000083400000| Untracked 
|  52|0x0000000083400000, 0x0000000083500000, 0x0000000083500000|100%| O|  |TAMS 0x0000000083500000, 0x0000000083500000| Untracked 
|  53|0x0000000083500000, 0x0000000083600000, 0x0000000083600000|100%| O|  |TAMS 0x0000000083600000, 0x0000000083600000| Untracked 
|  54|0x0000000083600000, 0x0000000083700000, 0x0000000083700000|100%| O|  |TAMS 0x0000000083700000, 0x0000000083700000| Untracked 
|  55|0x0000000083700000, 0x0000000083800000, 0x0000000083800000|100%| O|  |TAMS 0x0000000083800000, 0x0000000083800000| Untracked 
|  56|0x0000000083800000, 0x0000000083900000, 0x0000000083900000|100%| O|  |TAMS 0x0000000083900000, 0x0000000083900000| Untracked 
|  57|0x0000000083900000, 0x0000000083a00000, 0x0000000083a00000|100%| O|  |TAMS 0x0000000083a00000, 0x0000000083a00000| Untracked 
|  58|0x0000000083a00000, 0x0000000083b00000, 0x0000000083b00000|100%| O|  |TAMS 0x0000000083b00000, 0x0000000083b00000| Untracked 
|  59|0x0000000083b00000, 0x0000000083c00000, 0x0000000083c00000|100%| O|  |TAMS 0x0000000083c00000, 0x0000000083c00000| Untracked 
|  60|0x0000000083c00000, 0x0000000083d00000, 0x0000000083d00000|100%| O|  |TAMS 0x0000000083d00000, 0x0000000083d00000| Untracked 
|  61|0x0000000083d00000, 0x0000000083e00000, 0x0000000083e00000|100%| O|  |TAMS 0x0000000083e00000, 0x0000000083e00000| Untracked 
|  62|0x0000000083e00000, 0x0000000083f00000, 0x0000000083f00000|100%| O|  |TAMS 0x0000000083f00000, 0x0000000083f00000| Untracked 
|  63|0x0000000083f00000, 0x0000000084000000, 0x0000000084000000|100%| O|  |TAMS 0x0000000084000000, 0x0000000084000000| Untracked 
|  64|0x0000000084000000, 0x0000000084100000, 0x0000000084100000|100%| O|  |TAMS 0x0000000084100000, 0x0000000084100000| Untracked 
|  65|0x0000000084100000, 0x0000000084200000, 0x0000000084200000|100%| O|  |TAMS 0x0000000084200000, 0x0000000084200000| Untracked 
|  66|0x0000000084200000, 0x0000000084300000, 0x0000000084300000|100%| O|  |TAMS 0x0000000084300000, 0x0000000084300000| Untracked 
|  67|0x0000000084300000, 0x0000000084400000, 0x0000000084400000|100%| O|  |TAMS 0x0000000084400000, 0x0000000084400000| Untracked 
|  68|0x0000000084400000, 0x0000000084500000, 0x0000000084500000|100%| O|  |TAMS 0x0000000084500000, 0x0000000084500000| Untracked 
|  69|0x0000000084500000, 0x0000000084600000, 0x0000000084600000|100%| O|  |TAMS 0x0000000084600000, 0x0000000084600000| Untracked 
|  70|0x0000000084600000, 0x0000000084700000, 0x0000000084700000|100%| O|  |TAMS 0x0000000084700000, 0x0000000084700000| Untracked 
|  71|0x0000000084700000, 0x0000000084800000, 0x0000000084800000|100%| O|  |TAMS 0x0000000084800000, 0x0000000084800000| Untracked 
|  72|0x0000000084800000, 0x0000000084900000, 0x0000000084900000|100%| O|  |TAMS 0x0000000084900000, 0x0000000084900000| Untracked 
|  73|0x0000000084900000, 0x0000000084a00000, 0x0000000084a00000|100%| O|  |TAMS 0x0000000084a00000, 0x0000000084a00000| Untracked 
|  74|0x0000000084a00000, 0x0000000084b00000, 0x0000000084b00000|100%| O|  |TAMS 0x0000000084b00000, 0x0000000084b00000| Untracked 
|  75|0x0000000084b00000, 0x0000000084c00000, 0x0000000084c00000|100%| O|  |TAMS 0x0000000084c00000, 0x0000000084c00000| Untracked 
|  76|0x0000000084c00000, 0x0000000084d00000, 0x0000000084d00000|100%| O|  |TAMS 0x0000000084d00000, 0x0000000084d00000| Untracked 
|  77|0x0000000084d00000, 0x0000000084e00000, 0x0000000084e00000|100%| O|  |TAMS 0x0000000084e00000, 0x0000000084e00000| Untracked 
|  78|0x0000000084e00000, 0x0000000084f00000, 0x0000000084f00000|100%| O|  |TAMS 0x0000000084f00000, 0x0000000084f00000| Untracked 
|  79|0x0000000084f00000, 0x0000000085000000, 0x0000000085000000|100%| O|  |TAMS 0x0000000085000000, 0x0000000085000000| Untracked 
|  80|0x0000000085000000, 0x0000000085100000, 0x0000000085100000|100%| O|  |TAMS 0x0000000085100000, 0x0000000085100000| Untracked 
|  81|0x0000000085100000, 0x0000000085200000, 0x0000000085200000|100%| O|  |TAMS 0x0000000085200000, 0x0000000085200000| Untracked 
|  82|0x0000000085200000, 0x0000000085300000, 0x0000000085300000|100%| O|  |TAMS 0x0000000085300000, 0x0000000085300000| Untracked 
|  83|0x0000000085300000, 0x0000000085400000, 0x0000000085400000|100%| O|  |TAMS 0x0000000085400000, 0x0000000085400000| Untracked 
|  84|0x0000000085400000, 0x0000000085500000, 0x0000000085500000|100%| O|  |TAMS 0x0000000085500000, 0x0000000085500000| Untracked 
|  85|0x0000000085500000, 0x0000000085600000, 0x0000000085600000|100%| O|  |TAMS 0x0000000085600000, 0x0000000085600000| Untracked 
|  86|0x0000000085600000, 0x0000000085700000, 0x0000000085700000|100%| O|  |TAMS 0x0000000085700000, 0x0000000085700000| Untracked 
|  87|0x0000000085700000, 0x0000000085800000, 0x0000000085800000|100%| O|  |TAMS 0x0000000085800000, 0x0000000085800000| Untracked 
|  88|0x0000000085800000, 0x0000000085900000, 0x0000000085900000|100%| O|  |TAMS 0x0000000085900000, 0x0000000085900000| Untracked 
|  89|0x0000000085900000, 0x0000000085a00000, 0x0000000085a00000|100%| O|  |TAMS 0x0000000085a00000, 0x0000000085a00000| Untracked 
|  90|0x0000000085a00000, 0x0000000085b00000, 0x0000000085b00000|100%| O|  |TAMS 0x0000000085b00000, 0x0000000085b00000| Untracked 
|  91|0x0000000085b00000, 0x0000000085c00000, 0x0000000085c00000|100%| O|  |TAMS 0x0000000085c00000, 0x0000000085c00000| Untracked 
|  92|0x0000000085c00000, 0x0000000085d00000, 0x0000000085d00000|100%| O|  |TAMS 0x0000000085d00000, 0x0000000085d00000| Untracked 
|  93|0x0000000085d00000, 0x0000000085e00000, 0x0000000085e00000|100%| O|  |TAMS 0x0000000085e00000, 0x0000000085e00000| Untracked 
|  94|0x0000000085e00000, 0x0000000085f00000, 0x0000000085f00000|100%| O|  |TAMS 0x0000000085f00000, 0x0000000085f00000| Untracked 
|  95|0x0000000085f00000, 0x0000000086000000, 0x0000000086000000|100%| O|  |TAMS 0x0000000086000000, 0x0000000086000000| Untracked 
|  96|0x0000000086000000, 0x0000000086100000, 0x0000000086100000|100%| O|  |TAMS 0x0000000086100000, 0x0000000086100000| Untracked 
|  97|0x0000000086100000, 0x0000000086200000, 0x0000000086200000|100%| O|  |TAMS 0x0000000086200000, 0x0000000086200000| Untracked 
|  98|0x0000000086200000, 0x0000000086300000, 0x0000000086300000|100%| O|  |TAMS 0x0000000086300000, 0x0000000086300000| Untracked 
|  99|0x0000000086300000, 0x0000000086400000, 0x0000000086400000|100%| O|  |TAMS 0x0000000086400000, 0x0000000086400000| Untracked 
| 100|0x0000000086400000, 0x0000000086500000, 0x0000000086500000|100%| O|  |TAMS 0x0000000086500000, 0x0000000086500000| Untracked 
| 101|0x0000000086500000, 0x0000000086600000, 0x0000000086600000|100%| O|  |TAMS 0x0000000086600000, 0x0000000086600000| Untracked 
| 102|0x0000000086600000, 0x0000000086700000, 0x0000000086700000|100%| O|  |TAMS 0x0000000086700000, 0x0000000086700000| Untracked 
| 103|0x0000000086700000, 0x0000000086800000, 0x0000000086800000|100%| O|  |TAMS 0x0000000086800000, 0x0000000086800000| Untracked 
| 104|0x0000000086800000, 0x0000000086900000, 0x0000000086900000|100%| O|  |TAMS 0x0000000086900000, 0x0000000086900000| Untracked 
| 105|0x0000000086900000, 0x0000000086a00000, 0x0000000086a00000|100%| O|  |TAMS 0x0000000086a00000, 0x0000000086a00000| Untracked 
| 106|0x0000000086a00000, 0x0000000086b00000, 0x0000000086b00000|100%| O|  |TAMS 0x0000000086b00000, 0x0000000086b00000| Untracked 
| 107|0x0000000086b00000, 0x0000000086c00000, 0x0000000086c00000|100%| O|  |TAMS 0x0000000086c00000, 0x0000000086c00000| Untracked 
| 108|0x0000000086c00000, 0x0000000086d00000, 0x0000000086d00000|100%| O|  |TAMS 0x0000000086d00000, 0x0000000086d00000| Untracked 
| 109|0x0000000086d00000, 0x0000000086e00000, 0x0000000086e00000|100%| O|  |TAMS 0x0000000086e00000, 0x0000000086e00000| Untracked 
| 110|0x0000000086e00000, 0x0000000086f00000, 0x0000000086f00000|100%| O|  |TAMS 0x0000000086f00000, 0x0000000086f00000| Untracked 
| 111|0x0000000086f00000, 0x0000000087000000, 0x0000000087000000|100%| O|  |TAMS 0x0000000087000000, 0x0000000087000000| Untracked 
| 112|0x0000000087000000, 0x0000000087100000, 0x0000000087100000|100%| O|  |TAMS 0x0000000087100000, 0x0000000087100000| Untracked 
| 113|0x0000000087100000, 0x0000000087200000, 0x0000000087200000|100%| O|  |TAMS 0x0000000087200000, 0x0000000087200000| Untracked 
| 114|0x0000000087200000, 0x00000000872ba400, 0x0000000087300000| 72%| O|  |TAMS 0x00000000872ae200, 0x00000000872ba400| Untracked 
| 115|0x0000000087300000, 0x0000000087300000, 0x0000000087400000|  0%| F|  |TAMS 0x0000000087300000, 0x0000000087300000| Untracked 
| 116|0x0000000087400000, 0x0000000087400000, 0x0000000087500000|  0%| F|  |TAMS 0x0000000087400000, 0x0000000087400000| Untracked 
| 117|0x0000000087500000, 0x0000000087500000, 0x0000000087600000|  0%| F|  |TAMS 0x0000000087500000, 0x0000000087500000| Untracked 
| 118|0x0000000087600000, 0x0000000087600000, 0x0000000087700000|  0%| F|  |TAMS 0x0000000087600000, 0x0000000087600000| Untracked 
| 119|0x0000000087700000, 0x0000000087700000, 0x0000000087800000|  0%| F|  |TAMS 0x0000000087700000, 0x0000000087700000| Untracked 
| 120|0x0000000087800000, 0x0000000087800000, 0x0000000087900000|  0%| F|  |TAMS 0x0000000087800000, 0x0000000087800000| Untracked 
| 121|0x0000000087900000, 0x0000000087900000, 0x0000000087a00000|  0%| F|  |TAMS 0x0000000087900000, 0x0000000087900000| Untracked 
| 122|0x0000000087a00000, 0x0000000087a00000, 0x0000000087b00000|  0%| F|  |TAMS 0x0000000087a00000, 0x0000000087a00000| Untracked 
| 123|0x0000000087b00000, 0x0000000087b00000, 0x0000000087c00000|  0%| F|  |TAMS 0x0000000087b00000, 0x0000000087b00000| Untracked 
| 124|0x0000000087c00000, 0x0000000087c00000, 0x0000000087d00000|  0%| F|  |TAMS 0x0000000087c00000, 0x0000000087c00000| Untracked 
| 125|0x0000000087d00000, 0x0000000087d00000, 0x0000000087e00000|  0%| F|  |TAMS 0x0000000087d00000, 0x0000000087d00000| Untracked 
| 126|0x0000000087e00000, 0x0000000087e00000, 0x0000000087f00000|  0%| F|  |TAMS 0x0000000087e00000, 0x0000000087e00000| Untracked 
| 127|0x0000000087f00000, 0x0000000087f00000, 0x0000000088000000|  0%| F|  |TAMS 0x0000000087f00000, 0x0000000087f00000| Untracked 
| 128|0x0000000088000000, 0x0000000088000000, 0x0000000088100000|  0%| F|  |TAMS 0x0000000088000000, 0x0000000088000000| Untracked 
| 129|0x0000000088100000, 0x0000000088100000, 0x0000000088200000|  0%| F|  |TAMS 0x0000000088100000, 0x0000000088100000| Untracked 
| 130|0x0000000088200000, 0x0000000088200000, 0x0000000088300000|  0%| F|  |TAMS 0x0000000088200000, 0x0000000088200000| Untracked 
| 131|0x0000000088300000, 0x0000000088300000, 0x0000000088400000|  0%| F|  |TAMS 0x0000000088300000, 0x0000000088300000| Untracked 
| 132|0x0000000088400000, 0x0000000088400000, 0x0000000088500000|  0%| F|  |TAMS 0x0000000088400000, 0x0000000088400000| Untracked 
| 133|0x0000000088500000, 0x0000000088500000, 0x0000000088600000|  0%| F|  |TAMS 0x0000000088500000, 0x0000000088500000| Untracked 
| 134|0x0000000088600000, 0x0000000088700000, 0x0000000088700000|100%| S|CS|TAMS 0x0000000088600000, 0x0000000088600000| Complete 
| 135|0x0000000088700000, 0x0000000088800000, 0x0000000088800000|100%| S|CS|TAMS 0x0000000088700000, 0x0000000088700000| Complete 
| 136|0x0000000088800000, 0x0000000088900000, 0x0000000088900000|100%| S|CS|TAMS 0x0000000088800000, 0x0000000088800000| Complete 
| 137|0x0000000088900000, 0x0000000088a00000, 0x0000000088a00000|100%| S|CS|TAMS 0x0000000088900000, 0x0000000088900000| Complete 
| 138|0x0000000088a00000, 0x0000000088b00000, 0x0000000088b00000|100%| S|CS|TAMS 0x0000000088a00000, 0x0000000088a00000| Complete 
| 139|0x0000000088b00000, 0x0000000088c00000, 0x0000000088c00000|100%| S|CS|TAMS 0x0000000088b00000, 0x0000000088b00000| Complete 
| 140|0x0000000088c00000, 0x0000000088d00000, 0x0000000088d00000|100%| S|CS|TAMS 0x0000000088c00000, 0x0000000088c00000| Complete 
| 141|0x0000000088d00000, 0x0000000088e00000, 0x0000000088e00000|100%| S|CS|TAMS 0x0000000088d00000, 0x0000000088d00000| Complete 
| 142|0x0000000088e00000, 0x0000000088e00000, 0x0000000088f00000|  0%| F|  |TAMS 0x0000000088e00000, 0x0000000088e00000| Untracked 
| 143|0x0000000088f00000, 0x0000000088f00000, 0x0000000089000000|  0%| F|  |TAMS 0x0000000088f00000, 0x0000000088f00000| Untracked 
| 144|0x0000000089000000, 0x0000000089000000, 0x0000000089100000|  0%| F|  |TAMS 0x0000000089000000, 0x0000000089000000| Untracked 
| 145|0x0000000089100000, 0x0000000089200000, 0x0000000089200000|100%| S|CS|TAMS 0x0000000089100000, 0x0000000089100000| Complete 
| 146|0x0000000089200000, 0x0000000089300000, 0x0000000089300000|100%| S|CS|TAMS 0x0000000089200000, 0x0000000089200000| Complete 
| 147|0x0000000089300000, 0x0000000089300000, 0x0000000089400000|  0%| F|  |TAMS 0x0000000089300000, 0x0000000089300000| Untracked 
| 148|0x0000000089400000, 0x0000000089400000, 0x0000000089500000|  0%| F|  |TAMS 0x0000000089400000, 0x0000000089400000| Untracked 
| 149|0x0000000089500000, 0x0000000089500000, 0x0000000089600000|  0%| F|  |TAMS 0x0000000089500000, 0x0000000089500000| Untracked 
| 150|0x0000000089600000, 0x0000000089600000, 0x0000000089700000|  0%| F|  |TAMS 0x0000000089600000, 0x0000000089600000| Untracked 
| 151|0x0000000089700000, 0x0000000089700000, 0x0000000089800000|  0%| F|  |TAMS 0x0000000089700000, 0x0000000089700000| Untracked 
| 152|0x0000000089800000, 0x0000000089800000, 0x0000000089900000|  0%| F|  |TAMS 0x0000000089800000, 0x0000000089800000| Untracked 
| 153|0x0000000089900000, 0x0000000089900000, 0x0000000089a00000|  0%| F|  |TAMS 0x0000000089900000, 0x0000000089900000| Untracked 
| 154|0x0000000089a00000, 0x0000000089a00000, 0x0000000089b00000|  0%| F|  |TAMS 0x0000000089a00000, 0x0000000089a00000| Untracked 
| 155|0x0000000089b00000, 0x0000000089b00000, 0x0000000089c00000|  0%| F|  |TAMS 0x0000000089b00000, 0x0000000089b00000| Untracked 
| 156|0x0000000089c00000, 0x0000000089c00000, 0x0000000089d00000|  0%| F|  |TAMS 0x0000000089c00000, 0x0000000089c00000| Untracked 
| 157|0x0000000089d00000, 0x0000000089d00000, 0x0000000089e00000|  0%| F|  |TAMS 0x0000000089d00000, 0x0000000089d00000| Untracked 
| 158|0x0000000089e00000, 0x0000000089e00000, 0x0000000089f00000|  0%| F|  |TAMS 0x0000000089e00000, 0x0000000089e00000| Untracked 
| 159|0x0000000089f00000, 0x0000000089f00000, 0x000000008a000000|  0%| F|  |TAMS 0x0000000089f00000, 0x0000000089f00000| Untracked 
| 160|0x000000008a000000, 0x000000008a000000, 0x000000008a100000|  0%| F|  |TAMS 0x000000008a000000, 0x000000008a000000| Untracked 
| 161|0x000000008a100000, 0x000000008a100000, 0x000000008a200000|  0%| F|  |TAMS 0x000000008a100000, 0x000000008a100000| Untracked 
| 162|0x000000008a200000, 0x000000008a200000, 0x000000008a300000|  0%| F|  |TAMS 0x000000008a200000, 0x000000008a200000| Untracked 
| 163|0x000000008a300000, 0x000000008a300000, 0x000000008a400000|  0%| F|  |TAMS 0x000000008a300000, 0x000000008a300000| Untracked 
| 164|0x000000008a400000, 0x000000008a400000, 0x000000008a500000|  0%| F|  |TAMS 0x000000008a400000, 0x000000008a400000| Untracked 
| 165|0x000000008a500000, 0x000000008a500000, 0x000000008a600000|  0%| F|  |TAMS 0x000000008a500000, 0x000000008a500000| Untracked 
| 166|0x000000008a600000, 0x000000008a600000, 0x000000008a700000|  0%| F|  |TAMS 0x000000008a600000, 0x000000008a600000| Untracked 
| 167|0x000000008a700000, 0x000000008a700000, 0x000000008a800000|  0%| F|  |TAMS 0x000000008a700000, 0x000000008a700000| Untracked 
| 168|0x000000008a800000, 0x000000008a800000, 0x000000008a900000|  0%| F|  |TAMS 0x000000008a800000, 0x000000008a800000| Untracked 
| 169|0x000000008a900000, 0x000000008a900000, 0x000000008aa00000|  0%| F|  |TAMS 0x000000008a900000, 0x000000008a900000| Untracked 
| 170|0x000000008aa00000, 0x000000008aa00000, 0x000000008ab00000|  0%| F|  |TAMS 0x000000008aa00000, 0x000000008aa00000| Untracked 
| 171|0x000000008ab00000, 0x000000008ab00000, 0x000000008ac00000|  0%| F|  |TAMS 0x000000008ab00000, 0x000000008ab00000| Untracked 
| 172|0x000000008ac00000, 0x000000008ac00000, 0x000000008ad00000|  0%| F|  |TAMS 0x000000008ac00000, 0x000000008ac00000| Untracked 
| 173|0x000000008ad00000, 0x000000008ad00000, 0x000000008ae00000|  0%| F|  |TAMS 0x000000008ad00000, 0x000000008ad00000| Untracked 
| 174|0x000000008ae00000, 0x000000008ae00000, 0x000000008af00000|  0%| F|  |TAMS 0x000000008ae00000, 0x000000008ae00000| Untracked 
| 175|0x000000008af00000, 0x000000008af00000, 0x000000008b000000|  0%| F|  |TAMS 0x000000008af00000, 0x000000008af00000| Untracked 
| 176|0x000000008b000000, 0x000000008b000000, 0x000000008b100000|  0%| F|  |TAMS 0x000000008b000000, 0x000000008b000000| Untracked 
| 177|0x000000008b100000, 0x000000008b100000, 0x000000008b200000|  0%| F|  |TAMS 0x000000008b100000, 0x000000008b100000| Untracked 
| 178|0x000000008b200000, 0x000000008b200000, 0x000000008b300000|  0%| F|  |TAMS 0x000000008b200000, 0x000000008b200000| Untracked 
| 179|0x000000008b300000, 0x000000008b300000, 0x000000008b400000|  0%| F|  |TAMS 0x000000008b300000, 0x000000008b300000| Untracked 
| 180|0x000000008b400000, 0x000000008b400000, 0x000000008b500000|  0%| F|  |TAMS 0x000000008b400000, 0x000000008b400000| Untracked 
| 181|0x000000008b500000, 0x000000008b500000, 0x000000008b600000|  0%| F|  |TAMS 0x000000008b500000, 0x000000008b500000| Untracked 
| 182|0x000000008b600000, 0x000000008b600000, 0x000000008b700000|  0%| F|  |TAMS 0x000000008b600000, 0x000000008b600000| Untracked 
| 183|0x000000008b700000, 0x000000008b700000, 0x000000008b800000|  0%| F|  |TAMS 0x000000008b700000, 0x000000008b700000| Untracked 
| 184|0x000000008b800000, 0x000000008b800000, 0x000000008b900000|  0%| F|  |TAMS 0x000000008b800000, 0x000000008b800000| Untracked 
| 185|0x000000008b900000, 0x000000008b900000, 0x000000008ba00000|  0%| F|  |TAMS 0x000000008b900000, 0x000000008b900000| Untracked 
| 186|0x000000008ba00000, 0x000000008ba00000, 0x000000008bb00000|  0%| F|  |TAMS 0x000000008ba00000, 0x000000008ba00000| Untracked 
| 187|0x000000008bb00000, 0x000000008bb00000, 0x000000008bc00000|  0%| F|  |TAMS 0x000000008bb00000, 0x000000008bb00000| Untracked 
| 188|0x000000008bc00000, 0x000000008bc00000, 0x000000008bd00000|  0%| F|  |TAMS 0x000000008bc00000, 0x000000008bc00000| Untracked 
| 189|0x000000008bd00000, 0x000000008bd00000, 0x000000008be00000|  0%| F|  |TAMS 0x000000008bd00000, 0x000000008bd00000| Untracked 
| 190|0x000000008be00000, 0x000000008be00000, 0x000000008bf00000|  0%| F|  |TAMS 0x000000008be00000, 0x000000008be00000| Untracked 
| 191|0x000000008bf00000, 0x000000008bf00000, 0x000000008c000000|  0%| F|  |TAMS 0x000000008bf00000, 0x000000008bf00000| Untracked 
| 192|0x000000008c000000, 0x000000008c000000, 0x000000008c100000|  0%| F|  |TAMS 0x000000008c000000, 0x000000008c000000| Untracked 
| 193|0x000000008c100000, 0x000000008c100000, 0x000000008c200000|  0%| F|  |TAMS 0x000000008c100000, 0x000000008c100000| Untracked 
| 194|0x000000008c200000, 0x000000008c200000, 0x000000008c300000|  0%| F|  |TAMS 0x000000008c200000, 0x000000008c200000| Untracked 
| 195|0x000000008c300000, 0x000000008c300000, 0x000000008c400000|  0%| F|  |TAMS 0x000000008c300000, 0x000000008c300000| Untracked 
| 196|0x000000008c400000, 0x000000008c400000, 0x000000008c500000|  0%| F|  |TAMS 0x000000008c400000, 0x000000008c400000| Untracked 
| 197|0x000000008c500000, 0x000000008c500000, 0x000000008c600000|  0%| F|  |TAMS 0x000000008c500000, 0x000000008c500000| Untracked 
| 198|0x000000008c600000, 0x000000008c600000, 0x000000008c700000|  0%| F|  |TAMS 0x000000008c600000, 0x000000008c600000| Untracked 
| 199|0x000000008c700000, 0x000000008c700000, 0x000000008c800000|  0%| F|  |TAMS 0x000000008c700000, 0x000000008c700000| Untracked 
| 200|0x000000008c800000, 0x000000008c800000, 0x000000008c900000|  0%| F|  |TAMS 0x000000008c800000, 0x000000008c800000| Untracked 
| 201|0x000000008c900000, 0x000000008c900000, 0x000000008ca00000|  0%| F|  |TAMS 0x000000008c900000, 0x000000008c900000| Untracked 
| 202|0x000000008ca00000, 0x000000008ca00000, 0x000000008cb00000|  0%| F|  |TAMS 0x000000008ca00000, 0x000000008ca00000| Untracked 
| 203|0x000000008cb00000, 0x000000008cb00000, 0x000000008cc00000|  0%| F|  |TAMS 0x000000008cb00000, 0x000000008cb00000| Untracked 
| 204|0x000000008cc00000, 0x000000008cc00000, 0x000000008cd00000|  0%| F|  |TAMS 0x000000008cc00000, 0x000000008cc00000| Untracked 
| 205|0x000000008cd00000, 0x000000008cddd508, 0x000000008ce00000| 86%| E|  |TAMS 0x000000008cd00000, 0x000000008cd00000| Complete 
| 206|0x000000008ce00000, 0x000000008cf00000, 0x000000008cf00000|100%| E|  |TAMS 0x000000008ce00000, 0x000000008ce00000| Complete 
| 207|0x000000008cf00000, 0x000000008d000000, 0x000000008d000000|100%| E|CS|TAMS 0x000000008cf00000, 0x000000008cf00000| Complete 
| 208|0x000000008d000000, 0x000000008d100000, 0x000000008d100000|100%| E|CS|TAMS 0x000000008d000000, 0x000000008d000000| Complete 
| 209|0x000000008d100000, 0x000000008d200000, 0x000000008d200000|100%| E|CS|TAMS 0x000000008d100000, 0x000000008d100000| Complete 
| 210|0x000000008d200000, 0x000000008d300000, 0x000000008d300000|100%| E|CS|TAMS 0x000000008d200000, 0x000000008d200000| Complete 
| 211|0x000000008d300000, 0x000000008d400000, 0x000000008d400000|100%| E|CS|TAMS 0x000000008d300000, 0x000000008d300000| Complete 
| 212|0x000000008d400000, 0x000000008d500000, 0x000000008d500000|100%| E|CS|TAMS 0x000000008d400000, 0x000000008d400000| Complete 
| 213|0x000000008d500000, 0x000000008d600000, 0x000000008d600000|100%| E|CS|TAMS 0x000000008d500000, 0x000000008d500000| Complete 
| 214|0x000000008d600000, 0x000000008d700000, 0x000000008d700000|100%| E|CS|TAMS 0x000000008d600000, 0x000000008d600000| Complete 
| 215|0x000000008d700000, 0x000000008d800000, 0x000000008d800000|100%| E|CS|TAMS 0x000000008d700000, 0x000000008d700000| Complete 
| 216|0x000000008d800000, 0x000000008d900000, 0x000000008d900000|100%| E|CS|TAMS 0x000000008d800000, 0x000000008d800000| Complete 
| 217|0x000000008d900000, 0x000000008da00000, 0x000000008da00000|100%| E|CS|TAMS 0x000000008d900000, 0x000000008d900000| Complete 
| 218|0x000000008da00000, 0x000000008db00000, 0x000000008db00000|100%| E|CS|TAMS 0x000000008da00000, 0x000000008da00000| Complete 
| 219|0x000000008db00000, 0x000000008dc00000, 0x000000008dc00000|100%| E|CS|TAMS 0x000000008db00000, 0x000000008db00000| Complete 
| 220|0x000000008dc00000, 0x000000008dd00000, 0x000000008dd00000|100%| E|CS|TAMS 0x000000008dc00000, 0x000000008dc00000| Complete 
| 221|0x000000008dd00000, 0x000000008de00000, 0x000000008de00000|100%| E|CS|TAMS 0x000000008dd00000, 0x000000008dd00000| Complete 

Card table byte_map: [0x00000138b37f0000,0x00000138b3bf0000] _byte_map_base: 0x00000138b33f0000

Marking Bits (Prev, Next): (CMBitMap*) 0x00000138a091a000, (CMBitMap*) 0x00000138a0919fc8
 Prev Bits: [0x00000138b5ff0000, 0x00000138b7ff0000)
 Next Bits: [0x00000138b3ff0000, 0x00000138b5ff0000)

Polling page: 0x00000138a00b0000

Metaspace:

Usage:
  Non-class:     89.14 MB capacity,    87.53 MB ( 98%) used,     1.30 MB (  1%) free+waste,   315.81 KB ( <1%) overhead. 
      Class:     13.82 MB capacity,    12.82 MB ( 93%) used,   887.60 KB (  6%) free+waste,   139.69 KB ( <1%) overhead. 
       Both:    102.96 MB capacity,   100.35 MB ( 97%) used,     2.17 MB (  2%) free+waste,   455.50 KB ( <1%) overhead. 

Virtual space:
  Non-class space:       90.00 MB reserved,      89.30 MB (>99%) committed 
      Class space:        1.00 GB reserved,      13.91 MB (  1%) committed 
             Both:        1.09 GB reserved,     103.21 MB (  9%) committed 

Chunk freelists:
   Non-Class:  37.00 KB
       Class:  0 bytes
        Both:  37.00 KB

MaxMetaspaceSize: 17179869184.00 GB
CompressedClassSpaceSize: 1.00 GB
Initial GC threshold: 20.80 MB
Current GC threshold: 171.60 MB
CDS: off

CodeHeap 'non-profiled nmethods': size=120064Kb used=9517Kb max_used=9517Kb free=110546Kb
 bounds [0x00000138abeb0000, 0x00000138ac800000, 0x00000138b33f0000]
CodeHeap 'profiled nmethods': size=120000Kb used=34778Kb max_used=34778Kb free=85221Kb
 bounds [0x00000138a4980000, 0x00000138a6b80000, 0x00000138abeb0000]
CodeHeap 'non-nmethods': size=5696Kb used=2402Kb max_used=2506Kb free=3293Kb
 bounds [0x00000138a43f0000, 0x00000138a4680000, 0x00000138a4980000]
 total_blobs=15247 nmethods=14315 adapters=843
 compilation: enabled
              stopped_count=0, restarted_count=0
 full_count=0

Compilation events (20 events):
Event: 81.152 Thread 0x00000138ba50d000 14579       2       com.android.tools.r8.ir.regalloc.a::a (230 bytes)
Event: 81.154 Thread 0x00000138ba50d000 nmethod 14579 0x00000138a6b6cc90 code [0x00000138a6b6cee0, 0x00000138a6b6d718]
Event: 81.190 Thread 0x00000138ba50d000 14580       2       com.android.tools.r8.v.a.t.t$$Lambda$1337/0x0000000100d80440::applyAsInt (8 bytes)
Event: 81.191 Thread 0x00000138ba50d000 nmethod 14580 0x00000138a6b6dc10 code [0x00000138a6b6ddc0, 0x00000138a6b6def8]
Event: 81.206 Thread 0x00000138ba50d000 14581       1       com.android.tools.r8.v.b.E::W1 (3 bytes)
Event: 81.206 Thread 0x00000138ba50d000 nmethod 14581 0x00000138ac7fab90 code [0x00000138ac7fad40, 0x00000138ac7fadf8]
Event: 81.330 Thread 0x00000138ba50d000 14582       2       com.android.tools.r8.v.b.p1::x0 (2 bytes)
Event: 81.330 Thread 0x00000138ba50d000 nmethod 14582 0x00000138a6b6e010 code [0x00000138a6b6e1c0, 0x00000138a6b6e2b8]
Event: 81.334 Thread 0x00000138ba50d000 14583       2       com.android.tools.r8.v.b.Z0::a (455 bytes)
Event: 81.337 Thread 0x00000138ba50d000 nmethod 14583 0x00000138a6b6e390 code [0x00000138a6b6e7a0, 0x00000138a6b6f828]
Event: 81.481 Thread 0x00000138ba50d000 14585       1       com.android.tools.r8.v.b.i0::W1 (3 bytes)
Event: 81.481 Thread 0x00000138ba50d000 nmethod 14585 0x00000138ac7fae90 code [0x00000138ac7fb040, 0x00000138ac7fb0f8]
Event: 81.484 Thread 0x00000138ba50d000 14586       1       com.android.tools.r8.v.b.i0::V1 (3 bytes)
Event: 81.484 Thread 0x00000138ba50d000 nmethod 14586 0x00000138ac7fb190 code [0x00000138ac7fb340, 0x00000138ac7fb3f8]
Event: 81.484 Thread 0x00000138ba50d000 14587       1       com.android.tools.r8.v.b.i0::U1 (3 bytes)
Event: 81.484 Thread 0x00000138ba50d000 nmethod 14587 0x00000138ac7fb490 code [0x00000138ac7fb640, 0x00000138ac7fb6f8]
Event: 81.492 Thread 0x00000138ba50d000 14588 %     3       com.android.tools.r8.v.b.Z0::a @ 337 (455 bytes)
Event: 81.497 Thread 0x00000138ba50d000 nmethod 14588% 0x00000138a6b70310 code [0x00000138a6b708a0, 0x00000138a6b741c8]
Event: 81.539 Thread 0x00000138ba50d000 14589       3       com.android.tools.r8.w.a.a.a.h.Z0::f (191 bytes)
Event: 81.541 Thread 0x00000138ba50d000 nmethod 14589 0x00000138a6b75110 code [0x00000138a6b753a0, 0x00000138a6b75f98]

GC Heap History (20 events):
Event: 74.327 GC heap before
{Heap before GC invocations=30 (full 0):
 garbage-first heap   total 227328K, used 189308K [0x0000000080000000, 0x0000000100000000)
  region size 1024K, 77 young (78848K), 6 survivors (6144K)
 Metaspace       used 102425K, capacity 105107K, committed 105428K, reserved 1140736K
  class space    used 13115K, capacity 14144K, committed 14240K, reserved 1048576K
}
Event: 74.351 GC heap after
{Heap after GC invocations=31 (full 0):
 garbage-first heap   total 227328K, used 119436K [0x0000000080000000, 0x0000000100000000)
  region size 1024K, 6 young (6144K), 6 survivors (6144K)
 Metaspace       used 102425K, capacity 105107K, committed 105428K, reserved 1140736K
  class space    used 13115K, capacity 14144K, committed 14240K, reserved 1048576K
}
Event: 74.934 GC heap before
{Heap before GC invocations=31 (full 0):
 garbage-first heap   total 227328K, used 190092K [0x0000000080000000, 0x0000000100000000)
  region size 1024K, 75 young (76800K), 6 survivors (6144K)
 Metaspace       used 102447K, capacity 105176K, committed 105428K, reserved 1140736K
  class space    used 13117K, capacity 14146K, committed 14240K, reserved 1048576K
}
Event: 74.955 GC heap after
{Heap after GC invocations=32 (full 0):
 garbage-first heap   total 227328K, used 118842K [0x0000000080000000, 0x0000000100000000)
  region size 1024K, 5 young (5120K), 5 survivors (5120K)
 Metaspace       used 102447K, capacity 105176K, committed 105428K, reserved 1140736K
  class space    used 13117K, capacity 14146K, committed 14240K, reserved 1048576K
}
Event: 76.182 GC heap before
{Heap before GC invocations=33 (full 0):
 garbage-first heap   total 227328K, used 190522K [0x0000000080000000, 0x0000000100000000)
  region size 1024K, 75 young (76800K), 5 survivors (5120K)
 Metaspace       used 102465K, capacity 105169K, committed 105428K, reserved 1140736K
  class space    used 13116K, capacity 14143K, committed 14240K, reserved 1048576K
}
Event: 76.197 GC heap after
{Heap after GC invocations=34 (full 0):
 garbage-first heap   total 227328K, used 118542K [0x0000000080000000, 0x0000000100000000)
  region size 1024K, 5 young (5120K), 5 survivors (5120K)
 Metaspace       used 102465K, capacity 105169K, committed 105428K, reserved 1140736K
  class space    used 13116K, capacity 14143K, committed 14240K, reserved 1048576K
}
Event: 76.479 GC heap before
{Heap before GC invocations=34 (full 0):
 garbage-first heap   total 227328K, used 192270K [0x0000000080000000, 0x0000000100000000)
  region size 1024K, 77 young (78848K), 5 survivors (5120K)
 Metaspace       used 102479K, capacity 105170K, committed 105428K, reserved 1140736K
  class space    used 13117K, capacity 14143K, committed 14240K, reserved 1048576K
}
Event: 76.503 GC heap after
{Heap after GC invocations=35 (full 0):
 garbage-first heap   total 227328K, used 119977K [0x0000000080000000, 0x0000000100000000)
  region size 1024K, 6 young (6144K), 6 survivors (6144K)
 Metaspace       used 102479K, capacity 105170K, committed 105428K, reserved 1140736K
  class space    used 13117K, capacity 14143K, committed 14240K, reserved 1048576K
}
Event: 77.513 GC heap before
{Heap before GC invocations=36 (full 0):
 garbage-first heap   total 227328K, used 193705K [0x0000000080000000, 0x0000000100000000)
  region size 1024K, 78 young (79872K), 6 survivors (6144K)
 Metaspace       used 102493K, capacity 105173K, committed 105428K, reserved 1140736K
  class space    used 13117K, capacity 14144K, committed 14240K, reserved 1048576K
}
Event: 77.531 GC heap after
{Heap after GC invocations=37 (full 0):
 garbage-first heap   total 227328K, used 121371K [0x0000000080000000, 0x0000000100000000)
  region size 1024K, 7 young (7168K), 7 survivors (7168K)
 Metaspace       used 102493K, capacity 105173K, committed 105428K, reserved 1140736K
  class space    used 13117K, capacity 14144K, committed 14240K, reserved 1048576K
}
Event: 78.085 GC heap before
{Heap before GC invocations=37 (full 0):
 garbage-first heap   total 227328K, used 194075K [0x0000000080000000, 0x0000000100000000)
  region size 1024K, 78 young (79872K), 7 survivors (7168K)
 Metaspace       used 102500K, capacity 105174K, committed 105428K, reserved 1140736K
  class space    used 13117K, capacity 14144K, committed 14240K, reserved 1048576K
}
Event: 78.107 GC heap after
{Heap after GC invocations=38 (full 0):
 garbage-first heap   total 227328K, used 120055K [0x0000000080000000, 0x0000000100000000)
  region size 1024K, 3 young (3072K), 3 survivors (3072K)
 Metaspace       used 102500K, capacity 105174K, committed 105428K, reserved 1140736K
  class space    used 13117K, capacity 14144K, committed 14240K, reserved 1048576K
}
Event: 79.303 GC heap before
{Heap before GC invocations=39 (full 0):
 garbage-first heap   total 227328K, used 195831K [0x0000000080000000, 0x0000000100000000)
  region size 1024K, 77 young (78848K), 3 survivors (3072K)
 Metaspace       used 102509K, capacity 105174K, committed 105428K, reserved 1140736K
  class space    used 13117K, capacity 14144K, committed 14240K, reserved 1048576K
}
Event: 79.313 GC heap after
{Heap after GC invocations=40 (full 0):
 garbage-first heap   total 227328K, used 120068K [0x0000000080000000, 0x0000000100000000)
  region size 1024K, 3 young (3072K), 3 survivors (3072K)
 Metaspace       used 102509K, capacity 105174K, committed 105428K, reserved 1140736K
  class space    used 13117K, capacity 14144K, committed 14240K, reserved 1048576K
}
Event: 79.954 GC heap before
{Heap before GC invocations=40 (full 0):
 garbage-first heap   total 227328K, used 195844K [0x0000000080000000, 0x0000000100000000)
  region size 1024K, 77 young (78848K), 3 survivors (3072K)
 Metaspace       used 102528K, capacity 105238K, committed 105428K, reserved 1140736K
  class space    used 13119K, capacity 14144K, committed 14240K, reserved 1048576K
}
Event: 79.970 GC heap after
{Heap after GC invocations=41 (full 0):
 garbage-first heap   total 227328K, used 120859K [0x0000000080000000, 0x0000000100000000)
  region size 1024K, 4 young (4096K), 4 survivors (4096K)
 Metaspace       used 102528K, capacity 105238K, committed 105428K, reserved 1140736K
  class space    used 13119K, capacity 14144K, committed 14240K, reserved 1048576K
}
Event: 81.057 GC heap before
{Heap before GC invocations=42 (full 0):
 garbage-first heap   total 227328K, used 195611K [0x0000000080000000, 0x0000000100000000)
  region size 1024K, 78 young (79872K), 4 survivors (4096K)
 Metaspace       used 102749K, capacity 105429K, committed 105684K, reserved 1140736K
  class space    used 13123K, capacity 14151K, committed 14240K, reserved 1048576K
}
Event: 81.070 GC heap after
{Heap after GC invocations=43 (full 0):
 garbage-first heap   total 227328K, used 120504K [0x0000000080000000, 0x0000000100000000)
  region size 1024K, 3 young (3072K), 3 survivors (3072K)
 Metaspace       used 102749K, capacity 105429K, committed 105684K, reserved 1140736K
  class space    used 13123K, capacity 14151K, committed 14240K, reserved 1048576K
}
Event: 81.551 GC heap before
{Heap before GC invocations=43 (full 0):
 garbage-first heap   total 227328K, used 197304K [0x0000000080000000, 0x0000000100000000)
  region size 1024K, 78 young (79872K), 3 survivors (3072K)
 Metaspace       used 102754K, capacity 105430K, committed 105684K, reserved 1140736K
  class space    used 13123K, capacity 14151K, committed 14240K, reserved 1048576K
}
Event: 81.566 GC heap after
{Heap after GC invocations=44 (full 0):
 garbage-first heap   total 227328K, used 127721K [0x0000000080000000, 0x0000000100000000)
  region size 1024K, 10 young (10240K), 10 survivors (10240K)
 Metaspace       used 102754K, capacity 105430K, committed 105684K, reserved 1140736K
  class space    used 13123K, capacity 14151K, committed 14240K, reserved 1048576K
}

Deoptimization events (20 events):
Event: 80.148 Thread 0x00000138bd9dc800 Uncommon trap: trap_request=0xffffff4d fr.pc=0x00000138ac79a054 relative=0x0000000000002fd4
Event: 80.148 Thread 0x00000138bd9dc800 Uncommon trap: reason=unstable_if action=reinterpret pc=0x00000138ac79a054 method=com.android.tools.r8.v.b.o0.a(Lcom/android/tools/r8/v/b/o0;Lcom/android/tools/r8/ir/regalloc/e;)Z @ 321 c2
Event: 80.148 Thread 0x00000138bd9dc800 DEOPT PACKING pc=0x00000138ac79a054 sp=0x00000016878f92e0
Event: 80.148 Thread 0x00000138bd9dc800 DEOPT UNPACKING pc=0x00000138a443a1af sp=0x00000016878f92f0 mode 2
Event: 80.242 Thread 0x00000138c05b1800 DEOPT PACKING pc=0x00000138a6a7f520 sp=0x00000016866f94b0
Event: 80.242 Thread 0x00000138c05b1800 DEOPT UNPACKING pc=0x00000138a443a95e sp=0x00000016866f8a90 mode 0
Event: 80.431 Thread 0x00000138c035a000 DEOPT PACKING pc=0x00000138a6967480 sp=0x0000001685afa890
Event: 80.431 Thread 0x00000138c035a000 DEOPT UNPACKING pc=0x00000138a443a95e sp=0x0000001685af9d80 mode 0
Event: 80.574 Thread 0x00000138bd9dc800 DEOPT PACKING pc=0x00000138a64a2ea3 sp=0x00000016878f9340
Event: 80.574 Thread 0x00000138bd9dc800 DEOPT UNPACKING pc=0x00000138a443a95e sp=0x00000016878f8af0 mode 0
Event: 80.788 Thread 0x00000138c035a000 DEOPT PACKING pc=0x00000138a6990d0b sp=0x0000001685afa990
Event: 80.788 Thread 0x00000138c035a000 DEOPT UNPACKING pc=0x00000138a443a95e sp=0x0000001685af9e68 mode 0
Event: 81.274 Thread 0x00000138bd695000 Uncommon trap: trap_request=0xffffff4d fr.pc=0x00000138ac77e8b4 relative=0x00000000000062d4
Event: 81.274 Thread 0x00000138bd695000 Uncommon trap: reason=unstable_if action=reinterpret pc=0x00000138ac77e8b4 method=com.android.tools.r8.v.b.x1.a(Lcom/android/tools/r8/v/a/t/u;)Lcom/android/tools/r8/v/b/x1; @ 32 c2
Event: 81.274 Thread 0x00000138bd695000 DEOPT PACKING pc=0x00000138ac77e8b4 sp=0x00000016842f2330
Event: 81.274 Thread 0x00000138bd695000 DEOPT UNPACKING pc=0x00000138a443a1af sp=0x00000016842f2300 mode 2
Event: 81.340 Thread 0x00000138bd9dc800 DEOPT PACKING pc=0x00000138a64a2ea3 sp=0x00000016878f9340
Event: 81.340 Thread 0x00000138bd9dc800 DEOPT UNPACKING pc=0x00000138a443a95e sp=0x00000016878f8af0 mode 0
Event: 81.541 Thread 0x00000138bd9dc800 DEOPT PACKING pc=0x00000138a688dc69 sp=0x00000016878f92a0
Event: 81.541 Thread 0x00000138bd9dc800 DEOPT UNPACKING pc=0x00000138a443a95e sp=0x00000016878f8808 mode 0

Classes redefined (0 events):
No events

Internal exceptions (20 events):
Event: 61.422 Thread 0x00000138bd695000 Exception <a 'java/lang/NoSuchMethodError'{0x000000008b5bb3f0}: 'java.lang.Object java.lang.invoke.DirectMethodHandle$Holder.invokeStatic(java.lang.Object, long)'> (0x000000008b5bb3f0) thrown at [./src/hotspot/share/interpreter/linkResolver.cpp, line 773]
Event: 61.902 Thread 0x00000138c035a000 Exception <a 'java/lang/IncompatibleClassChangeError'{0x000000008a5816b0}: Found class java.lang.Object, but interface was expected> (0x000000008a5816b0) thrown at [./src/hotspot/share/interpreter/linkResolver.cpp, line 839]
Event: 63.823 Thread 0x00000138bd695000 Exception <a 'java/lang/NoSuchMethodError'{0x000000008b7fdc90}: 'java.lang.Object java.lang.invoke.DirectMethodHandle$Holder.invokeStatic(java.lang.Object, int, java.lang.Object, java.lang.Object)'> (0x000000008b7fdc90) thrown at [./src/hotspot/share/interpreter/linkResolver.cpp, line 773]
Event: 63.888 Thread 0x00000138c035a000 Exception <a 'java/lang/NoSuchMethodError'{0x000000008b344258}: 'long java.lang.invoke.DirectMethodHandle$Holder.invokeStatic(java.lang.Object, java.lang.Object)'> (0x000000008b344258) thrown at [./src/hotspot/share/interpreter/linkResolver.cpp, line 773]
Event: 63.932 Thread 0x00000138bd695000 Exception <a 'java/lang/NoSuchMethodError'{0x000000008af90ed8}: 'long java.lang.invoke.DirectMethodHandle$Holder.invokeStatic(java.lang.Object, java.lang.Object)'> (0x000000008af90ed8) thrown at [./src/hotspot/share/interpreter/linkResolver.cpp, line 773]
Event: 63.971 Thread 0x00000138c035a000 Exception <a 'java/lang/NoSuchMethodError'{0x000000008a6c1ca8}: 'void java.lang.invoke.DirectMethodHandle$Holder.invokeSpecial(java.lang.Object, java.lang.Object, int, java.lang.Object)'> (0x000000008a6c1ca8) thrown at [./src/hotspot/share/interpreter/linkResolver.cpp, line 773]
Event: 64.680 Thread 0x00000138c035a000 Exception <a 'java/lang/NoSuchMethodError'{0x00000000895e6b08}: 'java.lang.Object java.lang.invoke.DirectMethodHandle$Holder.invokeVirtual(java.lang.Object, java.lang.Object, int, java.lang.Object)'> (0x00000000895e6b08) thrown at [./src/hotspot/share/interpreter/linkResolver.cpp, line 773]
Event: 64.927 Thread 0x00000138c035a000 Exception <a 'java/lang/NoSuchMethodError'{0x000000008d9cf2e8}: 'void java.lang.invoke.DirectMethodHandle$Holder.invokeVirtual(java.lang.Object, java.lang.Object, int, java.lang.Object)'> (0x000000008d9cf2e8) thrown at [./src/hotspot/share/interpreter/linkResolver.cpp, line 773]
Event: 65.251 Thread 0x00000138bd695000 Exception <a 'java/lang/NoSuchMethodError'{0x000000008d1db4e0}: 'java.lang.Object java.lang.invoke.DirectMethodHandle$Holder.newInvokeSpecial(java.lang.Object, int)'> (0x000000008d1db4e0) thrown at [./src/hotspot/share/interpreter/linkResolver.cpp, line 773]
Event: 65.254 Thread 0x00000138c035a000 Exception <a 'java/lang/NoSuchMethodError'{0x000000008cf2e250}: 'java.lang.Object java.lang.invoke.DirectMethodHandle$Holder.newInvokeSpecial(java.lang.Object, int)'> (0x000000008cf2e250) thrown at [./src/hotspot/share/interpreter/linkResolver.cpp, line 773]
Event: 70.185 Thread 0x00000138bd9dc800 Implicit null exception at 0x00000138ac6a570d to 0x00000138ac6a5808
Event: 70.617 Thread 0x00000138c035a000 Exception <a 'java/lang/NoSuchMethodError'{0x000000008cd5e300}: 'void java.lang.invoke.DirectMethodHandle$Holder.invokeStatic(java.lang.Object, int, java.lang.Object)'> (0x000000008cd5e300) thrown at [./src/hotspot/share/interpreter/linkResolver.cpp, line 773]
Event: 71.237 Thread 0x00000138c035a000 Exception <a 'java/lang/NoSuchMethodError'{0x000000008b84a6d8}: 'void java.lang.invoke.DirectMethodHandle$Holder.invokeStatic(java.lang.Object, java.lang.Object, java.lang.Object, java.lang.Object, java.lang.Object, java.lang.Object, java.lang.Object, java.lang.Object, java.lang.Object, java.lang.Object, java.lang.Object)'> (0x000000008b84a6d8) thrown at [./src/hotspot/share/interpreter/linkResolver.cpp, line 773]
Event: 71.239 Thread 0x00000138c035a000 Exception <a 'java/lang/NoSuchMethodError'{0x000000008b8555a8}: 'java.lang.Object java.lang.invoke.DirectMethodHandle$Holder.invokeSpecial(java.lang.Object, java.lang.Object, java.lang.Object, java.lang.Object, java.lang.Object, java.lang.Object, java.lang.Object, java.lang.Object, java.lang.Object, java.lang.Object)'> (0x000000008b8555a8) thrown at [./src/hotspot/share/interpreter/linkResolver.cpp, line 773]
Event: 71.240 Thread 0x00000138c035a000 Exception <a 'java/lang/NoSuchMethodError'{0x000000008b859be8}: 'java.lang.Object java.lang.invoke.Invokers$Holder.linkToTargetMethod(java.lang.Object, java.lang.Object, java.lang.Object, java.lang.Object, java.lang.Object, java.lang.Object, java.lang.Object, java.lang.Object, java.lang.Object)'> (0x000000008b859be8) thrown at [./src/hotspot/share/interpreter/linkResolver.cpp, line 773]
Event: 72.086 Thread 0x00000138c035a000 Exception <a 'java/lang/NoSuchMethodError'{0x000000008c25e430}: 'void java.lang.invoke.DirectMethodHandle$Holder.invokeVirtual(java.lang.Object, java.lang.Object, int)'> (0x000000008c25e430) thrown at [./src/hotspot/share/interpreter/linkResolver.cpp, line 773]
Event: 72.193 Thread 0x00000138c035a000 Exception <a 'sun/nio/fs/WindowsException'{0x000000008bb7b488}> (0x000000008bb7b488) thrown at [./src/hotspot/share/prims/jni.cpp, line 616]
Event: 73.079 Thread 0x00000138c035a000 Exception <a 'sun/nio/fs/WindowsException'{0x000000008c73c5e8}> (0x000000008c73c5e8) thrown at [./src/hotspot/share/prims/jni.cpp, line 616]
Event: 74.533 Thread 0x00000138c035a000 Exception <a 'java/lang/NoSuchMethodError'{0x000000008c612860}: 'int java.lang.invoke.DirectMethodHandle$Holder.invokeInterface(java.lang.Object, java.lang.Object, int)'> (0x000000008c612860) thrown at [./src/hotspot/share/interpreter/linkResolver.cpp, line 773]
Event: 80.886 Thread 0x00000138c035a000 Exception <a 'sun/nio/fs/WindowsException'{0x000000008a811d48}> (0x000000008a811d48) thrown at [./src/hotspot/share/prims/jni.cpp, line 616]

Events (20 events):
Event: 80.454 loading class com/android/tools/r8/graph/S$j done
Event: 80.454 loading class com/android/tools/r8/graph/S$j
Event: 80.454 loading class com/android/tools/r8/graph/S$j done
Event: 80.521 Executing VM operation: CGC_Operation
Event: 80.555 Executing VM operation: CGC_Operation done
Event: 80.614 loading class com/android/tools/r8/graph/r0
Event: 80.614 loading class com/android/tools/r8/graph/r0 done
Event: 80.614 loading class com/android/tools/r8/graph/r0
Event: 80.614 loading class com/android/tools/r8/graph/r0 done
Event: 80.614 loading class com/android/tools/r8/graph/S$j
Event: 80.614 loading class com/android/tools/r8/graph/S$j done
Event: 80.836 Executing VM operation: CGC_Operation
Event: 80.839 Executing VM operation: CGC_Operation done
Event: 80.890 Loaded shared library D:\apps\Android Studio\jre\bin\zip.dll
Event: 81.057 Executing VM operation: G1CollectForAllocation
Event: 81.070 Executing VM operation: G1CollectForAllocation done
Event: 81.546 Executing VM operation: G1CollectForAllocation
Event: 81.546 Executing VM operation: G1CollectForAllocation done
Event: 81.549 Executing VM operation: G1CollectForAllocation
Event: 81.566 Executing VM operation: G1CollectForAllocation done


Dynamic libraries:
0x00007ff76ad80000 - 0x00007ff76ad8a000 	D:\apps\Android Studio\jre\bin\java.exe
0x00007ff8aa970000 - 0x00007ff8aab84000 	C:\WINDOWS\SYSTEM32\ntdll.dll
0x00007ff8aa390000 - 0x00007ff8aa453000 	C:\WINDOWS\System32\KERNEL32.DLL
0x00007ff8a7d80000 - 0x00007ff8a811c000 	C:\WINDOWS\System32\KERNELBASE.dll
0x00007ff8a84f0000 - 0x00007ff8a8601000 	C:\WINDOWS\System32\ucrtbase.dll
0x00007ff892040000 - 0x00007ff892059000 	D:\apps\Android Studio\jre\bin\jli.dll
0x00007ff892020000 - 0x00007ff892037000 	D:\apps\Android Studio\jre\bin\VCRUNTIME140.dll
0x00007ff8a87b0000 - 0x00007ff8a895d000 	C:\WINDOWS\System32\USER32.dll
0x00007ff8a8240000 - 0x00007ff8a8266000 	C:\WINDOWS\System32\win32u.dll
0x00007ff891060000 - 0x00007ff8912ee000 	C:\WINDOWS\WinSxS\amd64_microsoft.windows.common-controls_6595b64144ccf1df_6.0.22621.608_none_a9444ca7c10bb01d\COMCTL32.dll
0x00007ff8a9fe0000 - 0x00007ff8aa087000 	C:\WINDOWS\System32\msvcrt.dll
0x00007ff8aa560000 - 0x00007ff8aa589000 	C:\WINDOWS\System32\GDI32.dll
0x00007ff8a8120000 - 0x00007ff8a8232000 	C:\WINDOWS\System32\gdi32full.dll
0x00007ff8a82e0000 - 0x00007ff8a837a000 	C:\WINDOWS\System32\msvcp_win.dll
0x00007ff8a96f0000 - 0x00007ff8a9722000 	C:\WINDOWS\System32\IMM32.DLL
0x00007ff87abe0000 - 0x00007ff87ac7d000 	D:\apps\Android Studio\jre\bin\msvcp140.dll
0x00007ff879190000 - 0x00007ff879c92000 	D:\apps\Android Studio\jre\bin\server\jvm.dll
0x00007ff8a9730000 - 0x00007ff8a97de000 	C:\WINDOWS\System32\ADVAPI32.dll
0x00007ff8a9a30000 - 0x00007ff8a9ad4000 	C:\WINDOWS\System32\sechost.dll
0x00007ff8a97e0000 - 0x00007ff8a98f5000 	C:\WINDOWS\System32\RPCRT4.dll
0x00007ff8a8e80000 - 0x00007ff8a8e88000 	C:\WINDOWS\System32\PSAPI.DLL
0x00007ff89bc50000 - 0x00007ff89bc84000 	C:\WINDOWS\SYSTEM32\WINMM.dll
0x00007ff898950000 - 0x00007ff89895a000 	C:\WINDOWS\SYSTEM32\VERSION.dll
0x00007ff88f720000 - 0x00007ff88f729000 	C:\WINDOWS\SYSTEM32\WSOCK32.dll
0x00007ff8aa880000 - 0x00007ff8aa8f1000 	C:\WINDOWS\System32\WS2_32.dll
0x00007ff8a6ec0000 - 0x00007ff8a6ed8000 	C:\WINDOWS\SYSTEM32\kernel.appcore.dll
0x00007ff8a1690000 - 0x00007ff8a16a1000 	D:\apps\Android Studio\jre\bin\verify.dll
0x00007ff87ae60000 - 0x00007ff87b08e000 	C:\WINDOWS\SYSTEM32\DBGHELP.DLL
0x00007ff8a8af0000 - 0x00007ff8a8e7a000 	C:\WINDOWS\System32\combase.dll
0x00007ff8a9900000 - 0x00007ff8a99d7000 	C:\WINDOWS\System32\OLEAUT32.dll
0x00007ff88aa20000 - 0x00007ff88aa52000 	C:\WINDOWS\SYSTEM32\dbgcore.DLL
0x00007ff8a8610000 - 0x00007ff8a868b000 	C:\WINDOWS\System32\bcryptPrimitives.dll
0x00007ff89cae0000 - 0x00007ff89cb09000 	D:\apps\Android Studio\jre\bin\java.dll
0x00007ff8a37f0000 - 0x00007ff8a37fb000 	D:\apps\Android Studio\jre\bin\jimage.dll
0x00007ff89c760000 - 0x00007ff89c778000 	D:\apps\Android Studio\jre\bin\zip.dll
0x00007ff8a8f00000 - 0x00007ff8a96ef000 	C:\WINDOWS\System32\SHELL32.dll
0x00007ff8a5db0000 - 0x00007ff8a6678000 	C:\WINDOWS\SYSTEM32\windows.storage.dll
0x00007ff8a5c70000 - 0x00007ff8a5dae000 	C:\WINDOWS\SYSTEM32\wintypes.dll
0x00007ff8aa460000 - 0x00007ff8aa551000 	C:\WINDOWS\System32\SHCORE.dll
0x00007ff8a8e90000 - 0x00007ff8a8eee000 	C:\WINDOWS\System32\shlwapi.dll
0x00007ff8a7cb0000 - 0x00007ff8a7cd1000 	C:\WINDOWS\SYSTEM32\profapi.dll
0x00007ff89c620000 - 0x00007ff89c63a000 	D:\apps\Android Studio\jre\bin\net.dll
0x00007ff89beb0000 - 0x00007ff89bfdf000 	C:\WINDOWS\SYSTEM32\WINHTTP.dll
0x00007ff8a7330000 - 0x00007ff8a7399000 	C:\WINDOWS\system32\mswsock.dll
0x00007ff89c600000 - 0x00007ff89c614000 	D:\apps\Android Studio\jre\bin\nio.dll
0x00007ff891ff0000 - 0x00007ff892017000 	D:\eigenfaces\FinalVersion\.gradle\native\e1d6ef7f7dcc3fd88c89a11ec53ec762bb8ba0a96d01ffa2cd45eb1d1d8dd5c5\windows-amd64\native-platform.dll
0x00007ff87c4e0000 - 0x00007ff87c624000 	D:\eigenfaces\FinalVersion\.gradle\native\5664cfc778a61ccfe75a443a1ab52a65af34e5dc3c78e0209fed803814484fcb\windows-amd64\native-platform-file-events.dll
0x00007ff8a35b0000 - 0x00007ff8a35ba000 	D:\apps\Android Studio\jre\bin\management.dll
0x00007ff8a32c0000 - 0x00007ff8a32cd000 	D:\apps\Android Studio\jre\bin\management_ext.dll
0x00007ff8a7590000 - 0x00007ff8a75ab000 	C:\WINDOWS\SYSTEM32\CRYPTSP.dll
0x00007ff8a6e30000 - 0x00007ff8a6e65000 	C:\WINDOWS\system32\rsaenh.dll
0x00007ff8a7420000 - 0x00007ff8a7448000 	C:\WINDOWS\SYSTEM32\USERENV.dll
0x00007ff8a7720000 - 0x00007ff8a7748000 	C:\WINDOWS\SYSTEM32\bcrypt.dll
0x00007ff8a7580000 - 0x00007ff8a758c000 	C:\WINDOWS\SYSTEM32\CRYPTBASE.dll
0x00007ff8a6940000 - 0x00007ff8a696d000 	C:\WINDOWS\SYSTEM32\IPHLPAPI.DLL
0x00007ff8aa090000 - 0x00007ff8aa099000 	C:\WINDOWS\System32\NSI.dll
0x00007ff89bc30000 - 0x00007ff89bc49000 	C:\WINDOWS\SYSTEM32\dhcpcsvc6.DLL
0x00007ff89bc10000 - 0x00007ff89bc2f000 	C:\WINDOWS\SYSTEM32\dhcpcsvc.DLL
0x00007ff8a69b0000 - 0x00007ff8a6aa3000 	C:\WINDOWS\SYSTEM32\DNSAPI.dll
0x00007ff89b180000 - 0x00007ff89b1a7000 	D:\apps\Android Studio\jre\bin\sunec.dll
0x00007ff891f90000 - 0x00007ff891f9a000 	C:\Windows\System32\rasadhlp.dll
0x00007ff89b4d0000 - 0x00007ff89b553000 	C:\WINDOWS\System32\fwpuclnt.dll

dbghelp: loaded successfully - version: 4.0.5 - missing functions: none
symbol engine: initialized successfully - sym options: 0x614 - pdb path: .;D:\apps\Android Studio\jre\bin;C:\WINDOWS\SYSTEM32;C:\WINDOWS\WinSxS\amd64_microsoft.windows.common-controls_6595b64144ccf1df_6.0.22621.608_none_a9444ca7c10bb01d;D:\apps\Android Studio\jre\bin\server;D:\eigenfaces\FinalVersion\.gradle\native\e1d6ef7f7dcc3fd88c89a11ec53ec762bb8ba0a96d01ffa2cd45eb1d1d8dd5c5\windows-amd64;D:\eigenfaces\FinalVersion\.gradle\native\5664cfc778a61ccfe75a443a1ab52a65af34e5dc3c78e0209fed803814484fcb\windows-amd64

VM Arguments:
jvm_args: --add-opens=java.base/java.util=ALL-UNNAMED --add-opens=java.base/java.lang=ALL-UNNAMED --add-opens=java.base/java.lang.invoke=ALL-UNNAMED --add-opens=java.base/java.util=ALL-UNNAMED --add-opens=java.prefs/java.util.prefs=ALL-UNNAMED --add-opens=java.prefs/java.util.prefs=ALL-UNNAMED --add-opens=java.base/java.nio.charset=ALL-UNNAMED --add-opens=java.base/java.net=ALL-UNNAMED --add-opens=java.base/java.util.concurrent.atomic=ALL-UNNAMED -Xmx2048m -Dfile.encoding=UTF-8 -Duser.country=US -Duser.language=en -Duser.variant 
java_command: org.gradle.launcher.daemon.bootstrap.GradleDaemon 7.2
java_class_path (initial): D:\eigenfaces\FinalVersion\.gradle\wrapper\dists\gradle-7.2-bin\2dnblmf4td7x66yl1d74lt32g\gradle-7.2\lib\gradle-launcher-7.2.jar
Launcher Type: SUN_STANDARD

[Global flags]
     intx CICompilerCount                          = 3                                         {product} {ergonomic}
     uint ConcGCThreads                            = 1                                         {product} {ergonomic}
     uint G1ConcRefinementThreads                  = 4                                         {product} {ergonomic}
   size_t G1HeapRegionSize                         = 1048576                                   {product} {ergonomic}
    uintx GCDrainStackTargetSize                   = 64                                        {product} {ergonomic}
   size_t InitialHeapSize                          = 134217728                                 {product} {ergonomic}
   size_t MarkStackSize                            = 4194304                                   {product} {ergonomic}
   size_t MaxHeapSize                              = 2147483648                                {product} {command line}
   size_t MaxNewSize                               = 1287651328                                {product} {ergonomic}
   size_t MinHeapDeltaBytes                        = 1048576                                   {product} {ergonomic}
    uintx NonNMethodCodeHeapSize                   = 5830732                                {pd product} {ergonomic}
    uintx NonProfiledCodeHeapSize                  = 122913754                              {pd product} {ergonomic}
    uintx ProfiledCodeHeapSize                     = 122913754                              {pd product} {ergonomic}
    uintx ReservedCodeCacheSize                    = 251658240                              {pd product} {ergonomic}
     bool SegmentedCodeCache                       = true                                      {product} {ergonomic}
     bool UseCompressedClassPointers               = true                                 {lp64_product} {ergonomic}
     bool UseCompressedOops                        = true                                 {lp64_product} {ergonomic}
     bool UseG1GC                                  = true                                      {product} {ergonomic}
     bool UseLargePagesIndividualAllocation        = false                                  {pd product} {ergonomic}

Logging:
Log output configuration:
 #0: stdout all=warning uptime,level,tags
 #1: stderr all=off uptime,level,tags

Environment Variables:
JAVA_HOME=C:\Program Files\Java\jdk-19
PATH=C:\WINDOWS\system32;C:\WINDOWS;C:\WINDOWS\System32\Wbem;C:\WINDOWS\System32\WindowsPowerShell\v1.0\;C:\WINDOWS\System32\OpenSSH\;C:\Program Files (x86)\dotnet\;C:\Program Files\Git\cmd;C:\Program Files\Java\jre7\bin;C:\Program Files\Java\jdk-19\bin;C:\Program Files\gradle-7.5.1\bin;C:\Program Files\dotnet\;C:\Users\Kimani Muchemi\AppData\Local\Microsoft\WindowsApps;C:\src\flutter\bin;C:\Program Files\Azure Data Studio\bin;C:\Program Files\Azure Data Studio\bin;D:\apps\Microsoft VS Code\bin
USERNAME=Kimani Muchemi
OS=Windows_NT
PROCESSOR_IDENTIFIER=Intel64 Family 6 Model 61 Stepping 4, GenuineIntel



---------------  S Y S T E M  ---------------

OS: Windows 11 , 64 bit Build 22621 (10.0.22621.1192)
OS uptime: 1 days 5:13 hours

CPU:total 4 (initial active 4) (2 cores per cpu, 2 threads per core) family 6 model 61 stepping 4 microcode 0x2f, cmov, cx8, fxsr, mmx, sse, sse2, sse3, ssse3, sse4.1, sse4.2, popcnt, avx, avx2, aes, clmul, erms, rtm, 3dnowpref, lzcnt, ht, tsc, tscinvbit, bmi1, bmi2, adx, fma

Memory: 4k page, system-wide physical 8066M (763M free)
TotalPageFile size 9666M (AvailPageFile size 7M)
current process WorkingSet (physical memory assigned to process): 553M, peak: 573M
current process commit charge ("private bytes"): 615M, peak: 619M

vm_info: OpenJDK 64-Bit Server VM (11.0.13+0-b1751.21-8125866) for windows-amd64 JRE (11.0.13+0-b1751.21-8125866), built on Feb  2 2022 03:00:22 by "builder" with MS VC++ 14.0 (VS2015)

END.
